Checking for GCC availability...
GCC found: x86_64-w64-mingw32-g++
Setting up Build directory: /workspaces/Engine/Build
Clearing existing Build directory contents...
Searching for .c files in './engine'...
Compiling /workspaces/Engine/engine/Functions.c to /workspaces/Engine/Build/Functions.o...
Command: x86_64-w64-mingw32-g++ -c /workspaces/Engine/engine/Functions.c -I /workspaces/Engine/Libraries/include -I /workspaces/Engine/engine -I /workspaces/Engine/engine/graphics -I /workspaces/Engine/engine/graphics/window -O1 -Wextra -std=c99 -Wall -pedantic -Wl,--verbose -o /workspaces/Engine/Build/Functions.o
cc1plus: warning: command-line option ‘-std=c99’ is valid for C/ObjC but not for C++
In file included from /workspaces/Engine/engine/Public.h:9,
                 from /workspaces/Engine/engine/Functions.c:1:
/workspaces/Engine/Libraries/include/glad/glad.h:27:2: error: #error OpenGL header already included, remove this include, glad already provides it
   27 | #error OpenGL header already included, remove this include, glad already provides it
      |  ^~~~~
In file included from /workspaces/Engine/engine/Public.h:10:
/workspaces/Engine/engine/graphics/drawingprotocol.h:82:1: warning: multi-line comment [-Wcomment]
   82 | // #define BUFFEROBJECT_HANDLE(BO, VERTICES, len, INDEX_ORDER, ilen, DRAW_FORMAT)   \
      | ^
/workspaces/Engine/engine/graphics/drawingprotocol.h:276:31: warning: integer constant is too large for its type
  276 |     0x17a615d41U, 0xba24308U, 0x3c498b715c77a344dU, 0x3105a2e583U,
      |                               ^~~~~~~~~~~~~~~~~~~~
/workspaces/Engine/engine/graphics/drawingprotocol.h:284:5: warning: integer constant is too large for its type
  284 |     0x3c498327d63654478U, //SamplerCube
      |     ^~~~~~~~~~~~~~~~~~~~
/workspaces/Engine/engine/graphics/drawingprotocol.h:285:5: warning: integer constant is too large for its type
  285 |     0x47781b0f5de1e434f0d364U, 0x47781b0f5de1e435a29795U,
      |     ^~~~~~~~~~~~~~~~~~~~~~~~~
/workspaces/Engine/engine/graphics/drawingprotocol.h:285:32: warning: integer constant is too large for its type
  285 |     0x47781b0f5de1e434f0d364U, 0x47781b0f5de1e435a29795U,
      |                                ^~~~~~~~~~~~~~~~~~~~~~~~~
/workspaces/Engine/engine/graphics/drawingprotocol.h:286:5: warning: integer constant is too large for its type
  286 |     0x163479a4714d88e0e6433eU, 0x2c98144203a96c279e53412b264U,
      |     ^~~~~~~~~~~~~~~~~~~~~~~~~
/workspaces/Engine/engine/graphics/drawingprotocol.h:286:32: warning: integer constant is too large for its type
  286 |     0x163479a4714d88e0e6433eU, 0x2c98144203a96c279e53412b264U,
      |                                ^~~~~~~~~~~~~~~~~~~~~~~~~~~~~~
/workspaces/Engine/engine/graphics/drawingprotocol.h:287:5: warning: integer constant is too large for its type
  287 |     0x122485303c7395017U, 0x122485303c7395038U,
      |     ^~~~~~~~~~~~~~~~~~~~
/workspaces/Engine/engine/graphics/drawingprotocol.h:287:27: warning: integer constant is too large for its type
  287 |     0x122485303c7395017U, 0x122485303c7395038U,
      |                           ^~~~~~~~~~~~~~~~~~~~
/workspaces/Engine/engine/graphics/drawingprotocol.h:288:5: warning: integer constant is too large for its type
  288 |     0x1224905d4f23b7b63U, 0x1224905d4f23b7b84U};
      |     ^~~~~~~~~~~~~~~~~~~~
/workspaces/Engine/engine/graphics/drawingprotocol.h:288:27: warning: integer constant is too large for its type
  288 |     0x1224905d4f23b7b63U, 0x1224905d4f23b7b84U};
      |                           ^~~~~~~~~~~~~~~~~~~~
In file included from /workspaces/Engine/engine/graphics/drawingprotocol.h:4:
/workspaces/Engine/engine/graphics/window/window.h:24:16: error: typedef ‘poll_do’ is initialized (use ‘decltype’ instead)
   24 | typedef void (*poll_do)(win_t *, const size_t);
      |                ^~~~~~~
/workspaces/Engine/engine/graphics/window/window.h:10:15: error: ‘window’ was not declared in this scope
   10 | #define win_t window
      |               ^~~~~~
/workspaces/Engine/engine/graphics/window/window.h:24:25: note: in expansion of macro ‘win_t’
   24 | typedef void (*poll_do)(win_t *, const size_t);
      |                         ^~~~~
/workspaces/Engine/engine/graphics/window/window.h:24:32: error: expected primary-expression before ‘,’ token
   24 | typedef void (*poll_do)(win_t *, const size_t);
      |                                ^
/workspaces/Engine/engine/graphics/window/window.h:24:34: error: expected primary-expression before ‘const’
   24 | typedef void (*poll_do)(win_t *, const size_t);
      |                                  ^~~~~
/workspaces/Engine/engine/graphics/window/window.h:27:16: error: typedef ‘poll_kill’ is initialized (use ‘decltype’ instead)
   27 | typedef void (*poll_kill)(win_t *);
      |                ^~~~~~~~~
/workspaces/Engine/engine/graphics/window/window.h:10:15: error: ‘window’ was not declared in this scope
   10 | #define win_t window
      |               ^~~~~~
/workspaces/Engine/engine/graphics/window/window.h:27:27: note: in expansion of macro ‘win_t’
   27 | typedef void (*poll_kill)(win_t *);
      |                           ^~~~~
/workspaces/Engine/engine/graphics/window/window.h:27:34: error: expected primary-expression before ‘)’ token
   27 | typedef void (*poll_kill)(win_t *);
      |                                  ^
/workspaces/Engine/engine/graphics/window/window.h:32:5: error: ‘poll_do’ does not name a type
   32 |     poll_do polld;
      |     ^~~~~~~
/workspaces/Engine/engine/graphics/window/window.h:33:5: error: ‘poll_kill’ does not name a type
   33 |     poll_kill pollk;
      |     ^~~~~~~~~
/workspaces/Engine/engine/graphics/window/window.h:34:5: error: ‘shaderblock_t’ does not name a type
   34 |     shaderblock_t *shaders;
      |     ^~~~~~~~~~~~~
/workspaces/Engine/engine/graphics/window/window.h:34:5: note: the macro ‘shaderblock_t’ had not yet been defined
/workspaces/Engine/engine/graphics/drawingprotocol.h:14: note: it was later defined here
   14 | #define shaderblock_t ComputeShaderBlock
      | 
/workspaces/Engine/engine/graphics/window/window.h:38:5: error: ‘bufferobj_t’ does not name a type
   38 |     bufferobj_t *buffers;
      |     ^~~~~~~~~~~
/workspaces/Engine/engine/graphics/window/window.h:38:5: note: the macro ‘bufferobj_t’ had not yet been defined
/workspaces/Engine/engine/graphics/drawingprotocol.h:13: note: it was later defined here
   13 | #define bufferobj_t buffer_object
      | 
/workspaces/Engine/engine/graphics/window/window.h:39:5: error: ‘image_t’ does not name a type
   39 |     image_t *textures;
      |     ^~~~~~~
/workspaces/Engine/engine/graphics/window/window.h:39:5: note: the macro ‘image_t’ had not yet been defined
/workspaces/Engine/engine/graphics/drawingprotocol.h:15: note: it was later defined here
   15 | #define image_t texture_image
      | 
/workspaces/Engine/engine/graphics/window/window.h:52:29: error: ‘poll_do’ has not been declared
   52 | win_t *win_init(char *name, poll_do *polld, poll_kill *poolk, uint32_t w, uint32_t h);
      |                             ^~~~~~~
/workspaces/Engine/engine/graphics/window/window.h:52:45: error: ‘poll_kill’ has not been declared
   52 | win_t *win_init(char *name, poll_do *polld, poll_kill *poolk, uint32_t w, uint32_t h);
      |                                             ^~~~~~~~~
/workspaces/Engine/engine/graphics/drawingprotocol.h:12:16: error: ‘arrkey’ does not name a type; did you mean ‘arrk_t’?
   12 | #define arrk_t arrkey
      |                ^~~~~~
/workspaces/Engine/engine/graphics/drawingprotocol.h:142:5: note: in expansion of macro ‘arrk_t’
  142 |     arrk_t *uniforms;
      |     ^~~~~~
/workspaces/Engine/engine/graphics/drawingprotocol.h:246:26: error: initializer-string for ‘const char [10]’ is too long [-fpermissive]
  246 | const char vs_start[10]= "#define vs",
      |                          ^~~~~~~~~~~~
/workspaces/Engine/engine/graphics/drawingprotocol.h:247:23: error: initializer-string for ‘const char [10]’ is too long [-fpermissive]
  247 |         fs_start[10]= "#define fs",
      |                       ^~~~~~~~~~~~
/workspaces/Engine/engine/graphics/drawingprotocol.h:248:23: error: initializer-string for ‘const char [10]’ is too long [-fpermissive]
  248 |         gs_start[10]= "#define gs",
      |                       ^~~~~~~~~~~~
/workspaces/Engine/engine/graphics/drawingprotocol.h:252:25: error: initializer-string for ‘const char [10]’ is too long [-fpermissive]
  252 |         shader_end[10]= "#shaderend";
      |                         ^~~~~~~~~~~~
/workspaces/Engine/engine/Public.h:46:1: warning: type qualifiers ignored on function return type [-Wignored-qualifiers]
   46 | const size_t str_hash_(const char *str);
      | ^~~~~
/workspaces/Engine/engine/Functions.c: In function ‘char* str_normalise(char*, bool, bool)’:
/workspaces/Engine/engine/Functions.c:10:27: error: invalid conversion from ‘void*’ to ‘char*’ [-fpermissive]
   10 |         char *out = malloc(sizeof(char)* strlen(str));
      |                     ~~~~~~^~~~~~~~~~~~~~~~~~~~~~~~~~~
      |                           |
      |                           void*
/workspaces/Engine/engine/Functions.c:16:30: warning: comparison of integer expressions of different signedness: ‘int’ and ‘size_t’ {aka ‘long long unsigned int’} [-Wsign-compare]
   16 |                         if(i < str_len-1){
      |                            ~~^~~~~~~~~~~
/workspaces/Engine/engine/Functions.c:22:22: error: ‘tolower’ was not declared in this scope
   22 |             out[j] = tolower((unsigned char)str[i]);
      |                      ^~~~~~~
/workspaces/Engine/engine/Functions.c: At global scope:
/workspaces/Engine/engine/Functions.c:30:1: warning: type qualifiers ignored on function return type [-Wignored-qualifiers]
   30 | const size_t str_hash_(const char *str){
      | ^~~~~
/workspaces/Engine/engine/Functions.c: In function ‘char* str_normalise(char*, bool, bool)’:
/workspaces/Engine/engine/Functions.c:27:12: warning: control reaches end of non-void function [-Wreturn-type]
   27 |     str[j] = '\0'; // Null-terminate the modified string
      |     ~~~~~~~^~~~~~
FAILED: Failed to compile /workspaces/Engine/engine/Functions.c. GCC Exit Code: 1
Compiling /workspaces/Engine/engine/glad.c to /workspaces/Engine/Build/glad.o...
Command: x86_64-w64-mingw32-g++ -c /workspaces/Engine/engine/glad.c -I /workspaces/Engine/Libraries/include -I /workspaces/Engine/engine -I /workspaces/Engine/engine/graphics -I /workspaces/Engine/engine/graphics/window -O1 -Wextra -std=c99 -Wall -pedantic -Wl,--verbose -o /workspaces/Engine/Build/glad.o
cc1plus: warning: command-line option ‘-std=c99’ is valid for C/ObjC but not for C++
Successfully compiled /workspaces/Engine/engine/glad.c
Compiling /workspaces/Engine/engine/main.c to /workspaces/Engine/Build/main.o...
Command: x86_64-w64-mingw32-g++ -c /workspaces/Engine/engine/main.c -I /workspaces/Engine/Libraries/include -I /workspaces/Engine/engine -I /workspaces/Engine/engine/graphics -I /workspaces/Engine/engine/graphics/window -O1 -Wextra -std=c99 -Wall -pedantic -Wl,--verbose -o /workspaces/Engine/Build/main.o
cc1plus: warning: command-line option ‘-std=c99’ is valid for C/ObjC but not for C++
In file included from /workspaces/Engine/engine/Public.h:9,
                 from /workspaces/Engine/engine/main.c:1:
/workspaces/Engine/Libraries/include/glad/glad.h:27:2: error: #error OpenGL header already included, remove this include, glad already provides it
   27 | #error OpenGL header already included, remove this include, glad already provides it
      |  ^~~~~
In file included from /workspaces/Engine/engine/Public.h:10:
/workspaces/Engine/engine/graphics/drawingprotocol.h:82:1: warning: multi-line comment [-Wcomment]
   82 | // #define BUFFEROBJECT_HANDLE(BO, VERTICES, len, INDEX_ORDER, ilen, DRAW_FORMAT)   \
      | ^
/workspaces/Engine/engine/graphics/drawingprotocol.h:276:31: warning: integer constant is too large for its type
  276 |     0x17a615d41U, 0xba24308U, 0x3c498b715c77a344dU, 0x3105a2e583U,
      |                               ^~~~~~~~~~~~~~~~~~~~
/workspaces/Engine/engine/graphics/drawingprotocol.h:284:5: warning: integer constant is too large for its type
  284 |     0x3c498327d63654478U, //SamplerCube
      |     ^~~~~~~~~~~~~~~~~~~~
/workspaces/Engine/engine/graphics/drawingprotocol.h:285:5: warning: integer constant is too large for its type
  285 |     0x47781b0f5de1e434f0d364U, 0x47781b0f5de1e435a29795U,
      |     ^~~~~~~~~~~~~~~~~~~~~~~~~
/workspaces/Engine/engine/graphics/drawingprotocol.h:285:32: warning: integer constant is too large for its type
  285 |     0x47781b0f5de1e434f0d364U, 0x47781b0f5de1e435a29795U,
      |                                ^~~~~~~~~~~~~~~~~~~~~~~~~
/workspaces/Engine/engine/graphics/drawingprotocol.h:286:5: warning: integer constant is too large for its type
  286 |     0x163479a4714d88e0e6433eU, 0x2c98144203a96c279e53412b264U,
      |     ^~~~~~~~~~~~~~~~~~~~~~~~~
/workspaces/Engine/engine/graphics/drawingprotocol.h:286:32: warning: integer constant is too large for its type
  286 |     0x163479a4714d88e0e6433eU, 0x2c98144203a96c279e53412b264U,
      |                                ^~~~~~~~~~~~~~~~~~~~~~~~~~~~~~
/workspaces/Engine/engine/graphics/drawingprotocol.h:287:5: warning: integer constant is too large for its type
  287 |     0x122485303c7395017U, 0x122485303c7395038U,
      |     ^~~~~~~~~~~~~~~~~~~~
/workspaces/Engine/engine/graphics/drawingprotocol.h:287:27: warning: integer constant is too large for its type
  287 |     0x122485303c7395017U, 0x122485303c7395038U,
      |                           ^~~~~~~~~~~~~~~~~~~~
/workspaces/Engine/engine/graphics/drawingprotocol.h:288:5: warning: integer constant is too large for its type
  288 |     0x1224905d4f23b7b63U, 0x1224905d4f23b7b84U};
      |     ^~~~~~~~~~~~~~~~~~~~
/workspaces/Engine/engine/graphics/drawingprotocol.h:288:27: warning: integer constant is too large for its type
  288 |     0x1224905d4f23b7b63U, 0x1224905d4f23b7b84U};
      |                           ^~~~~~~~~~~~~~~~~~~~
In file included from /workspaces/Engine/engine/graphics/drawingprotocol.h:4:
/workspaces/Engine/engine/graphics/window/window.h:24:16: error: typedef ‘poll_do’ is initialized (use ‘decltype’ instead)
   24 | typedef void (*poll_do)(win_t *, const size_t);
      |                ^~~~~~~
/workspaces/Engine/engine/graphics/window/window.h:10:15: error: ‘window’ was not declared in this scope
   10 | #define win_t window
      |               ^~~~~~
/workspaces/Engine/engine/graphics/window/window.h:24:25: note: in expansion of macro ‘win_t’
   24 | typedef void (*poll_do)(win_t *, const size_t);
      |                         ^~~~~
/workspaces/Engine/engine/graphics/window/window.h:24:32: error: expected primary-expression before ‘,’ token
   24 | typedef void (*poll_do)(win_t *, const size_t);
      |                                ^
/workspaces/Engine/engine/graphics/window/window.h:24:34: error: expected primary-expression before ‘const’
   24 | typedef void (*poll_do)(win_t *, const size_t);
      |                                  ^~~~~
/workspaces/Engine/engine/graphics/window/window.h:27:16: error: typedef ‘poll_kill’ is initialized (use ‘decltype’ instead)
   27 | typedef void (*poll_kill)(win_t *);
      |                ^~~~~~~~~
/workspaces/Engine/engine/graphics/window/window.h:10:15: error: ‘window’ was not declared in this scope
   10 | #define win_t window
      |               ^~~~~~
/workspaces/Engine/engine/graphics/window/window.h:27:27: note: in expansion of macro ‘win_t’
   27 | typedef void (*poll_kill)(win_t *);
      |                           ^~~~~
/workspaces/Engine/engine/graphics/window/window.h:27:34: error: expected primary-expression before ‘)’ token
   27 | typedef void (*poll_kill)(win_t *);
      |                                  ^
/workspaces/Engine/engine/graphics/window/window.h:32:5: error: ‘poll_do’ does not name a type
   32 |     poll_do polld;
      |     ^~~~~~~
/workspaces/Engine/engine/graphics/window/window.h:33:5: error: ‘poll_kill’ does not name a type
   33 |     poll_kill pollk;
      |     ^~~~~~~~~
/workspaces/Engine/engine/graphics/window/window.h:34:5: error: ‘shaderblock_t’ does not name a type
   34 |     shaderblock_t *shaders;
      |     ^~~~~~~~~~~~~
/workspaces/Engine/engine/graphics/window/window.h:34:5: note: the macro ‘shaderblock_t’ had not yet been defined
/workspaces/Engine/engine/graphics/drawingprotocol.h:14: note: it was later defined here
   14 | #define shaderblock_t ComputeShaderBlock
      | 
/workspaces/Engine/engine/graphics/window/window.h:38:5: error: ‘bufferobj_t’ does not name a type
   38 |     bufferobj_t *buffers;
      |     ^~~~~~~~~~~
/workspaces/Engine/engine/graphics/window/window.h:38:5: note: the macro ‘bufferobj_t’ had not yet been defined
/workspaces/Engine/engine/graphics/drawingprotocol.h:13: note: it was later defined here
   13 | #define bufferobj_t buffer_object
      | 
/workspaces/Engine/engine/graphics/window/window.h:39:5: error: ‘image_t’ does not name a type
   39 |     image_t *textures;
      |     ^~~~~~~
/workspaces/Engine/engine/graphics/window/window.h:39:5: note: the macro ‘image_t’ had not yet been defined
/workspaces/Engine/engine/graphics/drawingprotocol.h:15: note: it was later defined here
   15 | #define image_t texture_image
      | 
/workspaces/Engine/engine/graphics/window/window.h:52:29: error: ‘poll_do’ has not been declared
   52 | win_t *win_init(char *name, poll_do *polld, poll_kill *poolk, uint32_t w, uint32_t h);
      |                             ^~~~~~~
/workspaces/Engine/engine/graphics/window/window.h:52:45: error: ‘poll_kill’ has not been declared
   52 | win_t *win_init(char *name, poll_do *polld, poll_kill *poolk, uint32_t w, uint32_t h);
      |                                             ^~~~~~~~~
/workspaces/Engine/engine/graphics/drawingprotocol.h:12:16: error: ‘arrkey’ does not name a type; did you mean ‘arrk_t’?
   12 | #define arrk_t arrkey
      |                ^~~~~~
/workspaces/Engine/engine/graphics/drawingprotocol.h:142:5: note: in expansion of macro ‘arrk_t’
  142 |     arrk_t *uniforms;
      |     ^~~~~~
/workspaces/Engine/engine/graphics/drawingprotocol.h:246:26: error: initializer-string for ‘const char [10]’ is too long [-fpermissive]
  246 | const char vs_start[10]= "#define vs",
      |                          ^~~~~~~~~~~~
/workspaces/Engine/engine/graphics/drawingprotocol.h:247:23: error: initializer-string for ‘const char [10]’ is too long [-fpermissive]
  247 |         fs_start[10]= "#define fs",
      |                       ^~~~~~~~~~~~
/workspaces/Engine/engine/graphics/drawingprotocol.h:248:23: error: initializer-string for ‘const char [10]’ is too long [-fpermissive]
  248 |         gs_start[10]= "#define gs",
      |                       ^~~~~~~~~~~~
/workspaces/Engine/engine/graphics/drawingprotocol.h:252:25: error: initializer-string for ‘const char [10]’ is too long [-fpermissive]
  252 |         shader_end[10]= "#shaderend";
      |                         ^~~~~~~~~~~~
/workspaces/Engine/engine/Public.h:46:1: warning: type qualifiers ignored on function return type [-Wignored-qualifiers]
   46 | const size_t str_hash_(const char *str);
      | ^~~~~
/workspaces/Engine/engine/main.c: In function ‘int main()’:
/workspaces/Engine/engine/main.c:20:29: warning: ISO C++ forbids converting a string constant to ‘char*’ [-Wwrite-strings]
   20 |     win_t *mainw = win_init("MainWindow", poll_draw, NULL, 800, 200);
      |                             ^~~~~~~~~~~~
/workspaces/Engine/engine/main.c:20:43: error: cannot convert ‘void (*)(window*, size_t)’ {aka ‘void (*)(window*, long long unsigned int)’} to ‘int*’
   20 |     win_t *mainw = win_init("MainWindow", poll_draw, NULL, 800, 200);
      |                                           ^~~~~~~~~
      |                                           |
      |                                           void (*)(window*, size_t) {aka void (*)(window*, long long unsigned int)}
/workspaces/Engine/engine/graphics/window/window.h:52:38: note:   initializing argument 2 of ‘window* win_init(char*, int*, int*, uint32_t, uint32_t)’
   52 | win_t *win_init(char *name, poll_do *polld, poll_kill *poolk, uint32_t w, uint32_t h);
      |                             ~~~~~~~~~^~~~~
/workspaces/Engine/engine/main.c:21:31: error: ‘window’ {aka ‘struct window’} has no member named ‘shaders’
   21 |     SHADERBLOCK_HANDLE(mainw->shaders, true);
      |                               ^~~~~~~
/workspaces/Engine/engine/graphics/drawingprotocol.h:19:43: note: in definition of macro ‘SHADERBLOCK_HANDLE’
   19 | #define SHADERBLOCK_HANDLE(SB, CLEAN) if(!SB->compiled_[7]){   \
      |                                           ^~
/workspaces/Engine/engine/main.c:21:31: error: ‘window’ {aka ‘struct window’} has no member named ‘shaders’
   21 |     SHADERBLOCK_HANDLE(mainw->shaders, true);
      |                               ^~~~~~~
/workspaces/Engine/engine/graphics/drawingprotocol.h:26:8: note: in definition of macro ‘SHADERBLOCK_HANDLE’
   26 |     if(SB->compiled_[7] == false){  \
      |        ^~
/workspaces/Engine/engine/main.c:21:31: error: ‘window’ {aka ‘struct window’} has no member named ‘shaders’
   21 |     SHADERBLOCK_HANDLE(mainw->shaders, true);
      |                               ^~~~~~~
/workspaces/Engine/engine/graphics/drawingprotocol.h:27:9: note: in definition of macro ‘SHADERBLOCK_HANDLE’
   27 |         SB =shader_compile(CLEAN); \
      |         ^~
/workspaces/Engine/engine/main.c:21:31: error: ‘window’ {aka ‘struct window’} has no member named ‘shaders’
   21 |     SHADERBLOCK_HANDLE(mainw->shaders, true);
      |                               ^~~~~~~
/workspaces/Engine/engine/graphics/drawingprotocol.h:28:22: note: in definition of macro ‘SHADERBLOCK_HANDLE’
   28 |         uniform_init(SB);   \
      |                      ^~
/workspaces/Engine/engine/main.c:22:45: warning: ISO C++ forbids compound-literals [-Wpedantic]
   22 |     win_flood(mainw, (argb_t){.9, .7, .03, 1});
      |                                             ^
/workspaces/Engine/engine/main.c:37:61: warning: ISO C++ forbids compound-literals [-Wpedantic]
   37 |     winimage_append(mainw, path_buffer, &(argb_t){0, 0, 0, 1});
      |                                                             ^
/workspaces/Engine/engine/main.c:37:50: error: taking address of rvalue [-fpermissive]
   37 |     winimage_append(mainw, path_buffer, &(argb_t){0, 0, 0, 1});
      |                                                  ^~~~~~~~~~~~
/workspaces/Engine/engine/main.c:49:9: warning: ISO C++ forbids compound-literals [-Wpedantic]
   49 |         },
      |         ^
/workspaces/Engine/engine/main.c:59:9: warning: ISO C++ forbids compound-literals [-Wpedantic]
   59 |         }, 18);
      |         ^
/workspaces/Engine/engine/main.c:41:20: error: taking address of temporary array
   41 |         (GLfloat[]){
      |                    ^
   42 |             // CORRECTED: Invalid octal '08.f' changed to '8.0f'
      |             ~~~~~~~~~~~~~~~~~~~~~~~~~~~~~~~~~~~~~~~~~~~~~~~~~~~~
   43 |             -0.5f,   (-0.5f * sqrt3) / 3,    0,      8.0f, 0.3f, 0.2f,    0.0f, 5.0f,
      |             ~~~~~~~~~~~~~~~~~~~~~~~~~~~~~~~~~~~~~~~~~~~~~~~~~~~~~~~~~~~~~~~~~~~~~~~~~
   44 |             0.5f,    (-0.5f * sqrt3) / 3,    0,      8.0f, 0.3f, 0.2f,    5.0f, 0.0f,
      |             ~~~~~~~~~~~~~~~~~~~~~~~~~~~~~~~~~~~~~~~~~~~~~~~~~~~~~~~~~~~~~~~~~~~~~~~~~
   45 |             -0.5f,   (-0.5f * sqrt3 * 2) / 3,0,      8.0f, 0.3f, 0.2f,    0.0f, 0.0f,
      |             ~~~~~~~~~~~~~~~~~~~~~~~~~~~~~~~~~~~~~~~~~~~~~~~~~~~~~~~~~~~~~~~~~~~~~~~~~
   46 |             -0.5f/2, (0.5f * sqrt3) / 6,     0,      8.0f, 0.3f, 0.2f,    2.5f, 5.0f,
      |             ~~~~~~~~~~~~~~~~~~~~~~~~~~~~~~~~~~~~~~~~~~~~~~~~~~~~~~~~~~~~~~~~~~~~~~~~~
   47 |             0.5f/2,  (0.5f * sqrt3) / 6,     0,      8.0f, 0.3f, 0.2f,    2.5f, 5.0f,
      |             ~~~~~~~~~~~~~~~~~~~~~~~~~~~~~~~~~~~~~~~~~~~~~~~~~~~~~~~~~~~~~~~~~~~~~~~~~
   48 |             0.0f,    (0.5f * sqrt3) / 3,     0,      8.0f, 0.3f, 0.2f,    2.5f, 10.0f // Example texture coords
      |             ~~~~~~~~~~~~~~~~~~~~~~~~~~~~~~~~~~~~~~~~~~~~~~~~~~~~~~~~~~~~~~~~~~~~~~~~~~~~~~~~~~~~~~~~~~~~~~~~~~~
   49 |         },
      |         ~           
/workspaces/Engine/engine/main.c:61:44: error: ‘window’ {aka ‘struct window’} has no member named ‘textures’; did you mean ‘textures_len’?
   61 |     glBindTextureEXT(GL_TEXTURE_2D, mainw->textures[mainw->textures_curr].img);
      |                                            ^~~~~~~~
      |                                            textures_len
/workspaces/Engine/engine/main.c:61:5: error: ‘glBindTextureEXT’ was not declared in this scope; did you mean ‘glBindTexture’?
   61 |     glBindTextureEXT(GL_TEXTURE_2D, mainw->textures[mainw->textures_curr].img);
      |     ^~~~~~~~~~~~~~~~
      |     glBindTexture
/workspaces/Engine/engine/main.c: In function ‘void poll_draw(window*, size_t)’:
/workspaces/Engine/engine/main.c:79:49: warning: ISO C++ forbids compound-literals [-Wpedantic]
   79 |     glm_translate(view, (vec3){0.0f, 0.0f, -5.0f}); // Adjusted translation for better view
      |                                                 ^
/workspaces/Engine/engine/main.c:79:31: error: taking address of temporary array
   79 |     glm_translate(view, (vec3){0.0f, 0.0f, -5.0f}); // Adjusted translation for better view
      |                               ^~~~~~~~~~~~~~~~~~~
/workspaces/Engine/engine/main.c:82:47: warning: ISO C++ forbids compound-literals [-Wpedantic]
   82 |     glm_rotate(out, g, (vec3){0.5f, 1.0f, 0.0f}); // Rotate on X and Y axis
      |                                               ^
/workspaces/Engine/engine/main.c:82:30: error: taking address of temporary array
   82 |     glm_rotate(out, g, (vec3){0.5f, 1.0f, 0.0f}); // Rotate on X and Y axis
      |                              ^~~~~~~~~~~~~~~~~~
/workspaces/Engine/engine/main.c:84:49: error: ‘window’ {aka ‘struct window’} has no member named ‘shaders’
   84 |     GLuint tex0_uni = glGetUniformLocation(win->shaders->shaderProgram, "tex0");
      |                                                 ^~~~~~~
/workspaces/Engine/engine/main.c:88:24: error: ‘window’ {aka ‘struct window’} has no member named ‘shaders’
   88 |     uniform_write(win->shaders, "mat4", "matrices", "\0", true, out, 9);
      |                        ^~~~~~~
/workspaces/Engine/engine/main.c:89:24: error: ‘window’ {aka ‘struct window’} has no member named ‘shaders’
   89 |     uniform_write(win->shaders, "inputvectors_bounds", "bounds", "start", true, 0, 1);
      |                        ^~~~~~~
/workspaces/Engine/engine/main.c:90:24: error: ‘window’ {aka ‘struct window’} has no member named ‘shaders’
   90 |     uniform_write(win->shaders, "inputvectors_bounds", "bounds", "end", true, 100, 1);
      |                        ^~~~~~~
/workspaces/Engine/engine/main.c:68:35: warning: unused parameter ‘pollcycles’ [-Wunused-parameter]
   68 | void poll_draw(win_t *win, size_t pollcycles){
      |                            ~~~~~~~^~~~~~~~~~
FAILED: Failed to compile /workspaces/Engine/engine/main.c. GCC Exit Code: 1
Compiling /workspaces/Engine/engine/graphics/drawingprotocol.c to /workspaces/Engine/Build/drawingprotocol.o...
Command: x86_64-w64-mingw32-g++ -c /workspaces/Engine/engine/graphics/drawingprotocol.c -I /workspaces/Engine/Libraries/include -I /workspaces/Engine/engine -I /workspaces/Engine/engine/graphics -I /workspaces/Engine/engine/graphics/window -O1 -Wextra -std=c99 -Wall -pedantic -Wl,--verbose -o /workspaces/Engine/Build/drawingprotocol.o
cc1plus: warning: command-line option ‘-std=c99’ is valid for C/ObjC but not for C++
In file included from /workspaces/Engine/engine/Public.h:9,
                 from /workspaces/Engine/engine/graphics/drawingprotocol.c:1:
/workspaces/Engine/Libraries/include/glad/glad.h:27:2: error: #error OpenGL header already included, remove this include, glad already provides it
   27 | #error OpenGL header already included, remove this include, glad already provides it
      |  ^~~~~
In file included from /workspaces/Engine/engine/Public.h:10:
/workspaces/Engine/engine/graphics/drawingprotocol.h:82:1: warning: multi-line comment [-Wcomment]
   82 | // #define BUFFEROBJECT_HANDLE(BO, VERTICES, len, INDEX_ORDER, ilen, DRAW_FORMAT)   \
      | ^
/workspaces/Engine/engine/graphics/drawingprotocol.h:276:31: warning: integer constant is too large for its type
  276 |     0x17a615d41U, 0xba24308U, 0x3c498b715c77a344dU, 0x3105a2e583U,
      |                               ^~~~~~~~~~~~~~~~~~~~
/workspaces/Engine/engine/graphics/drawingprotocol.h:284:5: warning: integer constant is too large for its type
  284 |     0x3c498327d63654478U, //SamplerCube
      |     ^~~~~~~~~~~~~~~~~~~~
/workspaces/Engine/engine/graphics/drawingprotocol.h:285:5: warning: integer constant is too large for its type
  285 |     0x47781b0f5de1e434f0d364U, 0x47781b0f5de1e435a29795U,
      |     ^~~~~~~~~~~~~~~~~~~~~~~~~
/workspaces/Engine/engine/graphics/drawingprotocol.h:285:32: warning: integer constant is too large for its type
  285 |     0x47781b0f5de1e434f0d364U, 0x47781b0f5de1e435a29795U,
      |                                ^~~~~~~~~~~~~~~~~~~~~~~~~
/workspaces/Engine/engine/graphics/drawingprotocol.h:286:5: warning: integer constant is too large for its type
  286 |     0x163479a4714d88e0e6433eU, 0x2c98144203a96c279e53412b264U,
      |     ^~~~~~~~~~~~~~~~~~~~~~~~~
/workspaces/Engine/engine/graphics/drawingprotocol.h:286:32: warning: integer constant is too large for its type
  286 |     0x163479a4714d88e0e6433eU, 0x2c98144203a96c279e53412b264U,
      |                                ^~~~~~~~~~~~~~~~~~~~~~~~~~~~~~
/workspaces/Engine/engine/graphics/drawingprotocol.h:287:5: warning: integer constant is too large for its type
  287 |     0x122485303c7395017U, 0x122485303c7395038U,
      |     ^~~~~~~~~~~~~~~~~~~~
/workspaces/Engine/engine/graphics/drawingprotocol.h:287:27: warning: integer constant is too large for its type
  287 |     0x122485303c7395017U, 0x122485303c7395038U,
      |                           ^~~~~~~~~~~~~~~~~~~~
/workspaces/Engine/engine/graphics/drawingprotocol.h:288:5: warning: integer constant is too large for its type
  288 |     0x1224905d4f23b7b63U, 0x1224905d4f23b7b84U};
      |     ^~~~~~~~~~~~~~~~~~~~
/workspaces/Engine/engine/graphics/drawingprotocol.h:288:27: warning: integer constant is too large for its type
  288 |     0x1224905d4f23b7b63U, 0x1224905d4f23b7b84U};
      |                           ^~~~~~~~~~~~~~~~~~~~
In file included from /workspaces/Engine/engine/graphics/drawingprotocol.h:4:
/workspaces/Engine/engine/graphics/window/window.h:24:16: error: typedef ‘poll_do’ is initialized (use ‘decltype’ instead)
   24 | typedef void (*poll_do)(win_t *, const size_t);
      |                ^~~~~~~
/workspaces/Engine/engine/graphics/window/window.h:10:15: error: ‘window’ was not declared in this scope
   10 | #define win_t window
      |               ^~~~~~
/workspaces/Engine/engine/graphics/window/window.h:24:25: note: in expansion of macro ‘win_t’
   24 | typedef void (*poll_do)(win_t *, const size_t);
      |                         ^~~~~
/workspaces/Engine/engine/graphics/window/window.h:24:32: error: expected primary-expression before ‘,’ token
   24 | typedef void (*poll_do)(win_t *, const size_t);
      |                                ^
/workspaces/Engine/engine/graphics/window/window.h:24:34: error: expected primary-expression before ‘const’
   24 | typedef void (*poll_do)(win_t *, const size_t);
      |                                  ^~~~~
/workspaces/Engine/engine/graphics/window/window.h:27:16: error: typedef ‘poll_kill’ is initialized (use ‘decltype’ instead)
   27 | typedef void (*poll_kill)(win_t *);
      |                ^~~~~~~~~
/workspaces/Engine/engine/graphics/window/window.h:10:15: error: ‘window’ was not declared in this scope
   10 | #define win_t window
      |               ^~~~~~
/workspaces/Engine/engine/graphics/window/window.h:27:27: note: in expansion of macro ‘win_t’
   27 | typedef void (*poll_kill)(win_t *);
      |                           ^~~~~
/workspaces/Engine/engine/graphics/window/window.h:27:34: error: expected primary-expression before ‘)’ token
   27 | typedef void (*poll_kill)(win_t *);
      |                                  ^
/workspaces/Engine/engine/graphics/window/window.h:32:5: error: ‘poll_do’ does not name a type
   32 |     poll_do polld;
      |     ^~~~~~~
/workspaces/Engine/engine/graphics/window/window.h:33:5: error: ‘poll_kill’ does not name a type
   33 |     poll_kill pollk;
      |     ^~~~~~~~~
/workspaces/Engine/engine/graphics/window/window.h:34:5: error: ‘shaderblock_t’ does not name a type
   34 |     shaderblock_t *shaders;
      |     ^~~~~~~~~~~~~
/workspaces/Engine/engine/graphics/window/window.h:34:5: note: the macro ‘shaderblock_t’ had not yet been defined
/workspaces/Engine/engine/graphics/drawingprotocol.h:14: note: it was later defined here
   14 | #define shaderblock_t ComputeShaderBlock
      | 
/workspaces/Engine/engine/graphics/window/window.h:38:5: error: ‘bufferobj_t’ does not name a type
   38 |     bufferobj_t *buffers;
      |     ^~~~~~~~~~~
/workspaces/Engine/engine/graphics/window/window.h:38:5: note: the macro ‘bufferobj_t’ had not yet been defined
/workspaces/Engine/engine/graphics/drawingprotocol.h:13: note: it was later defined here
   13 | #define bufferobj_t buffer_object
      | 
/workspaces/Engine/engine/graphics/window/window.h:39:5: error: ‘image_t’ does not name a type
   39 |     image_t *textures;
      |     ^~~~~~~
/workspaces/Engine/engine/graphics/window/window.h:39:5: note: the macro ‘image_t’ had not yet been defined
/workspaces/Engine/engine/graphics/drawingprotocol.h:15: note: it was later defined here
   15 | #define image_t texture_image
      | 
/workspaces/Engine/engine/graphics/window/window.h:52:29: error: ‘poll_do’ has not been declared
   52 | win_t *win_init(char *name, poll_do *polld, poll_kill *poolk, uint32_t w, uint32_t h);
      |                             ^~~~~~~
/workspaces/Engine/engine/graphics/window/window.h:52:45: error: ‘poll_kill’ has not been declared
   52 | win_t *win_init(char *name, poll_do *polld, poll_kill *poolk, uint32_t w, uint32_t h);
      |                                             ^~~~~~~~~
/workspaces/Engine/engine/graphics/drawingprotocol.h:12:16: error: ‘arrkey’ does not name a type; did you mean ‘arrk_t’?
   12 | #define arrk_t arrkey
      |                ^~~~~~
/workspaces/Engine/engine/graphics/drawingprotocol.h:142:5: note: in expansion of macro ‘arrk_t’
  142 |     arrk_t *uniforms;
      |     ^~~~~~
/workspaces/Engine/engine/graphics/drawingprotocol.h:246:26: error: initializer-string for ‘const char [10]’ is too long [-fpermissive]
  246 | const char vs_start[10]= "#define vs",
      |                          ^~~~~~~~~~~~
/workspaces/Engine/engine/graphics/drawingprotocol.h:247:23: error: initializer-string for ‘const char [10]’ is too long [-fpermissive]
  247 |         fs_start[10]= "#define fs",
      |                       ^~~~~~~~~~~~
/workspaces/Engine/engine/graphics/drawingprotocol.h:248:23: error: initializer-string for ‘const char [10]’ is too long [-fpermissive]
  248 |         gs_start[10]= "#define gs",
      |                       ^~~~~~~~~~~~
/workspaces/Engine/engine/graphics/drawingprotocol.h:252:25: error: initializer-string for ‘const char [10]’ is too long [-fpermissive]
  252 |         shader_end[10]= "#shaderend";
      |                         ^~~~~~~~~~~~
/workspaces/Engine/engine/Public.h:46:1: warning: type qualifiers ignored on function return type [-Wignored-qualifiers]
   46 | const size_t str_hash_(const char *str);
      | ^~~~~
/workspaces/Engine/engine/graphics/drawingprotocol.c:6:21: error: conflicting declaration ‘const size_t builtin_shader_typehash []’
    6 | extern const size_t builtin_shader_typehash[];
      |                     ^~~~~~~~~~~~~~~~~~~~~~~
/workspaces/Engine/engine/graphics/drawingprotocol.h:275:26: note: previous declaration as ‘const __int128 unsigned builtin_shader_typehash [37]’
  275 | static const __uint128_t builtin_shader_typehash[] = {
      |                          ^~~~~~~~~~~~~~~~~~~~~~~
/workspaces/Engine/engine/graphics/drawingprotocol.c:9:20: error: conflicting declaration ‘const char* vs_start’
    9 | extern const char* vs_start;
      |                    ^~~~~~~~
/workspaces/Engine/engine/graphics/drawingprotocol.h:246:12: note: previous declaration as ‘const char vs_start [10]’
  246 | const char vs_start[10]= "#define vs",
      |            ^~~~~~~~
/workspaces/Engine/engine/graphics/drawingprotocol.c:10:20: error: conflicting declaration ‘const char* fs_start’
   10 | extern const char* fs_start;
      |                    ^~~~~~~~
/workspaces/Engine/engine/graphics/drawingprotocol.h:247:9: note: previous declaration as ‘const char fs_start [10]’
  247 |         fs_start[10]= "#define fs",
      |         ^~~~~~~~
/workspaces/Engine/engine/graphics/drawingprotocol.c:11:20: error: conflicting declaration ‘const char* shader_end’
   11 | extern const char* shader_end;
      |                    ^~~~~~~~~~
/workspaces/Engine/engine/graphics/drawingprotocol.h:252:9: note: previous declaration as ‘const char shader_end [10]’
  252 |         shader_end[10]= "#shaderend";
      |         ^~~~~~~~~~
/workspaces/Engine/engine/graphics/drawingprotocol.c:12:13: error: conflicting declaration ‘char cwd [1048576]’
   12 | extern char cwd[MAX_PATHLENGTH];
      |             ^~~
/workspaces/Engine/engine/graphics/drawingprotocol.h:217:7: note: previous declaration as ‘char* cwd’
  217 | char *cwd;
      |       ^~~
/workspaces/Engine/engine/graphics/drawingprotocol.c: In function ‘void shaders_pull(const char*)’:
/workspaces/Engine/engine/graphics/drawingprotocol.c:115:38: warning: unused variable ‘temp’ [-Wunused-variable]
  115 |                                 char temp[10];
      |                                      ^~~~
/workspaces/Engine/engine/graphics/drawingprotocol.c:140:38: warning: unused variable ‘temp’ [-Wunused-variable]
  140 |                                 char temp[10];
      |                                      ^~~~
/workspaces/Engine/engine/graphics/drawingprotocol.c:105:14: warning: unused variable ‘in_shader_block’ [-Wunused-variable]
  105 |         bool in_shader_block = false;
      |              ^~~~~~~~~~~~~~~
/workspaces/Engine/engine/graphics/drawingprotocol.c: In function ‘void uniform_init(ComputeShaderBlock*)’:
/workspaces/Engine/engine/graphics/drawingprotocol.c:191:19: error: ‘ComputeShaderBlock’ {aka ‘struct ComputeShaderBlock’} has no member named ‘uniforms’; did you mean ‘uniform_len’?
  191 |         if (sb_t->uniforms) {
      |                   ^~~~~~~~
      |                   uniform_len
/workspaces/Engine/engine/graphics/drawingprotocol.c:193:47: error: ‘ComputeShaderBlock’ {aka ‘struct ComputeShaderBlock’} has no member named ‘uniforms’; did you mean ‘uniform_len’?
  193 |                         destroy_arrkey(&sb_t->uniforms[i]);
      |                                               ^~~~~~~~
      |                                               uniform_len
/workspaces/Engine/engine/graphics/drawingprotocol.c:195:28: error: ‘ComputeShaderBlock’ {aka ‘struct ComputeShaderBlock’} has no member named ‘uniforms’; did you mean ‘uniform_len’?
  195 |                 free(sb_t->uniforms);
      |                            ^~~~~~~~
      |                            uniform_len
/workspaces/Engine/engine/graphics/drawingprotocol.c:196:23: error: ‘ComputeShaderBlock’ {aka ‘struct ComputeShaderBlock’} has no member named ‘uniforms’; did you mean ‘uniform_len’?
  196 |                 sb_t->uniforms = NULL;
      |                       ^~~~~~~~
      |                       uniform_len
/workspaces/Engine/engine/graphics/drawingprotocol.c:212:52: error: ‘isspace’ was not declared in this scope
  212 |                         while (cc < temptxt_len && isspace(temp_txt[cc])) {
      |                                                    ^~~~~~~
/workspaces/Engine/engine/graphics/drawingprotocol.c:220:60: error: ‘isspace’ was not declared in this scope
  220 |                                 while (cc < temptxt_len && isspace(temp_txt[cc])) { cc++; }
      |                                                            ^~~~~~~
/workspaces/Engine/engine/graphics/drawingprotocol.c:223:61: error: ‘isspace’ was not declared in this scope
  223 |                                 while (cc < temptxt_len && !isspace(temp_txt[cc]) && temp_txt[cc] != '{' && temp_txt[cc] != ';') {
      |                                                             ^~~~~~~
/workspaces/Engine/engine/graphics/drawingprotocol.c:227:39: error: expected unqualified-id before ‘typename’
  227 |                                 char* typename = strndup(&temp_txt[typename_start], typename_len);
      |                                       ^~~~~~~~
/workspaces/Engine/engine/graphics/drawingprotocol.c:229:45: error: expected nested-name-specifier before ‘)’ token
  229 |                                 if (typename) {
      |                                             ^
/workspaces/Engine/engine/graphics/drawingprotocol.c:229:45: error: expected ‘(’ before ‘)’ token
  229 |                                 if (typename) {
      |                                             ^
      |                                             (
/workspaces/Engine/engine/graphics/drawingprotocol.c:232:68: error: expected nested-name-specifier before ‘,’ token
  232 |                                                 if (strcmp(typename, temp_typenames[_dupecc]) == 0) {
      |                                                                    ^
/workspaces/Engine/engine/graphics/drawingprotocol.c:232:68: error: expected ‘(’ before ‘,’ token
  232 |                                                 if (strcmp(typename, temp_typenames[_dupecc]) == 0) {
      |                                                                    ^
      |                                                                    (
/workspaces/Engine/engine/graphics/drawingprotocol.c:242:97: error: expected nested-name-specifier before ‘;’ token
  242 |                                                         temp_typenames[typenames_len] = typename;
      |                                                                                                 ^
/workspaces/Engine/engine/graphics/drawingprotocol.c:242:97: error: expected ‘(’ before ‘;’ token
  242 |                                                         temp_typenames[typenames_len] = typename;
      |                                                                                                 ^
      |                                                                                                 (
/workspaces/Engine/engine/graphics/drawingprotocol.c:246:70: error: expected nested-name-specifier before ‘)’ token
  246 |                                                         free(typename);
      |                                                                      ^
/workspaces/Engine/engine/graphics/drawingprotocol.c:246:70: error: expected ‘(’ before ‘)’ token
  246 |                                                         free(typename);
      |                                                                      ^
      |                                                                      (
/workspaces/Engine/engine/graphics/drawingprotocol.c:249:62: error: expected nested-name-specifier before ‘)’ token
  249 |                                                 free(typename);
      |                                                              ^
/workspaces/Engine/engine/graphics/drawingprotocol.c:249:62: error: expected ‘(’ before ‘)’ token
  249 |                                                 free(typename);
      |                                                              ^
      |                                                              (
/workspaces/Engine/engine/graphics/drawingprotocol.c:226:40: warning: unused variable ‘typename_len’ [-Wunused-variable]
  226 |                                 size_t typename_len = cc - typename_start;
      |                                        ^~~~~~~~~~~~
/workspaces/Engine/engine/graphics/drawingprotocol.c:264:60: error: ‘isspace’ was not declared in this scope
  264 |                                 while (cc < temptxt_len && isspace(temp_txt[cc])) { cc++; }
      |                                                            ^~~~~~~
/workspaces/Engine/engine/graphics/drawingprotocol.c:267:61: error: ‘isspace’ was not declared in this scope
  267 |                                 while (cc < temptxt_len && !isspace(temp_txt[cc]) && temp_txt[cc] != ';' && temp_txt[cc] != '=') {
      |                                                             ^~~~~~~
/workspaces/Engine/engine/graphics/drawingprotocol.c:271:51: error: ‘strndup’ was not declared in this scope; did you mean ‘strdup’?
  271 |                                 char* type_pure = strndup(&temp_txt[type_start], type_len);
      |                                                   ^~~~~~~
      |                                                   strdup
/workspaces/Engine/engine/graphics/drawingprotocol.c:273:60: error: ‘isspace’ was not declared in this scope
  273 |                                 while (cc < temptxt_len && isspace(temp_txt[cc])) { cc++; }
      |                                                            ^~~~~~~
/workspaces/Engine/engine/graphics/drawingprotocol.c:276:61: error: ‘isspace’ was not declared in this scope
  276 |                                 while (cc < temptxt_len && !isspace(temp_txt[cc]) && temp_txt[cc] != ';' && temp_txt[cc] != '=') {
      |                                                             ^~~~~~~
/workspaces/Engine/engine/graphics/drawingprotocol.c:285:59: error: ‘ComputeShaderBlock’ {aka ‘struct ComputeShaderBlock’} has no member named ‘uniforms’; did you mean ‘uniform_len’?
  285 |                                                 if (sb_t->uniforms[u_cc].name && strcmp(sb_t->uniforms[u_cc].name, name_pure) == 0) {
      |                                                           ^~~~~~~~
      |                                                           uniform_len
/workspaces/Engine/engine/graphics/drawingprotocol.c:285:95: error: ‘ComputeShaderBlock’ {aka ‘struct ComputeShaderBlock’} has no member named ‘uniforms’; did you mean ‘uniform_len’?
  285 |                                                 if (sb_t->uniforms[u_cc].name && strcmp(sb_t->uniforms[u_cc].name, name_pure) == 0) {
      |                                                                                               ^~~~~~~~
      |                                                                                               uniform_len
/workspaces/Engine/engine/graphics/drawingprotocol.c:295:112: warning: ISO C++ forbids compound-literals [-Wpedantic]
  295 |                                                         arrk_t new_uniform = (arrk_t){_ID, name_pure, type_pure};
      |                                                                                                                ^
/workspaces/Engine/engine/graphics/drawingprotocol.c:296:99: error: ‘ComputeShaderBlock’ {aka ‘struct ComputeShaderBlock’} has no member named ‘uniforms’; did you mean ‘uniform_len’?
  296 |                                                         arrk_t* temp_arr = (arrk_t*)realloc(sb_t->uniforms, sizeof(arrk_t) * (sb_t->uniform_len + 1));
      |                                                                                                   ^~~~~~~~
      |                                                                                                   uniform_len
/workspaces/Engine/engine/graphics/drawingprotocol.c:298:71: error: ‘ComputeShaderBlock’ {aka ‘struct ComputeShaderBlock’} has no member named ‘uniforms’; did you mean ‘uniform_len’?
  298 |                                                                 sb_t->uniforms = temp_arr;
      |                                                                       ^~~~~~~~
      |                                                                       uniform_len
/workspaces/Engine/engine/graphics/drawingprotocol.c:299:71: error: ‘ComputeShaderBlock’ {aka ‘struct ComputeShaderBlock’} has no member named ‘uniforms’; did you mean ‘uniform_len’?
  299 |                                                                 sb_t->uniforms[sb_t->uniform_len++] = new_uniform;
      |                                                                       ^~~~~~~~
      |                                                                       uniform_len
/workspaces/Engine/engine/graphics/drawingprotocol.c: In function ‘void uniform_free(ComputeShaderBlock*)’:
/workspaces/Engine/engine/graphics/drawingprotocol.c:332:39: error: ‘ComputeShaderBlock’ {aka ‘struct ComputeShaderBlock’} has no member named ‘uniforms’; did you mean ‘uniform_len’?
  332 |         if (shader == NULL || shader->uniforms == NULL) return;
      |                                       ^~~~~~~~
      |                                       uniform_len
/workspaces/Engine/engine/graphics/drawingprotocol.c:334:30: error: ‘ComputeShaderBlock’ {aka ‘struct ComputeShaderBlock’} has no member named ‘uniforms’; did you mean ‘uniform_len’?
  334 |                 free(shader->uniforms[cc].type);
      |                              ^~~~~~~~
      |                              uniform_len
/workspaces/Engine/engine/graphics/drawingprotocol.c:335:30: error: ‘ComputeShaderBlock’ {aka ‘struct ComputeShaderBlock’} has no member named ‘uniforms’; did you mean ‘uniform_len’?
  335 |                 free(shader->uniforms[cc].name);
      |                              ^~~~~~~~
      |                              uniform_len
/workspaces/Engine/engine/graphics/drawingprotocol.c:337:22: error: ‘ComputeShaderBlock’ {aka ‘struct ComputeShaderBlock’} has no member named ‘uniforms’; did you mean ‘uniform_len’?
  337 |         free(shader->uniforms);
      |                      ^~~~~~~~
      |                      uniform_len
/workspaces/Engine/engine/graphics/drawingprotocol.c:338:17: error: ‘ComputeShaderBlock’ {aka ‘struct ComputeShaderBlock’} has no member named ‘uniforms’; did you mean ‘uniform_len’?
  338 |         shader->uniforms = NULL;
      |                 ^~~~~~~~
      |                 uniform_len
/workspaces/Engine/engine/graphics/drawingprotocol.c: In function ‘void uniform_write(ComputeShaderBlock*, const char*, const char*, const char*, bool*, const void*, size_t)’:
/workspaces/Engine/engine/graphics/drawingprotocol.c:347:46: error: invalid conversion from ‘const char*’ to ‘char*’ [-fpermissive]
  347 |         size_t hash = str_hash(str_normalise(type, true, true));
      |                                              ^~~~
      |                                              |
      |                                              const char*
/workspaces/Engine/engine/Public.h:24:34: note: in definition of macro ‘str_hash’
   24 | #define str_hash(str) _str_hash_(str)
      |                                  ^~~
/workspaces/Engine/engine/Public.h:45:27: note:   initializing argument 1 of ‘char* str_normalise(char*, bool, bool)’
   45 | char *str_normalise(char *str, bool handle_spaces, bool handle_upper);
      |                     ~~~~~~^~~
/workspaces/Engine/engine/Public.h:24:23: error: ‘_str_hash_’ was not declared in this scope; did you mean ‘str_hash_’?
   24 | #define str_hash(str) _str_hash_(str)
      |                       ^~~~~~~~~~
/workspaces/Engine/engine/graphics/drawingprotocol.c:347:23: note: in expansion of macro ‘str_hash’
  347 |         size_t hash = str_hash(str_normalise(type, true, true));
      |                       ^~~~~~~~
/workspaces/Engine/engine/graphics/drawingprotocol.c:352:42: error: ‘ComputeShaderBlock’ {aka ‘struct ComputeShaderBlock’} has no member named ‘uniforms’; did you mean ‘uniform_len’?
  352 |                 if (strcmp(name, shader->uniforms[cc].name) == 0) {
      |                                          ^~~~~~~~
      |                                          uniform_len
/workspaces/Engine/engine/graphics/drawingprotocol.c:353:44: error: ‘ComputeShaderBlock’ {aka ‘struct ComputeShaderBlock’} has no member named ‘uniforms’; did you mean ‘uniform_len’?
  353 |                         location = shader->uniforms[cc].Location;
      |                                            ^~~~~~~~
      |                                            uniform_len
/workspaces/Engine/engine/graphics/drawingprotocol.c:366:22: error: the value of ‘builtin_shader_typehash’ is not usable in a constant expression
  366 |                 case builtin_shader_typehash[0]: // GL_INT
      |                      ^~~~~~~~~~~~~~~~~~~~~~~
/workspaces/Engine/engine/graphics/drawingprotocol.h:275:26: note: ‘builtin_shader_typehash’ was not declared ‘constexpr’
  275 | static const __uint128_t builtin_shader_typehash[] = {
      |                          ^~~~~~~~~~~~~~~~~~~~~~~
/workspaces/Engine/engine/graphics/drawingprotocol.c:366:22: error: the value of ‘builtin_shader_typehash’ is not usable in a constant expression
  366 |                 case builtin_shader_typehash[0]: // GL_INT
      |                      ^~~~~~~~~~~~~~~~~~~~~~~
/workspaces/Engine/engine/graphics/drawingprotocol.h:275:26: note: ‘builtin_shader_typehash’ was not declared ‘constexpr’
  275 | static const __uint128_t builtin_shader_typehash[] = {
      |                          ^~~~~~~~~~~~~~~~~~~~~~~
/workspaces/Engine/engine/graphics/drawingprotocol.c:367:22: error: the value of ‘builtin_shader_typehash’ is not usable in a constant expression
  367 |                 case builtin_shader_typehash[1]: // GL_BOOL
      |                      ^~~~~~~~~~~~~~~~~~~~~~~
/workspaces/Engine/engine/graphics/drawingprotocol.h:275:26: note: ‘builtin_shader_typehash’ was not declared ‘constexpr’
  275 | static const __uint128_t builtin_shader_typehash[] = {
      |                          ^~~~~~~~~~~~~~~~~~~~~~~
/workspaces/Engine/engine/graphics/drawingprotocol.c:367:22: error: the value of ‘builtin_shader_typehash’ is not usable in a constant expression
  367 |                 case builtin_shader_typehash[1]: // GL_BOOL
      |                      ^~~~~~~~~~~~~~~~~~~~~~~
/workspaces/Engine/engine/graphics/drawingprotocol.h:275:26: note: ‘builtin_shader_typehash’ was not declared ‘constexpr’
  275 | static const __uint128_t builtin_shader_typehash[] = {
      |                          ^~~~~~~~~~~~~~~~~~~~~~~
/workspaces/Engine/engine/graphics/drawingprotocol.c:370:22: error: the value of ‘builtin_shader_typehash’ is not usable in a constant expression
  370 |                 case builtin_shader_typehash[2]: // GL_UNSIGNED_INT
      |                      ^~~~~~~~~~~~~~~~~~~~~~~
/workspaces/Engine/engine/graphics/drawingprotocol.h:275:26: note: ‘builtin_shader_typehash’ was not declared ‘constexpr’
  275 | static const __uint128_t builtin_shader_typehash[] = {
      |                          ^~~~~~~~~~~~~~~~~~~~~~~
/workspaces/Engine/engine/graphics/drawingprotocol.c:370:22: error: the value of ‘builtin_shader_typehash’ is not usable in a constant expression
  370 |                 case builtin_shader_typehash[2]: // GL_UNSIGNED_INT
      |                      ^~~~~~~~~~~~~~~~~~~~~~~
/workspaces/Engine/engine/graphics/drawingprotocol.h:275:26: note: ‘builtin_shader_typehash’ was not declared ‘constexpr’
  275 | static const __uint128_t builtin_shader_typehash[] = {
      |                          ^~~~~~~~~~~~~~~~~~~~~~~
/workspaces/Engine/engine/graphics/drawingprotocol.c:373:22: error: the value of ‘builtin_shader_typehash’ is not usable in a constant expression
  373 |                 case builtin_shader_typehash[3]: // GL_FLOAT
      |                      ^~~~~~~~~~~~~~~~~~~~~~~
/workspaces/Engine/engine/graphics/drawingprotocol.h:275:26: note: ‘builtin_shader_typehash’ was not declared ‘constexpr’
  275 | static const __uint128_t builtin_shader_typehash[] = {
      |                          ^~~~~~~~~~~~~~~~~~~~~~~
/workspaces/Engine/engine/graphics/drawingprotocol.c:373:22: error: the value of ‘builtin_shader_typehash’ is not usable in a constant expression
  373 |                 case builtin_shader_typehash[3]: // GL_FLOAT
      |                      ^~~~~~~~~~~~~~~~~~~~~~~
/workspaces/Engine/engine/graphics/drawingprotocol.h:275:26: note: ‘builtin_shader_typehash’ was not declared ‘constexpr’
  275 | static const __uint128_t builtin_shader_typehash[] = {
      |                          ^~~~~~~~~~~~~~~~~~~~~~~
/workspaces/Engine/engine/graphics/drawingprotocol.c:376:22: error: the value of ‘builtin_shader_typehash’ is not usable in a constant expression
  376 |                 case builtin_shader_typehash[4]: // vec2
      |                      ^~~~~~~~~~~~~~~~~~~~~~~
/workspaces/Engine/engine/graphics/drawingprotocol.h:275:26: note: ‘builtin_shader_typehash’ was not declared ‘constexpr’
  275 | static const __uint128_t builtin_shader_typehash[] = {
      |                          ^~~~~~~~~~~~~~~~~~~~~~~
/workspaces/Engine/engine/graphics/drawingprotocol.c:376:22: error: the value of ‘builtin_shader_typehash’ is not usable in a constant expression
  376 |                 case builtin_shader_typehash[4]: // vec2
      |                      ^~~~~~~~~~~~~~~~~~~~~~~
/workspaces/Engine/engine/graphics/drawingprotocol.h:275:26: note: ‘builtin_shader_typehash’ was not declared ‘constexpr’
  275 | static const __uint128_t builtin_shader_typehash[] = {
      |                          ^~~~~~~~~~~~~~~~~~~~~~~
/workspaces/Engine/engine/graphics/drawingprotocol.c:379:22: error: the value of ‘builtin_shader_typehash’ is not usable in a constant expression
  379 |                 case builtin_shader_typehash[5]: // vec3
      |                      ^~~~~~~~~~~~~~~~~~~~~~~
/workspaces/Engine/engine/graphics/drawingprotocol.h:275:26: note: ‘builtin_shader_typehash’ was not declared ‘constexpr’
  275 | static const __uint128_t builtin_shader_typehash[] = {
      |                          ^~~~~~~~~~~~~~~~~~~~~~~
/workspaces/Engine/engine/graphics/drawingprotocol.c:379:22: error: the value of ‘builtin_shader_typehash’ is not usable in a constant expression
  379 |                 case builtin_shader_typehash[5]: // vec3
      |                      ^~~~~~~~~~~~~~~~~~~~~~~
/workspaces/Engine/engine/graphics/drawingprotocol.h:275:26: note: ‘builtin_shader_typehash’ was not declared ‘constexpr’
  275 | static const __uint128_t builtin_shader_typehash[] = {
      |                          ^~~~~~~~~~~~~~~~~~~~~~~
/workspaces/Engine/engine/graphics/drawingprotocol.c:382:22: error: the value of ‘builtin_shader_typehash’ is not usable in a constant expression
  382 |                 case builtin_shader_typehash[6]: // vec4
      |                      ^~~~~~~~~~~~~~~~~~~~~~~
/workspaces/Engine/engine/graphics/drawingprotocol.h:275:26: note: ‘builtin_shader_typehash’ was not declared ‘constexpr’
  275 | static const __uint128_t builtin_shader_typehash[] = {
      |                          ^~~~~~~~~~~~~~~~~~~~~~~
/workspaces/Engine/engine/graphics/drawingprotocol.c:382:22: error: the value of ‘builtin_shader_typehash’ is not usable in a constant expression
  382 |                 case builtin_shader_typehash[6]: // vec4
      |                      ^~~~~~~~~~~~~~~~~~~~~~~
/workspaces/Engine/engine/graphics/drawingprotocol.h:275:26: note: ‘builtin_shader_typehash’ was not declared ‘constexpr’
  275 | static const __uint128_t builtin_shader_typehash[] = {
      |                          ^~~~~~~~~~~~~~~~~~~~~~~
/workspaces/Engine/engine/graphics/drawingprotocol.c:385:22: error: the value of ‘builtin_shader_typehash’ is not usable in a constant expression
  385 |                 case builtin_shader_typehash[7]: // ivec2
      |                      ^~~~~~~~~~~~~~~~~~~~~~~
/workspaces/Engine/engine/graphics/drawingprotocol.h:275:26: note: ‘builtin_shader_typehash’ was not declared ‘constexpr’
  275 | static const __uint128_t builtin_shader_typehash[] = {
      |                          ^~~~~~~~~~~~~~~~~~~~~~~
/workspaces/Engine/engine/graphics/drawingprotocol.c:385:22: error: the value of ‘builtin_shader_typehash’ is not usable in a constant expression
  385 |                 case builtin_shader_typehash[7]: // ivec2
      |                      ^~~~~~~~~~~~~~~~~~~~~~~
/workspaces/Engine/engine/graphics/drawingprotocol.h:275:26: note: ‘builtin_shader_typehash’ was not declared ‘constexpr’
  275 | static const __uint128_t builtin_shader_typehash[] = {
      |                          ^~~~~~~~~~~~~~~~~~~~~~~
/workspaces/Engine/engine/graphics/drawingprotocol.c:388:22: error: the value of ‘builtin_shader_typehash’ is not usable in a constant expression
  388 |                 case builtin_shader_typehash[8]: // ivec3
      |                      ^~~~~~~~~~~~~~~~~~~~~~~
/workspaces/Engine/engine/graphics/drawingprotocol.h:275:26: note: ‘builtin_shader_typehash’ was not declared ‘constexpr’
  275 | static const __uint128_t builtin_shader_typehash[] = {
      |                          ^~~~~~~~~~~~~~~~~~~~~~~
/workspaces/Engine/engine/graphics/drawingprotocol.c:388:22: error: the value of ‘builtin_shader_typehash’ is not usable in a constant expression
  388 |                 case builtin_shader_typehash[8]: // ivec3
      |                      ^~~~~~~~~~~~~~~~~~~~~~~
/workspaces/Engine/engine/graphics/drawingprotocol.h:275:26: note: ‘builtin_shader_typehash’ was not declared ‘constexpr’
  275 | static const __uint128_t builtin_shader_typehash[] = {
      |                          ^~~~~~~~~~~~~~~~~~~~~~~
/workspaces/Engine/engine/graphics/drawingprotocol.c:391:22: error: the value of ‘builtin_shader_typehash’ is not usable in a constant expression
  391 |                 case builtin_shader_typehash[9]: // ivec4
      |                      ^~~~~~~~~~~~~~~~~~~~~~~
/workspaces/Engine/engine/graphics/drawingprotocol.h:275:26: note: ‘builtin_shader_typehash’ was not declared ‘constexpr’
  275 | static const __uint128_t builtin_shader_typehash[] = {
      |                          ^~~~~~~~~~~~~~~~~~~~~~~
/workspaces/Engine/engine/graphics/drawingprotocol.c:391:22: error: the value of ‘builtin_shader_typehash’ is not usable in a constant expression
  391 |                 case builtin_shader_typehash[9]: // ivec4
      |                      ^~~~~~~~~~~~~~~~~~~~~~~
/workspaces/Engine/engine/graphics/drawingprotocol.h:275:26: note: ‘builtin_shader_typehash’ was not declared ‘constexpr’
  275 | static const __uint128_t builtin_shader_typehash[] = {
      |                          ^~~~~~~~~~~~~~~~~~~~~~~
/workspaces/Engine/engine/graphics/drawingprotocol.c:394:22: error: the value of ‘builtin_shader_typehash’ is not usable in a constant expression
  394 |                 case builtin_shader_typehash[10]: // uvec2
      |                      ^~~~~~~~~~~~~~~~~~~~~~~
/workspaces/Engine/engine/graphics/drawingprotocol.h:275:26: note: ‘builtin_shader_typehash’ was not declared ‘constexpr’
  275 | static const __uint128_t builtin_shader_typehash[] = {
      |                          ^~~~~~~~~~~~~~~~~~~~~~~
/workspaces/Engine/engine/graphics/drawingprotocol.c:394:22: error: the value of ‘builtin_shader_typehash’ is not usable in a constant expression
  394 |                 case builtin_shader_typehash[10]: // uvec2
      |                      ^~~~~~~~~~~~~~~~~~~~~~~
/workspaces/Engine/engine/graphics/drawingprotocol.h:275:26: note: ‘builtin_shader_typehash’ was not declared ‘constexpr’
  275 | static const __uint128_t builtin_shader_typehash[] = {
      |                          ^~~~~~~~~~~~~~~~~~~~~~~
/workspaces/Engine/engine/graphics/drawingprotocol.c:397:22: error: the value of ‘builtin_shader_typehash’ is not usable in a constant expression
  397 |                 case builtin_shader_typehash[11]: // uvec3
      |                      ^~~~~~~~~~~~~~~~~~~~~~~
/workspaces/Engine/engine/graphics/drawingprotocol.h:275:26: note: ‘builtin_shader_typehash’ was not declared ‘constexpr’
  275 | static const __uint128_t builtin_shader_typehash[] = {
      |                          ^~~~~~~~~~~~~~~~~~~~~~~
/workspaces/Engine/engine/graphics/drawingprotocol.c:397:22: error: the value of ‘builtin_shader_typehash’ is not usable in a constant expression
  397 |                 case builtin_shader_typehash[11]: // uvec3
      |                      ^~~~~~~~~~~~~~~~~~~~~~~
/workspaces/Engine/engine/graphics/drawingprotocol.h:275:26: note: ‘builtin_shader_typehash’ was not declared ‘constexpr’
  275 | static const __uint128_t builtin_shader_typehash[] = {
      |                          ^~~~~~~~~~~~~~~~~~~~~~~
/workspaces/Engine/engine/graphics/drawingprotocol.c:400:22: error: the value of ‘builtin_shader_typehash’ is not usable in a constant expression
  400 |                 case builtin_shader_typehash[12]: // uvec4
      |                      ^~~~~~~~~~~~~~~~~~~~~~~
/workspaces/Engine/engine/graphics/drawingprotocol.h:275:26: note: ‘builtin_shader_typehash’ was not declared ‘constexpr’
  275 | static const __uint128_t builtin_shader_typehash[] = {
      |                          ^~~~~~~~~~~~~~~~~~~~~~~
/workspaces/Engine/engine/graphics/drawingprotocol.c:400:22: error: the value of ‘builtin_shader_typehash’ is not usable in a constant expression
  400 |                 case builtin_shader_typehash[12]: // uvec4
      |                      ^~~~~~~~~~~~~~~~~~~~~~~
/workspaces/Engine/engine/graphics/drawingprotocol.h:275:26: note: ‘builtin_shader_typehash’ was not declared ‘constexpr’
  275 | static const __uint128_t builtin_shader_typehash[] = {
      |                          ^~~~~~~~~~~~~~~~~~~~~~~
/workspaces/Engine/engine/graphics/drawingprotocol.c:403:22: error: the value of ‘builtin_shader_typehash’ is not usable in a constant expression
  403 |                 case builtin_shader_typehash[13]: // mat2
      |                      ^~~~~~~~~~~~~~~~~~~~~~~
/workspaces/Engine/engine/graphics/drawingprotocol.h:275:26: note: ‘builtin_shader_typehash’ was not declared ‘constexpr’
  275 | static const __uint128_t builtin_shader_typehash[] = {
      |                          ^~~~~~~~~~~~~~~~~~~~~~~
/workspaces/Engine/engine/graphics/drawingprotocol.c:403:22: error: the value of ‘builtin_shader_typehash’ is not usable in a constant expression
  403 |                 case builtin_shader_typehash[13]: // mat2
      |                      ^~~~~~~~~~~~~~~~~~~~~~~
/workspaces/Engine/engine/graphics/drawingprotocol.h:275:26: note: ‘builtin_shader_typehash’ was not declared ‘constexpr’
  275 | static const __uint128_t builtin_shader_typehash[] = {
      |                          ^~~~~~~~~~~~~~~~~~~~~~~
/workspaces/Engine/engine/graphics/drawingprotocol.c:406:22: error: the value of ‘builtin_shader_typehash’ is not usable in a constant expression
  406 |                 case builtin_shader_typehash[14]: // mat3
      |                      ^~~~~~~~~~~~~~~~~~~~~~~
/workspaces/Engine/engine/graphics/drawingprotocol.h:275:26: note: ‘builtin_shader_typehash’ was not declared ‘constexpr’
  275 | static const __uint128_t builtin_shader_typehash[] = {
      |                          ^~~~~~~~~~~~~~~~~~~~~~~
/workspaces/Engine/engine/graphics/drawingprotocol.c:406:22: error: the value of ‘builtin_shader_typehash’ is not usable in a constant expression
  406 |                 case builtin_shader_typehash[14]: // mat3
      |                      ^~~~~~~~~~~~~~~~~~~~~~~
/workspaces/Engine/engine/graphics/drawingprotocol.h:275:26: note: ‘builtin_shader_typehash’ was not declared ‘constexpr’
  275 | static const __uint128_t builtin_shader_typehash[] = {
      |                          ^~~~~~~~~~~~~~~~~~~~~~~
/workspaces/Engine/engine/graphics/drawingprotocol.c:409:22: error: the value of ‘builtin_shader_typehash’ is not usable in a constant expression
  409 |                 case builtin_shader_typehash[15]: // mat4
      |                      ^~~~~~~~~~~~~~~~~~~~~~~
/workspaces/Engine/engine/graphics/drawingprotocol.h:275:26: note: ‘builtin_shader_typehash’ was not declared ‘constexpr’
  275 | static const __uint128_t builtin_shader_typehash[] = {
      |                          ^~~~~~~~~~~~~~~~~~~~~~~
/workspaces/Engine/engine/graphics/drawingprotocol.c:409:22: error: the value of ‘builtin_shader_typehash’ is not usable in a constant expression
  409 |                 case builtin_shader_typehash[15]: // mat4
      |                      ^~~~~~~~~~~~~~~~~~~~~~~
/workspaces/Engine/engine/graphics/drawingprotocol.h:275:26: note: ‘builtin_shader_typehash’ was not declared ‘constexpr’
  275 | static const __uint128_t builtin_shader_typehash[] = {
      |                          ^~~~~~~~~~~~~~~~~~~~~~~
/workspaces/Engine/engine/graphics/drawingprotocol.c:412:22: error: the value of ‘builtin_shader_typehash’ is not usable in a constant expression
  412 |                 case builtin_shader_typehash[16]: // mat2x3
      |                      ^~~~~~~~~~~~~~~~~~~~~~~
/workspaces/Engine/engine/graphics/drawingprotocol.h:275:26: note: ‘builtin_shader_typehash’ was not declared ‘constexpr’
  275 | static const __uint128_t builtin_shader_typehash[] = {
      |                          ^~~~~~~~~~~~~~~~~~~~~~~
/workspaces/Engine/engine/graphics/drawingprotocol.c:412:22: error: the value of ‘builtin_shader_typehash’ is not usable in a constant expression
  412 |                 case builtin_shader_typehash[16]: // mat2x3
      |                      ^~~~~~~~~~~~~~~~~~~~~~~
/workspaces/Engine/engine/graphics/drawingprotocol.h:275:26: note: ‘builtin_shader_typehash’ was not declared ‘constexpr’
  275 | static const __uint128_t builtin_shader_typehash[] = {
      |                          ^~~~~~~~~~~~~~~~~~~~~~~
/workspaces/Engine/engine/graphics/drawingprotocol.c:415:22: error: the value of ‘builtin_shader_typehash’ is not usable in a constant expression
  415 |                 case builtin_shader_typehash[17]: // mat3x2
      |                      ^~~~~~~~~~~~~~~~~~~~~~~
/workspaces/Engine/engine/graphics/drawingprotocol.h:275:26: note: ‘builtin_shader_typehash’ was not declared ‘constexpr’
  275 | static const __uint128_t builtin_shader_typehash[] = {
      |                          ^~~~~~~~~~~~~~~~~~~~~~~
/workspaces/Engine/engine/graphics/drawingprotocol.c:415:22: error: the value of ‘builtin_shader_typehash’ is not usable in a constant expression
  415 |                 case builtin_shader_typehash[17]: // mat3x2
      |                      ^~~~~~~~~~~~~~~~~~~~~~~
/workspaces/Engine/engine/graphics/drawingprotocol.h:275:26: note: ‘builtin_shader_typehash’ was not declared ‘constexpr’
  275 | static const __uint128_t builtin_shader_typehash[] = {
      |                          ^~~~~~~~~~~~~~~~~~~~~~~
/workspaces/Engine/engine/graphics/drawingprotocol.c:418:22: error: the value of ‘builtin_shader_typehash’ is not usable in a constant expression
  418 |                 case builtin_shader_typehash[18]: // mat2x4
      |                      ^~~~~~~~~~~~~~~~~~~~~~~
/workspaces/Engine/engine/graphics/drawingprotocol.h:275:26: note: ‘builtin_shader_typehash’ was not declared ‘constexpr’
  275 | static const __uint128_t builtin_shader_typehash[] = {
      |                          ^~~~~~~~~~~~~~~~~~~~~~~
/workspaces/Engine/engine/graphics/drawingprotocol.c:418:22: error: the value of ‘builtin_shader_typehash’ is not usable in a constant expression
  418 |                 case builtin_shader_typehash[18]: // mat2x4
      |                      ^~~~~~~~~~~~~~~~~~~~~~~
/workspaces/Engine/engine/graphics/drawingprotocol.h:275:26: note: ‘builtin_shader_typehash’ was not declared ‘constexpr’
  275 | static const __uint128_t builtin_shader_typehash[] = {
      |                          ^~~~~~~~~~~~~~~~~~~~~~~
/workspaces/Engine/engine/graphics/drawingprotocol.c:421:22: error: the value of ‘builtin_shader_typehash’ is not usable in a constant expression
  421 |                 case builtin_shader_typehash[19]: // mat4x2
      |                      ^~~~~~~~~~~~~~~~~~~~~~~
/workspaces/Engine/engine/graphics/drawingprotocol.h:275:26: note: ‘builtin_shader_typehash’ was not declared ‘constexpr’
  275 | static const __uint128_t builtin_shader_typehash[] = {
      |                          ^~~~~~~~~~~~~~~~~~~~~~~
/workspaces/Engine/engine/graphics/drawingprotocol.c:421:22: error: the value of ‘builtin_shader_typehash’ is not usable in a constant expression
  421 |                 case builtin_shader_typehash[19]: // mat4x2
      |                      ^~~~~~~~~~~~~~~~~~~~~~~
/workspaces/Engine/engine/graphics/drawingprotocol.h:275:26: note: ‘builtin_shader_typehash’ was not declared ‘constexpr’
  275 | static const __uint128_t builtin_shader_typehash[] = {
      |                          ^~~~~~~~~~~~~~~~~~~~~~~
/workspaces/Engine/engine/graphics/drawingprotocol.c:424:22: error: the value of ‘builtin_shader_typehash’ is not usable in a constant expression
  424 |                 case builtin_shader_typehash[20]: // mat3x4
      |                      ^~~~~~~~~~~~~~~~~~~~~~~
/workspaces/Engine/engine/graphics/drawingprotocol.h:275:26: note: ‘builtin_shader_typehash’ was not declared ‘constexpr’
  275 | static const __uint128_t builtin_shader_typehash[] = {
      |                          ^~~~~~~~~~~~~~~~~~~~~~~
/workspaces/Engine/engine/graphics/drawingprotocol.c:424:22: error: the value of ‘builtin_shader_typehash’ is not usable in a constant expression
  424 |                 case builtin_shader_typehash[20]: // mat3x4
      |                      ^~~~~~~~~~~~~~~~~~~~~~~
/workspaces/Engine/engine/graphics/drawingprotocol.h:275:26: note: ‘builtin_shader_typehash’ was not declared ‘constexpr’
  275 | static const __uint128_t builtin_shader_typehash[] = {
      |                          ^~~~~~~~~~~~~~~~~~~~~~~
/workspaces/Engine/engine/graphics/drawingprotocol.c:427:22: error: the value of ‘builtin_shader_typehash’ is not usable in a constant expression
  427 |                 case builtin_shader_typehash[21]: // mat4x3
      |                      ^~~~~~~~~~~~~~~~~~~~~~~
/workspaces/Engine/engine/graphics/drawingprotocol.h:275:26: note: ‘builtin_shader_typehash’ was not declared ‘constexpr’
  275 | static const __uint128_t builtin_shader_typehash[] = {
      |                          ^~~~~~~~~~~~~~~~~~~~~~~
/workspaces/Engine/engine/graphics/drawingprotocol.c:427:22: error: the value of ‘builtin_shader_typehash’ is not usable in a constant expression
  427 |                 case builtin_shader_typehash[21]: // mat4x3
      |                      ^~~~~~~~~~~~~~~~~~~~~~~
/workspaces/Engine/engine/graphics/drawingprotocol.h:275:26: note: ‘builtin_shader_typehash’ was not declared ‘constexpr’
  275 | static const __uint128_t builtin_shader_typehash[] = {
      |                          ^~~~~~~~~~~~~~~~~~~~~~~
/workspaces/Engine/engine/graphics/drawingprotocol.c:344:91: warning: unused parameter ‘property’ [-Wunused-parameter]
  344 | void uniform_write(shaderblock_t* shader, const char* type, const char* name, const char* property, bool* transpose, const void* value, size_t num_elements){
      |                                                                               ~~~~~~~~~~~~^~~~~~~~
/workspaces/Engine/engine/graphics/drawingprotocol.c: In function ‘ComputeShaderBlock* shader_compile(bool)’:
/workspaces/Engine/engine/graphics/drawingprotocol.c:452:9: error: ‘shader_error’ was not declared in this scope; did you mean ‘shader_end’?
  452 |         shader_error(shaderblock, "VERTEX");
      |         ^~~~~~~~~~~~
      |         shader_end
/workspaces/Engine/engine/graphics/drawingprotocol.c: In function ‘void win_draw(window*, const GLfloat*, size_t, GLuint*, size_t)’:
/workspaces/Engine/engine/graphics/drawingprotocol.c:545:41: error: ‘window’ {aka ‘struct window’} has no member named ‘buffers’; did you mean ‘buffer_len’?
  545 |         if(win->buffer_len == 0 || win->buffers == NULL){
      |                                         ^~~~~~~
      |                                         buffer_len
/workspaces/Engine/engine/graphics/drawingprotocol.c:546:22: error: ‘window’ {aka ‘struct window’} has no member named ‘buffers’; did you mean ‘buffer_len’?
  546 |                 win->buffers = (bufferobj_t*)malloc(sizeof(bufferobj_t));
      |                      ^~~~~~~
      |                      buffer_len
/workspaces/Engine/engine/graphics/drawingprotocol.c:549:22: error: ‘window’ {aka ‘struct window’} has no member named ‘buffers’; did you mean ‘buffer_len’?
  549 |                 win->buffers[0]->VBO = malloc(sizeof(GLuint));
      |                      ^~~~~~~
      |                      buffer_len
/workspaces/Engine/engine/graphics/drawingprotocol.c:550:22: error: ‘window’ {aka ‘struct window’} has no member named ‘buffers’; did you mean ‘buffer_len’?
  550 |                 win->buffers[0]->EBO = malloc(sizeof(GLuint));
      |                      ^~~~~~~
      |                      buffer_len
/workspaces/Engine/engine/graphics/drawingprotocol.c:552:34: error: ‘window’ {aka ‘struct window’} has no member named ‘buffers’; did you mean ‘buffer_len’?
  552 |         BUFFEROBJECT_HANDLE(win->buffers[win->buffer_curr], points, len, indexes, &ilen, GL_STATIC_DRAW, 10);
      |                                  ^~~~~~~
/workspaces/Engine/engine/graphics/drawingprotocol.h:37:9: note: in definition of macro ‘BUFFEROBJECT_HANDLE’
   37 |     if (BO == NULL) { \
      |         ^~
/workspaces/Engine/engine/graphics/drawingprotocol.c:552:34: error: ‘window’ {aka ‘struct window’} has no member named ‘buffers’; did you mean ‘buffer_len’?
  552 |         BUFFEROBJECT_HANDLE(win->buffers[win->buffer_curr], points, len, indexes, &ilen, GL_STATIC_DRAW, 10);
      |                                  ^~~~~~~
/workspaces/Engine/engine/graphics/drawingprotocol.h:38:9: note: in definition of macro ‘BUFFEROBJECT_HANDLE’
   38 |         BO = (bufferobj_t*)malloc(sizeof(bufferobj_t)); \
      |         ^~
/workspaces/Engine/engine/graphics/drawingprotocol.c:552:34: error: ‘window’ {aka ‘struct window’} has no member named ‘buffers’; did you mean ‘buffer_len’?
  552 |         BUFFEROBJECT_HANDLE(win->buffers[win->buffer_curr], points, len, indexes, &ilen, GL_STATIC_DRAW, 10);
      |                                  ^~~~~~~
/workspaces/Engine/engine/graphics/drawingprotocol.h:39:13: note: in definition of macro ‘BUFFEROBJECT_HANDLE’
   39 |         if (BO == NULL){break;} /* Exit on allocation failure */ \
      |             ^~
/workspaces/Engine/engine/graphics/drawingprotocol.c:552:34: error: ‘window’ {aka ‘struct window’} has no member named ‘buffers’; did you mean ‘buffer_len’?
  552 |         BUFFEROBJECT_HANDLE(win->buffers[win->buffer_curr], points, len, indexes, &ilen, GL_STATIC_DRAW, 10);
      |                                  ^~~~~~~
/workspaces/Engine/engine/graphics/drawingprotocol.h:40:9: note: in definition of macro ‘BUFFEROBJECT_HANDLE’
   40 |         BO->VBO = (GLuint*)malloc(sizeof(GLuint)); \
      |         ^~
/workspaces/Engine/engine/graphics/drawingprotocol.c:552:34: error: ‘window’ {aka ‘struct window’} has no member named ‘buffers’; did you mean ‘buffer_len’?
  552 |         BUFFEROBJECT_HANDLE(win->buffers[win->buffer_curr], points, len, indexes, &ilen, GL_STATIC_DRAW, 10);
      |                                  ^~~~~~~
/workspaces/Engine/engine/graphics/drawingprotocol.h:41:13: note: in definition of macro ‘BUFFEROBJECT_HANDLE’
   41 |         if (BO->VBO == NULL){break;} \
      |             ^~
/workspaces/Engine/engine/graphics/drawingprotocol.c:552:34: error: ‘window’ {aka ‘struct window’} has no member named ‘buffers’; did you mean ‘buffer_len’?
  552 |         BUFFEROBJECT_HANDLE(win->buffers[win->buffer_curr], points, len, indexes, &ilen, GL_STATIC_DRAW, 10);
      |                                  ^~~~~~~
/workspaces/Engine/engine/graphics/drawingprotocol.h:42:9: note: in definition of macro ‘BUFFEROBJECT_HANDLE’
   42 |         BO->EBO = (GLuint*)malloc(sizeof(GLuint)); \
      |         ^~
/workspaces/Engine/engine/graphics/drawingprotocol.c:552:34: error: ‘window’ {aka ‘struct window’} has no member named ‘buffers’; did you mean ‘buffer_len’?
  552 |         BUFFEROBJECT_HANDLE(win->buffers[win->buffer_curr], points, len, indexes, &ilen, GL_STATIC_DRAW, 10);
      |                                  ^~~~~~~
/workspaces/Engine/engine/graphics/drawingprotocol.h:43:13: note: in definition of macro ‘BUFFEROBJECT_HANDLE’
   43 |         if (BO->EBO == NULL){break;} \
      |             ^~
/workspaces/Engine/engine/graphics/drawingprotocol.c:552:34: error: ‘window’ {aka ‘struct window’} has no member named ‘buffers’; did you mean ‘buffer_len’?
  552 |         BUFFEROBJECT_HANDLE(win->buffers[win->buffer_curr], points, len, indexes, &ilen, GL_STATIC_DRAW, 10);
      |                                  ^~~~~~~
/workspaces/Engine/engine/graphics/drawingprotocol.h:47:9: note: in definition of macro ‘BUFFEROBJECT_HANDLE’
   47 |     if (BO->buffer_[0] == false) { \
      |         ^~
/workspaces/Engine/engine/graphics/drawingprotocol.c:552:34: error: ‘window’ {aka ‘struct window’} has no member named ‘buffers’; did you mean ‘buffer_len’?
  552 |         BUFFEROBJECT_HANDLE(win->buffers[win->buffer_curr], points, len, indexes, &ilen, GL_STATIC_DRAW, 10);
      |                                  ^~~~~~~
/workspaces/Engine/engine/graphics/drawingprotocol.h:48:13: note: in definition of macro ‘BUFFEROBJECT_HANDLE’
   48 |         if (BO->VAO == 0) { glGenVertexArrays(1, &BO->VAO); } \
      |             ^~
/workspaces/Engine/engine/graphics/drawingprotocol.c:552:34: error: ‘window’ {aka ‘struct window’} has no member named ‘buffers’; did you mean ‘buffer_len’?
  552 |         BUFFEROBJECT_HANDLE(win->buffers[win->buffer_curr], points, len, indexes, &ilen, GL_STATIC_DRAW, 10);
      |                                  ^~~~~~~
/workspaces/Engine/engine/graphics/drawingprotocol.h:48:51: note: in definition of macro ‘BUFFEROBJECT_HANDLE’
   48 |         if (BO->VAO == 0) { glGenVertexArrays(1, &BO->VAO); } \
      |                                                   ^~
/workspaces/Engine/engine/graphics/drawingprotocol.c:552:34: error: ‘window’ {aka ‘struct window’} has no member named ‘buffers’; did you mean ‘buffer_len’?
  552 |         BUFFEROBJECT_HANDLE(win->buffers[win->buffer_curr], points, len, indexes, &ilen, GL_STATIC_DRAW, 10);
      |                                  ^~~~~~~
/workspaces/Engine/engine/graphics/drawingprotocol.h:49:27: note: in definition of macro ‘BUFFEROBJECT_HANDLE’
   49 |         glBindVertexArray(BO->VAO); \
      |                           ^~
/workspaces/Engine/engine/graphics/drawingprotocol.c:552:34: error: ‘window’ {aka ‘struct window’} has no member named ‘buffers’; did you mean ‘buffer_len’?
  552 |         BUFFEROBJECT_HANDLE(win->buffers[win->buffer_curr], points, len, indexes, &ilen, GL_STATIC_DRAW, 10);
      |                                  ^~~~~~~
/workspaces/Engine/engine/graphics/drawingprotocol.h:52:9: note: in definition of macro ‘BUFFEROBJECT_HANDLE’
   52 |     if (BO->buffer_[1] == false && VERTICES != NULL) { \
      |         ^~
/workspaces/Engine/engine/graphics/drawingprotocol.c:552:34: error: ‘window’ {aka ‘struct window’} has no member named ‘buffers’; did you mean ‘buffer_len’?
  552 |         BUFFEROBJECT_HANDLE(win->buffers[win->buffer_curr], points, len, indexes, &ilen, GL_STATIC_DRAW, 10);
      |                                  ^~~~~~~
/workspaces/Engine/engine/graphics/drawingprotocol.h:53:13: note: in definition of macro ‘BUFFEROBJECT_HANDLE’
   53 |         if (BO->VBO_len == 0) { \
      |             ^~
/workspaces/Engine/engine/graphics/drawingprotocol.c:552:34: error: ‘window’ {aka ‘struct window’} has no member named ‘buffers’; did you mean ‘buffer_len’?
  552 |         BUFFEROBJECT_HANDLE(win->buffers[win->buffer_curr], points, len, indexes, &ilen, GL_STATIC_DRAW, 10);
      |                                  ^~~~~~~
/workspaces/Engine/engine/graphics/drawingprotocol.h:54:29: note: in definition of macro ‘BUFFEROBJECT_HANDLE’
   54 |             glGenBuffers(1, BO->VBO); \
      |                             ^~
/workspaces/Engine/engine/graphics/drawingprotocol.c:552:34: error: ‘window’ {aka ‘struct window’} has no member named ‘buffers’; did you mean ‘buffer_len’?
  552 |         BUFFEROBJECT_HANDLE(win->buffers[win->buffer_curr], points, len, indexes, &ilen, GL_STATIC_DRAW, 10);
      |                                  ^~~~~~~
/workspaces/Engine/engine/graphics/drawingprotocol.h:55:13: note: in definition of macro ‘BUFFEROBJECT_HANDLE’
   55 |             BO->VBO_len = 1; \
      |             ^~
/workspaces/Engine/engine/graphics/drawingprotocol.c:552:34: error: ‘window’ {aka ‘struct window’} has no member named ‘buffers’; did you mean ‘buffer_len’?
  552 |         BUFFEROBJECT_HANDLE(win->buffers[win->buffer_curr], points, len, indexes, &ilen, GL_STATIC_DRAW, 10);
      |                                  ^~~~~~~
/workspaces/Engine/engine/graphics/drawingprotocol.h:57:40: note: in definition of macro ‘BUFFEROBJECT_HANDLE’
   57 |         glBindBuffer(GL_ARRAY_BUFFER, *BO->VBO); \
      |                                        ^~
/workspaces/Engine/engine/graphics/drawingprotocol.c:552:34: error: ‘window’ {aka ‘struct window’} has no member named ‘buffers’; did you mean ‘buffer_len’?
  552 |         BUFFEROBJECT_HANDLE(win->buffers[win->buffer_curr], points, len, indexes, &ilen, GL_STATIC_DRAW, 10);
      |                                  ^~~~~~~
/workspaces/Engine/engine/graphics/drawingprotocol.h:61:9: note: in definition of macro ‘BUFFEROBJECT_HANDLE’
   61 |     if (BO->buffer_[2] == false && INDEX_ORDER != NULL) { \
      |         ^~
/workspaces/Engine/engine/graphics/drawingprotocol.c:552:34: error: ‘window’ {aka ‘struct window’} has no member named ‘buffers’; did you mean ‘buffer_len’?
  552 |         BUFFEROBJECT_HANDLE(win->buffers[win->buffer_curr], points, len, indexes, &ilen, GL_STATIC_DRAW, 10);
      |                                  ^~~~~~~
/workspaces/Engine/engine/graphics/drawingprotocol.h:75:12: note: in definition of macro ‘BUFFEROBJECT_HANDLE’
   75 |         if(BO->EBO == 0){glGenBuffers(1, BO->EBO);}   \
      |            ^~
/workspaces/Engine/engine/graphics/drawingprotocol.c:552:34: error: ‘window’ {aka ‘struct window’} has no member named ‘buffers’; did you mean ‘buffer_len’?
  552 |         BUFFEROBJECT_HANDLE(win->buffers[win->buffer_curr], points, len, indexes, &ilen, GL_STATIC_DRAW, 10);
      |                                  ^~~~~~~
/workspaces/Engine/engine/graphics/drawingprotocol.h:75:42: note: in definition of macro ‘BUFFEROBJECT_HANDLE’
   75 |         if(BO->EBO == 0){glGenBuffers(1, BO->EBO);}   \
      |                                          ^~
/workspaces/Engine/engine/graphics/drawingprotocol.c:552:34: error: ‘window’ {aka ‘struct window’} has no member named ‘buffers’; did you mean ‘buffer_len’?
  552 |         BUFFEROBJECT_HANDLE(win->buffers[win->buffer_curr], points, len, indexes, &ilen, GL_STATIC_DRAW, 10);
      |                                  ^~~~~~~
/workspaces/Engine/engine/graphics/drawingprotocol.h:76:47: note: in definition of macro ‘BUFFEROBJECT_HANDLE’
   76 |         glBindBuffer(GL_ELEMENT_ARRAY_BUFFER, BO->EBO);    \
      |                                               ^~
/workspaces/Engine/engine/graphics/drawingprotocol.c: In function ‘void winimage_append(window*, const char*, const Color4*)’:
/workspaces/Engine/engine/graphics/drawingprotocol.c:568:14: error: ‘window’ {aka ‘struct window’} has no member named ‘textures’; did you mean ‘textures_len’?
  568 |         win->textures = (image_t*)realloc(win->textures, sizeof(image_t) * (win->textures_len + 1));
      |              ^~~~~~~~
      |              textures_len
/workspaces/Engine/engine/graphics/drawingprotocol.c:568:48: error: ‘window’ {aka ‘struct window’} has no member named ‘textures’; did you mean ‘textures_len’?
  568 |         win->textures = (image_t*)realloc(win->textures, sizeof(image_t) * (win->textures_len + 1));
      |                                                ^~~~~~~~
      |                                                textures_len
/workspaces/Engine/engine/graphics/drawingprotocol.c:569:18: error: ‘window’ {aka ‘struct window’} has no member named ‘textures’; did you mean ‘textures_len’?
  569 |         if (win->textures == NULL) {
      |                  ^~~~~~~~
      |                  textures_len
/workspaces/Engine/engine/graphics/drawingprotocol.c:574:36: error: ‘window’ {aka ‘struct window’} has no member named ‘textures’; did you mean ‘textures_len’?
  574 |         image_t* new_image = &win->textures[win->textures_len];
      |                                    ^~~~~~~~
      |                                    textures_len
/workspaces/Engine/engine/graphics/drawingprotocol.c:577:9: error: ‘stbi_set_flip_vertically_on_load’ was not declared in this scope
  577 |         stbi_set_flip_vertically_on_load(true);
      |         ^~~~~~~~~~~~~~~~~~~~~~~~~~~~~~~~
/workspaces/Engine/engine/graphics/drawingprotocol.c:578:26: error: ‘stbi_load’ was not declared in this scope
  578 |         new_image->img = stbi_load(filepath, &new_image->width, &new_image->height, &new_image->color_channels, 0);
      |                          ^~~~~~~~~
/workspaces/Engine/engine/graphics/drawingprotocol.c: In function ‘void* buffer_bufferdo(buffer_object*, size_t, BUFFER_OPTIONS)’:
/workspaces/Engine/engine/graphics/drawingprotocol.c:628:57: error: invalid conversion from ‘GLuint’ {aka ‘unsigned int’} to ‘const GLuint*’ {aka ‘const unsigned int*’} [-fpermissive]
  628 |                         glDeleteVertexArrays(1, buffer->VAO);
      |                                                 ~~~~~~~~^~~
      |                                                         |
      |                                                         GLuint {aka unsigned int}
/workspaces/Engine/engine/graphics/drawingprotocol.c:667:22: error: jump to case label
  667 |                 case BUFFER_OPTIONS_COLLECT_VBO_MULTIPLE:
      |                      ^~~~~~~~~~~~~~~~~~~~~~~~~~~~~~~~~~~
/workspaces/Engine/engine/graphics/drawingprotocol.c:659:33: note:   crosses initialization of ‘GLuint* out’
  659 |                         GLuint *out = (GLuint*)malloc(sizeof(GLuint) * len);
      |                                 ^~~
/workspaces/Engine/engine/graphics/drawingprotocol.c:676:22: error: jump to case label
  676 |                 case BUFFER_OPTIONS_COLLECT_EBO_MULTIPLE:
      |                      ^~~~~~~~~~~~~~~~~~~~~~~~~~~~~~~~~~~
/workspaces/Engine/engine/graphics/drawingprotocol.c:668:33: note:   crosses initialization of ‘GLuint* out_vbo’
  668 |                         GLuint *out_vbo = (GLuint*)malloc(sizeof(GLuint) * len);
      |                                 ^~~~~~~
/workspaces/Engine/engine/graphics/drawingprotocol.c:659:33: note:   crosses initialization of ‘GLuint* out’
  659 |                         GLuint *out = (GLuint*)malloc(sizeof(GLuint) * len);
      |                                 ^~~
/workspaces/Engine/engine/graphics/drawingprotocol.c:685:17: error: jump to case label
  685 |                 default:
      |                 ^~~~~~~
/workspaces/Engine/engine/graphics/drawingprotocol.c:677:33: note:   crosses initialization of ‘GLuint* out_ebo’
  677 |                         GLuint *out_ebo = (GLuint*)malloc(sizeof(GLuint) * len);
      |                                 ^~~~~~~
/workspaces/Engine/engine/graphics/drawingprotocol.c:668:33: note:   crosses initialization of ‘GLuint* out_vbo’
  668 |                         GLuint *out_vbo = (GLuint*)malloc(sizeof(GLuint) * len);
      |                                 ^~~~~~~
/workspaces/Engine/engine/graphics/drawingprotocol.c:659:33: note:   crosses initialization of ‘GLuint* out’
  659 |                         GLuint *out = (GLuint*)malloc(sizeof(GLuint) * len);
      |                                 ^~~
/workspaces/Engine/engine/graphics/drawingprotocol.c:686:80: warning: format ‘%zu’ expects argument of type ‘size_t’, but argument 3 has type ‘int’ [-Wformat=]
  686 |                         fprintf(stderr, "Error: Unknown BUFFER_OPTIONS value %zu.\n", option);
      |                                                                              ~~^      ~~~~~~
      |                                                                                |      |
      |                                                                                |      int
      |                                                                                long long unsigned int
      |                                                                              %u
/workspaces/Engine/engine/graphics/drawingprotocol.c:625:15: warning: enumeration value ‘BUFFER_OPTIONS_COLLECT_VBO_MULTIPLE’ not handled in switch [-Wswitch]
  625 |         switch(option){
      |               ^
/workspaces/Engine/engine/graphics/drawingprotocol.c:625:15: warning: enumeration value ‘BUFFER_OPTIONS_COLLECT_EBO_MULTIPLE’ not handled in switch [-Wswitch]
/workspaces/Engine/engine/graphics/drawingprotocol.c: In function ‘buffer_object* win_buffercurr(window*)’:
/workspaces/Engine/engine/graphics/drawingprotocol.c:694:21: error: ‘window’ {aka ‘struct window’} has no member named ‘buffers’; did you mean ‘buffer_len’?
  694 |         return win->buffers[win->buffer_curr];
      |                     ^~~~~~~
      |                     buffer_len
/workspaces/Engine/engine/graphics/drawingprotocol.c: In function ‘void* buffer_bufferdo(buffer_object*, size_t, BUFFER_OPTIONS)’:
/workspaces/Engine/engine/graphics/drawingprotocol.c:690:1: warning: control reaches end of non-void function [-Wreturn-type]
  690 | }
      | ^
FAILED: Failed to compile /workspaces/Engine/engine/graphics/drawingprotocol.c. GCC Exit Code: 1
Compiling /workspaces/Engine/engine/graphics/window/window.c to /workspaces/Engine/Build/window.o...
Command: x86_64-w64-mingw32-g++ -c /workspaces/Engine/engine/graphics/window/window.c -I /workspaces/Engine/Libraries/include -I /workspaces/Engine/engine -I /workspaces/Engine/engine/graphics -I /workspaces/Engine/engine/graphics/window -O1 -Wextra -std=c99 -Wall -pedantic -Wl,--verbose -o /workspaces/Engine/Build/window.o
cc1plus: warning: command-line option ‘-std=c99’ is valid for C/ObjC but not for C++
In file included from /workspaces/Engine/engine/Public.h:9,
                 from /workspaces/Engine/engine/graphics/window/window.h:2,
                 from /workspaces/Engine/engine/graphics/window/window.c:1:
/workspaces/Engine/Libraries/include/glad/glad.h:27:2: error: #error OpenGL header already included, remove this include, glad already provides it
   27 | #error OpenGL header already included, remove this include, glad already provides it
      |  ^~~~~
In file included from /workspaces/Engine/engine/Public.h:10:
/workspaces/Engine/engine/graphics/drawingprotocol.h:82:1: warning: multi-line comment [-Wcomment]
   82 | // #define BUFFEROBJECT_HANDLE(BO, VERTICES, len, INDEX_ORDER, ilen, DRAW_FORMAT)   \
      | ^
/workspaces/Engine/engine/graphics/drawingprotocol.h:276:31: warning: integer constant is too large for its type
  276 |     0x17a615d41U, 0xba24308U, 0x3c498b715c77a344dU, 0x3105a2e583U,
      |                               ^~~~~~~~~~~~~~~~~~~~
/workspaces/Engine/engine/graphics/drawingprotocol.h:284:5: warning: integer constant is too large for its type
  284 |     0x3c498327d63654478U, //SamplerCube
      |     ^~~~~~~~~~~~~~~~~~~~
/workspaces/Engine/engine/graphics/drawingprotocol.h:285:5: warning: integer constant is too large for its type
  285 |     0x47781b0f5de1e434f0d364U, 0x47781b0f5de1e435a29795U,
      |     ^~~~~~~~~~~~~~~~~~~~~~~~~
/workspaces/Engine/engine/graphics/drawingprotocol.h:285:32: warning: integer constant is too large for its type
  285 |     0x47781b0f5de1e434f0d364U, 0x47781b0f5de1e435a29795U,
      |                                ^~~~~~~~~~~~~~~~~~~~~~~~~
/workspaces/Engine/engine/graphics/drawingprotocol.h:286:5: warning: integer constant is too large for its type
  286 |     0x163479a4714d88e0e6433eU, 0x2c98144203a96c279e53412b264U,
      |     ^~~~~~~~~~~~~~~~~~~~~~~~~
/workspaces/Engine/engine/graphics/drawingprotocol.h:286:32: warning: integer constant is too large for its type
  286 |     0x163479a4714d88e0e6433eU, 0x2c98144203a96c279e53412b264U,
      |                                ^~~~~~~~~~~~~~~~~~~~~~~~~~~~~~
/workspaces/Engine/engine/graphics/drawingprotocol.h:287:5: warning: integer constant is too large for its type
  287 |     0x122485303c7395017U, 0x122485303c7395038U,
      |     ^~~~~~~~~~~~~~~~~~~~
/workspaces/Engine/engine/graphics/drawingprotocol.h:287:27: warning: integer constant is too large for its type
  287 |     0x122485303c7395017U, 0x122485303c7395038U,
      |                           ^~~~~~~~~~~~~~~~~~~~
/workspaces/Engine/engine/graphics/drawingprotocol.h:288:5: warning: integer constant is too large for its type
  288 |     0x1224905d4f23b7b63U, 0x1224905d4f23b7b84U};
      |     ^~~~~~~~~~~~~~~~~~~~
/workspaces/Engine/engine/graphics/drawingprotocol.h:288:27: warning: integer constant is too large for its type
  288 |     0x1224905d4f23b7b63U, 0x1224905d4f23b7b84U};
      |                           ^~~~~~~~~~~~~~~~~~~~
/workspaces/Engine/engine/graphics/drawingprotocol.h:12:16: error: ‘arrkey’ does not name a type; did you mean ‘arrk_t’?
   12 | #define arrk_t arrkey
      |                ^~~~~~
/workspaces/Engine/engine/graphics/drawingprotocol.h:142:5: note: in expansion of macro ‘arrk_t’
  142 |     arrk_t *uniforms;
      |     ^~~~~~
/workspaces/Engine/engine/graphics/drawingprotocol.h:246:26: error: initializer-string for ‘const char [10]’ is too long [-fpermissive]
  246 | const char vs_start[10]= "#define vs",
      |                          ^~~~~~~~~~~~
/workspaces/Engine/engine/graphics/drawingprotocol.h:247:23: error: initializer-string for ‘const char [10]’ is too long [-fpermissive]
  247 |         fs_start[10]= "#define fs",
      |                       ^~~~~~~~~~~~
/workspaces/Engine/engine/graphics/drawingprotocol.h:248:23: error: initializer-string for ‘const char [10]’ is too long [-fpermissive]
  248 |         gs_start[10]= "#define gs",
      |                       ^~~~~~~~~~~~
/workspaces/Engine/engine/graphics/drawingprotocol.h:252:25: error: initializer-string for ‘const char [10]’ is too long [-fpermissive]
  252 |         shader_end[10]= "#shaderend";
      |                         ^~~~~~~~~~~~
/workspaces/Engine/engine/graphics/drawingprotocol.h:298:6: error: variable or field ‘win_draw’ declared void
  298 | void win_draw(win_t *win, const GLfloat *points, size_t len, GLuint *indexes, size_t ilen);
      |      ^~~~~~~~
/workspaces/Engine/engine/graphics/drawingprotocol.h:298:15: error: ‘win_t’ was not declared in this scope
  298 | void win_draw(win_t *win, const GLfloat *points, size_t len, GLuint *indexes, size_t ilen);
      |               ^~~~~
/workspaces/Engine/engine/graphics/drawingprotocol.h:298:15: note: the macro ‘win_t’ had not yet been defined
/workspaces/Engine/engine/graphics/window/window.h:10: note: it was later defined here
   10 | #define win_t window
      | 
/workspaces/Engine/engine/graphics/drawingprotocol.h:298:22: error: ‘win’ was not declared in this scope
  298 | void win_draw(win_t *win, const GLfloat *points, size_t len, GLuint *indexes, size_t ilen);
      |                      ^~~
/workspaces/Engine/engine/graphics/drawingprotocol.h:298:27: error: expected primary-expression before ‘const’
  298 | void win_draw(win_t *win, const GLfloat *points, size_t len, GLuint *indexes, size_t ilen);
      |                           ^~~~~
/workspaces/Engine/engine/graphics/drawingprotocol.h:298:57: error: expected primary-expression before ‘len’
  298 | void win_draw(win_t *win, const GLfloat *points, size_t len, GLuint *indexes, size_t ilen);
      |                                                         ^~~
/workspaces/Engine/engine/graphics/drawingprotocol.h:298:69: error: expected primary-expression before ‘*’ token
  298 | void win_draw(win_t *win, const GLfloat *points, size_t len, GLuint *indexes, size_t ilen);
      |                                                                     ^
/workspaces/Engine/engine/graphics/drawingprotocol.h:298:70: error: ‘indexes’ was not declared in this scope
  298 | void win_draw(win_t *win, const GLfloat *points, size_t len, GLuint *indexes, size_t ilen);
      |                                                                      ^~~~~~~
/workspaces/Engine/engine/graphics/drawingprotocol.h:298:86: error: expected primary-expression before ‘ilen’
  298 | void win_draw(win_t *win, const GLfloat *points, size_t len, GLuint *indexes, size_t ilen);
      |                                                                                      ^~~~
/workspaces/Engine/engine/graphics/drawingprotocol.h:299:6: error: variable or field ‘win_flood’ declared void
  299 | void win_flood(win_t *win, const argb_t c);
      |      ^~~~~~~~~
/workspaces/Engine/engine/graphics/drawingprotocol.h:299:16: error: ‘win_t’ was not declared in this scope
  299 | void win_flood(win_t *win, const argb_t c);
      |                ^~~~~
/workspaces/Engine/engine/graphics/drawingprotocol.h:299:16: note: the macro ‘win_t’ had not yet been defined
/workspaces/Engine/engine/graphics/window/window.h:10: note: it was later defined here
   10 | #define win_t window
      | 
/workspaces/Engine/engine/graphics/drawingprotocol.h:299:23: error: ‘win’ was not declared in this scope
  299 | void win_flood(win_t *win, const argb_t c);
      |                       ^~~
/workspaces/Engine/engine/graphics/drawingprotocol.h:299:28: error: expected primary-expression before ‘const’
  299 | void win_flood(win_t *win, const argb_t c);
      |                            ^~~~~
/workspaces/Engine/engine/graphics/drawingprotocol.h:300:6: error: variable or field ‘winimage_append’ declared void
  300 | void winimage_append(win_t *win, const char* filepath, const argb_t *border_color);
      |      ^~~~~~~~~~~~~~~
/workspaces/Engine/engine/graphics/drawingprotocol.h:300:22: error: ‘win_t’ was not declared in this scope
  300 | void winimage_append(win_t *win, const char* filepath, const argb_t *border_color);
      |                      ^~~~~
/workspaces/Engine/engine/graphics/drawingprotocol.h:300:22: note: the macro ‘win_t’ had not yet been defined
/workspaces/Engine/engine/graphics/window/window.h:10: note: it was later defined here
   10 | #define win_t window
      | 
/workspaces/Engine/engine/graphics/drawingprotocol.h:300:29: error: ‘win’ was not declared in this scope
  300 | void winimage_append(win_t *win, const char* filepath, const argb_t *border_color);
      |                             ^~~
/workspaces/Engine/engine/graphics/drawingprotocol.h:300:34: error: expected primary-expression before ‘const’
  300 | void winimage_append(win_t *win, const char* filepath, const argb_t *border_color);
      |                                  ^~~~~
/workspaces/Engine/engine/graphics/drawingprotocol.h:300:56: error: expected primary-expression before ‘const’
  300 | void winimage_append(win_t *win, const char* filepath, const argb_t *border_color);
      |                                                        ^~~~~
/workspaces/Engine/engine/graphics/drawingprotocol.h:306:29: error: ‘win_t’ was not declared in this scope
  306 | bufferobj_t *win_buffercurr(win_t *win);
      |                             ^~~~~
/workspaces/Engine/engine/graphics/drawingprotocol.h:306:29: note: the macro ‘win_t’ had not yet been defined
/workspaces/Engine/engine/graphics/window/window.h:10: note: it was later defined here
   10 | #define win_t window
      | 
/workspaces/Engine/engine/graphics/drawingprotocol.h:306:36: error: ‘win’ was not declared in this scope
  306 | bufferobj_t *win_buffercurr(win_t *win);
      |                                    ^~~
/workspaces/Engine/engine/Public.h:46:1: warning: type qualifiers ignored on function return type [-Wignored-qualifiers]
   46 | const size_t str_hash_(const char *str);
      | ^~~~~
/workspaces/Engine/engine/graphics/window/window.h:24:16: error: typedef ‘poll_do’ is initialized (use ‘decltype’ instead)
   24 | typedef void (*poll_do)(win_t *, const size_t);
      |                ^~~~~~~
/workspaces/Engine/engine/graphics/window/window.h:10:15: error: ‘window’ was not declared in this scope
   10 | #define win_t window
      |               ^~~~~~
/workspaces/Engine/engine/graphics/window/window.h:24:25: note: in expansion of macro ‘win_t’
   24 | typedef void (*poll_do)(win_t *, const size_t);
      |                         ^~~~~
/workspaces/Engine/engine/graphics/window/window.h:24:32: error: expected primary-expression before ‘,’ token
   24 | typedef void (*poll_do)(win_t *, const size_t);
      |                                ^
/workspaces/Engine/engine/graphics/window/window.h:24:34: error: expected primary-expression before ‘const’
   24 | typedef void (*poll_do)(win_t *, const size_t);
      |                                  ^~~~~
/workspaces/Engine/engine/graphics/window/window.h:27:16: error: typedef ‘poll_kill’ is initialized (use ‘decltype’ instead)
   27 | typedef void (*poll_kill)(win_t *);
      |                ^~~~~~~~~
/workspaces/Engine/engine/graphics/window/window.h:10:15: error: ‘window’ was not declared in this scope
   10 | #define win_t window
      |               ^~~~~~
/workspaces/Engine/engine/graphics/window/window.h:27:27: note: in expansion of macro ‘win_t’
   27 | typedef void (*poll_kill)(win_t *);
      |                           ^~~~~
/workspaces/Engine/engine/graphics/window/window.h:27:34: error: expected primary-expression before ‘)’ token
   27 | typedef void (*poll_kill)(win_t *);
      |                                  ^
/workspaces/Engine/engine/graphics/window/window.h:32:5: error: ‘poll_do’ does not name a type
   32 |     poll_do polld;
      |     ^~~~~~~
/workspaces/Engine/engine/graphics/window/window.h:33:5: error: ‘poll_kill’ does not name a type
   33 |     poll_kill pollk;
      |     ^~~~~~~~~
/workspaces/Engine/engine/graphics/window/window.h:52:29: error: ‘poll_do’ has not been declared
   52 | win_t *win_init(char *name, poll_do *polld, poll_kill *poolk, uint32_t w, uint32_t h);
      |                             ^~~~~~~
/workspaces/Engine/engine/graphics/window/window.h:52:45: error: ‘poll_kill’ has not been declared
   52 | win_t *win_init(char *name, poll_do *polld, poll_kill *poolk, uint32_t w, uint32_t h);
      |                                             ^~~~~~~~~
/workspaces/Engine/engine/graphics/window/window.c:8:29: error: ‘poll_do’ has not been declared
    8 | win_t *win_init(char *name, poll_do *polld, poll_kill *pollk, uint32_t w, uint32_t h){
      |                             ^~~~~~~
/workspaces/Engine/engine/graphics/window/window.c:8:45: error: ‘poll_kill’ has not been declared
    8 | win_t *win_init(char *name, poll_do *polld, poll_kill *pollk, uint32_t w, uint32_t h){
      |                                             ^~~~~~~~~
/workspaces/Engine/engine/graphics/window/window.c: In function ‘window* win_init(char*, int*, int*, uint32_t, uint32_t)’:
/workspaces/Engine/engine/graphics/window/window.c:24:28: error: invalid conversion from ‘void*’ to ‘window*’ [-fpermissive]
   24 |         win_t *win = malloc(sizeof(win_t));
      |                      ~~~~~~^~~~~~~~~~~~~~~
      |                            |
      |                            void*
/workspaces/Engine/engine/graphics/window/window.c:25:32: error: ‘window’ {aka ‘struct window’} has no member named ‘polld’
   25 |         if(polld != NULL){win->polld = polld;}else{win->polld = polld_default;}
      |                                ^~~~~
/workspaces/Engine/engine/graphics/window/window.c:25:57: error: ‘window’ {aka ‘struct window’} has no member named ‘polld’
   25 |         if(polld != NULL){win->polld = polld;}else{win->polld = polld_default;}
      |                                                         ^~~~~
/workspaces/Engine/engine/graphics/window/window.c:25:65: error: ‘polld_default’ was not declared in this scope
   25 |         if(polld != NULL){win->polld = polld;}else{win->polld = polld_default;}
      |                                                                 ^~~~~~~~~~~~~
/workspaces/Engine/engine/graphics/window/window.c:26:32: error: ‘window’ {aka ‘struct window’} has no member named ‘pollk’
   26 |         if(pollk != NULL){win->pollk = pollk;}else{win->pollk = pollk_default;}
      |                                ^~~~~
/workspaces/Engine/engine/graphics/window/window.c:26:57: error: ‘window’ {aka ‘struct window’} has no member named ‘pollk’
   26 |         if(pollk != NULL){win->pollk = pollk;}else{win->pollk = pollk_default;}
      |                                                         ^~~~~
/workspaces/Engine/engine/graphics/window/window.c:26:65: error: ‘pollk_default’ was not declared in this scope
   26 |         if(pollk != NULL){win->pollk = pollk;}else{win->pollk = pollk_default;}
      |                                                                 ^~~~~~~~~~~~~
/workspaces/Engine/engine/graphics/window/window.c: In function ‘void win_poll(window*)’:
/workspaces/Engine/engine/graphics/window/window.c:54:57: warning: ISO C++ forbids compound-literals [-Wpedantic]
   54 |                 win_flood(win, (argb_t){0.5f, 0.5f, 0, 1});
      |                                                         ^
/workspaces/Engine/engine/graphics/window/window.c:54:17: error: ‘win_flood’ was not declared in this scope
   54 |                 win_flood(win, (argb_t){0.5f, 0.5f, 0, 1});
      |                 ^~~~~~~~~
/workspaces/Engine/engine/graphics/window/window.c:59:22: error: ‘window’ {aka ‘struct window’} has no member named ‘polld’
   59 |                 win->polld(win, cc);
      |                      ^~~~~
/workspaces/Engine/engine/graphics/window/window.c:69:14: error: ‘window’ {aka ‘struct window’} has no member named ‘pollk’
   69 |         win->pollk(win);
      |              ^~~~~
/workspaces/Engine/engine/graphics/window/window.c: In function ‘void win_kill(window*)’:
/workspaces/Engine/engine/graphics/window/window.c:89:92: error: invalid conversion from ‘GLuint*’ {aka ‘unsigned int*’} to ‘GLuint’ {aka ‘unsigned int’} [-fpermissive]
   89 |                         if(cc_ < win->buffers[cc].VBO_len){VBOs[cc+cc_] = win->buffers[cc].VBO;}
      |                                                                           ~~~~~~~~~~~~~~~~~^~~
      |                                                                                            |
      |                                                                                            GLuint* {aka unsigned int*}
/workspaces/Engine/engine/graphics/window/window.c:90:92: error: invalid conversion from ‘GLuint*’ {aka ‘unsigned int*’} to ‘GLuint’ {aka ‘unsigned int’} [-fpermissive]
   90 |                         if(cc_ < win->buffers[cc].EBO_len){EBOs[cc+cc_] = win->buffers[cc].EBO;}
      |                                                                           ~~~~~~~~~~~~~~~~~^~~
      |                                                                                            |
      |                                                                                            GLuint* {aka unsigned int*}
/workspaces/Engine/engine/graphics/window/window.c:105:19: error: ‘window’ {aka ‘struct window’} has no member named ‘polld’
  105 |         free(win->polld);
      |                   ^~~~~
/workspaces/Engine/engine/graphics/window/window.c:106:19: error: ‘window’ {aka ‘struct window’} has no member named ‘pollk’
  106 |         free(win->pollk);
      |                   ^~~~~
/workspaces/Engine/engine/graphics/window/window.c:83:16: warning: unused variable ‘VBO_len’ [-Wunused-variable]
   83 |         size_t VBO_len, EBO_len;
      |                ^~~~~~~
/workspaces/Engine/engine/graphics/window/window.c:83:25: warning: unused variable ‘EBO_len’ [-Wunused-variable]
   83 |         size_t VBO_len, EBO_len;
      |                         ^~~~~~~
/workspaces/Engine/engine/graphics/window/window.c: In function ‘void win_attrblink(window*, GLuint, GLuint, GLenum, GLsizeiptr, const void*)’:
/workspaces/Engine/engine/graphics/window/window.c:121:70: error: invalid conversion from ‘GLuint*’ {aka ‘unsigned int*’} to ‘GLuint’ {aka ‘unsigned int’} [-fpermissive]
  121 |         glBindBuffer(GL_ARRAY_BUFFER, win->buffers[win->buffer_curr].VBO);
      |                                       ~~~~~~~~~~~~~~~~~~~~~~~~~~~~~~~^~~
      |                                                                      |
      |                                                                      GLuint* {aka unsigned int*}
/workspaces/Engine/engine/graphics/window/window.c: In function ‘void polld_default(window*, size_t)’:
/workspaces/Engine/engine/graphics/window/window.c:126:27: warning: unused parameter ‘win’ [-Wunused-parameter]
  126 | void polld_default(win_t *win, size_t cycles){return;}
/workspaces/Engine/engine/graphics/window/window.c:126:39: warning: unused parameter ‘cycles’ [-Wunused-parameter]
  126 | void polld_default(win_t *win, size_t cycles){return;}
      |                                ~~~~~~~^~~~~~
/workspaces/Engine/engine/graphics/window/window.c: In function ‘void pollk_default(window*)’:
/workspaces/Engine/engine/graphics/window/window.c:127:27: warning: unused parameter ‘win’ [-Wunused-parameter]
  127 | void pollk_default(win_t *win){return;}
FAILED: Failed to compile /workspaces/Engine/engine/graphics/window/window.c. GCC Exit Code: 1
Starting linking phase...
Linking object files into /workspaces/Engine/Build/engine.exe...
Command: x86_64-w64-mingw32-g++ /workspaces/Engine/Build/drawingprotocol.o /workspaces/Engine/Build/Functions.o /workspaces/Engine/Build/glad.o /workspaces/Engine/Build/main.o /workspaces/Engine/Build/window.o -L /workspaces/Engine/Libraries/lib -l glfw3 -l glfw3dll -O1 -Wextra -std=c99 -Wall -pedantic -Wl,--verbose -o /workspaces/Engine/Build/engine.exe
GNU ld (GNU Binutils) 2.41.90.20240122
  Supported emulations:
   i386pep
   i386pe
using internal linker script:
==================================================
/* Default linker script, for normal executables */
/* Copyright (C) 2014-2024 Free Software Foundation, Inc.
   Copying and distribution of this script, with or without modification,
   are permitted in any medium without royalty provided the copyright
   notice and this notice are preserved.  */
OUTPUT_FORMAT(pei-x86-64)
SEARCH_DIR("/usr/x86_64-w64-mingw32/lib");
SECTIONS
{
  /* Make the virtual address and file offset synced if the alignment is
     lower than the target page size. */
  . = SIZEOF_HEADERS;
  . = ALIGN(__section_alignment__);
  .text  __image_base__ + ( __section_alignment__ < 0x1000 ? . : __section_alignment__ ) :
  {
    KEEP (*(SORT_NONE(.init)))
    *(.text)
    *(SORT(.text$*))
     *(.text.*)
     *(.gnu.linkonce.t.*)
    *(.glue_7t)
    *(.glue_7)
    . = ALIGN(8);
       /* Note: we always define __CTOR_LIST__ and ___CTOR_LIST__ here,
          we do not PROVIDE them.  This is because the ctors.o startup
	  code in libgcc defines them as common symbols, with the
          expectation that they will be overridden by the definitions
	  here.  If we PROVIDE the symbols then they will not be
	  overridden and global constructors will not be run.
	  See PR 22762 for more details.

	  This does mean that it is not possible for a user to define
	  their own __CTOR_LIST__ and __DTOR_LIST__ symbols; if they do,
	  the content from those variables are included but the symbols
	  defined here silently take precedence.  If they truly need to
	  be redefined, a custom linker script will have to be used.
	  (The custom script can just be a copy of this script with the
	  PROVIDE() qualifiers added).
	  In particular this means that ld -Ur does not work, because
	  the proper __CTOR_LIST__ set by ld -Ur is overridden by a
	  bogus __CTOR_LIST__ set by the final link.  See PR 46.  */
       ___CTOR_LIST__ = .;
       __CTOR_LIST__ = .;
       LONG (-1); LONG (-1);
       KEEP (*(.ctors));
       KEEP (*(.ctor));
       KEEP (*(SORT_BY_NAME(.ctors.*)));
       LONG (0); LONG (0);
       /* See comment about __CTOR_LIST__ above.  The same reasoning
    	  applies here too.  */
       ___DTOR_LIST__ = .;
       __DTOR_LIST__ = .;
       LONG (-1); LONG (-1);
       KEEP (*(.dtors));
       KEEP (*(.dtor));
       KEEP (*(SORT_BY_NAME(.dtors.*)));
       LONG (0); LONG (0);
    KEEP (*(SORT_NONE(.fini)))
    /* ??? Why is .gcc_exc here?  */
     *(.gcc_exc)
    PROVIDE (etext = .);
     KEEP (*(.gcc_except_table))
  }
  /* The Cygwin32 library uses a section to avoid copying certain data
     on fork.  This used to be named ".data".  The linker used
     to include this between __data_start__ and __data_end__, but that
     breaks building the cygwin32 dll.  Instead, we name the section
     ".data_cygwin_nocopy" and explicitly include it after __data_end__. */
  .data BLOCK(__section_alignment__) :
  {
    __data_start__ = . ;
    *(.data)
    *(.data2)
    *(SORT(.data$*))
    KEEP(*(.jcr))
    __data_end__ = . ;
    *(.data_cygwin_nocopy)
  }
  .rdata BLOCK(__section_alignment__) :
  {
    *(.rdata)
	     *(SORT(.rdata$*))
    . = ALIGN(4);
    __rt_psrelocs_start = .;
    KEEP(*(.rdata_runtime_pseudo_reloc))
    __rt_psrelocs_end = .;
  }
  __rt_psrelocs_size = __rt_psrelocs_end - __rt_psrelocs_start;
  ___RUNTIME_PSEUDO_RELOC_LIST_END__ = .;
  __RUNTIME_PSEUDO_RELOC_LIST_END__ = .;
  ___RUNTIME_PSEUDO_RELOC_LIST__ = . - __rt_psrelocs_size;
  __RUNTIME_PSEUDO_RELOC_LIST__ = . - __rt_psrelocs_size;
  .eh_frame BLOCK(__section_alignment__) :
  {
    KEEP (*(.eh_frame*))
  }
  .pdata BLOCK(__section_alignment__) :
  {
    KEEP(*(.pdata*))
  }
  .xdata BLOCK(__section_alignment__) :
  {
    KEEP(*(.xdata*))
  }
  .bss BLOCK(__section_alignment__) :
  {
    __bss_start__ = . ;
    *(.bss)
    *(COMMON)
    __bss_end__ = . ;
  }
  .edata BLOCK(__section_alignment__) :
  {
    *(.edata)
  }
  /DISCARD/ :
  {
    *(.debug$S)
    *(.debug$T)
    *(.debug$F)
     *(.drectve)
     *(.note.GNU-stack)
     *(.gnu.lto_*)
  }
  .idata BLOCK(__section_alignment__) :
  {
    /* This cannot currently be handled with grouped sections.
	See pep.em:sort_sections.  */
    KEEP (SORT(*)(.idata$2))
    KEEP (SORT(*)(.idata$3))
    /* These zeroes mark the end of the import list.  */
    LONG (0); LONG (0); LONG (0); LONG (0); LONG (0);
    . = ALIGN(8);
    KEEP (SORT(*)(.idata$4))
    __IAT_start__ = .;
    SORT(*)(.idata$5)
    __IAT_end__ = .;
    KEEP (SORT(*)(.idata$6))
    KEEP (SORT(*)(.idata$7))
  }
  .CRT BLOCK(__section_alignment__) :
  {
    ___crt_xc_start__ = . ;
    KEEP (*(SORT(.CRT$XC*)))  /* C initialization */
    ___crt_xc_end__ = . ;
    ___crt_xi_start__ = . ;
    KEEP (*(SORT(.CRT$XI*)))  /* C++ initialization */
    ___crt_xi_end__ = . ;
    ___crt_xl_start__ = . ;
    KEEP (*(SORT(.CRT$XL*)))  /* TLS callbacks */
    /* ___crt_xl_end__ is defined in the TLS Directory support code */
    ___crt_xp_start__ = . ;
    KEEP (*(SORT(.CRT$XP*)))  /* Pre-termination */
    ___crt_xp_end__ = . ;
    ___crt_xt_start__ = . ;
    KEEP (*(SORT(.CRT$XT*)))  /* Termination */
    ___crt_xt_end__ = . ;
  }
  /* Windows TLS expects .tls$AAA to be at the start and .tls$ZZZ to be
     at the end of the .tls section.  This is important because _tls_start MUST
     be at the beginning of the section to enable SECREL32 relocations with TLS
     data.  */
  .tls BLOCK(__section_alignment__) :
  {
    ___tls_start__ = . ;
    KEEP (*(.tls$AAA))
    KEEP (*(.tls))
    KEEP (*(.tls$))
    KEEP (*(SORT(.tls$*)))
    KEEP (*(.tls$ZZZ))
    ___tls_end__ = . ;
  }
  .endjunk BLOCK(__section_alignment__) :
  {
    /* end is deprecated, don't use it */
    PROVIDE (end = .);
    PROVIDE ( _end = .);
     __end__ = .;
  }
  .rsrc BLOCK(__section_alignment__) : SUBALIGN(4)
  {
    KEEP (*(.rsrc))
    KEEP (*(.rsrc$*))
  }
  .reloc BLOCK(__section_alignment__) :
  {
    *(.reloc)
  }
  .stab BLOCK(__section_alignment__) (NOLOAD) :
  {
    *(.stab)
  }
  .stabstr BLOCK(__section_alignment__) (NOLOAD) :
  {
    *(.stabstr)
  }
  /* DWARF debug sections.
     Symbols in the DWARF debugging sections are relative to the beginning
     of the section.  Unlike other targets that fake this by putting the
     section VMA at 0, the PE format will not allow it.  */
  /* DWARF 1.1 and DWARF 2.  */
  .debug_aranges BLOCK(__section_alignment__) (NOLOAD) :
  {
    *(.debug_aranges)
  }
  .zdebug_aranges BLOCK(__section_alignment__) (NOLOAD) :
  {
    *(.zdebug_aranges)
  }
  .debug_pubnames BLOCK(__section_alignment__) (NOLOAD) :
  {
    *(.debug_pubnames)
  }
  .zdebug_pubnames BLOCK(__section_alignment__) (NOLOAD) :
  {
    *(.zdebug_pubnames)
  }
  /* DWARF 2.  */
  .debug_info BLOCK(__section_alignment__) (NOLOAD) :
  {
    *(.debug_info .gnu.linkonce.wi.*)
  }
  .zdebug_info BLOCK(__section_alignment__) (NOLOAD) :
  {
    *(.zdebug_info .zdebug.gnu.linkonce.wi.*)
  }
  .debug_abbrev BLOCK(__section_alignment__) (NOLOAD) :
  {
    *(.debug_abbrev)
  }
  .zdebug_abbrev BLOCK(__section_alignment__) (NOLOAD) :
  {
    *(.zdebug_abbrev)
  }
  .debug_line BLOCK(__section_alignment__) (NOLOAD) :
  {
    *(.debug_line)
  }
  .zdebug_line BLOCK(__section_alignment__) (NOLOAD) :
  {
    *(.zdebug_line)
  }
  .debug_frame BLOCK(__section_alignment__) (NOLOAD) :
  {
    *(.debug_frame*)
  }
  .zdebug_frame BLOCK(__section_alignment__) (NOLOAD) :
  {
    *(.zdebug_frame*)
  }
  .debug_str BLOCK(__section_alignment__) (NOLOAD) :
  {
    *(.debug_str)
  }
  .zdebug_str BLOCK(__section_alignment__) (NOLOAD) :
  {
    *(.zdebug_str)
  }
  .debug_loc BLOCK(__section_alignment__) (NOLOAD) :
  {
    *(.debug_loc)
  }
  .zdebug_loc BLOCK(__section_alignment__) (NOLOAD) :
  {
    *(.zdebug_loc)
  }
  .debug_macinfo BLOCK(__section_alignment__) (NOLOAD) :
  {
    *(.debug_macinfo)
  }
  .zdebug_macinfo BLOCK(__section_alignment__) (NOLOAD) :
  {
    *(.zdebug_macinfo)
  }
  /* SGI/MIPS DWARF 2 extensions.  */
  .debug_weaknames BLOCK(__section_alignment__) (NOLOAD) :
  {
    *(.debug_weaknames)
  }
  .zdebug_weaknames BLOCK(__section_alignment__) (NOLOAD) :
  {
    *(.zdebug_weaknames)
  }
  .debug_funcnames BLOCK(__section_alignment__) (NOLOAD) :
  {
    *(.debug_funcnames)
  }
  .zdebug_funcnames BLOCK(__section_alignment__) (NOLOAD) :
  {
    *(.zdebug_funcnames)
  }
  .debug_typenames BLOCK(__section_alignment__) (NOLOAD) :
  {
    *(.debug_typenames)
  }
  .zdebug_typenames BLOCK(__section_alignment__) (NOLOAD) :
  {
    *(.zdebug_typenames)
  }
  .debug_varnames BLOCK(__section_alignment__) (NOLOAD) :
  {
    *(.debug_varnames)
  }
  .zdebug_varnames BLOCK(__section_alignment__) (NOLOAD) :
  {
    *(.zdebug_varnames)
  }
  /* DWARF 3.  */
  .debug_pubtypes BLOCK(__section_alignment__) (NOLOAD) :
  {
    *(.debug_pubtypes)
  }
  .zdebug_pubtypes BLOCK(__section_alignment__) (NOLOAD) :
  {
    *(.zdebug_pubtypes)
  }
  .debug_ranges BLOCK(__section_alignment__) (NOLOAD) :
  {
    *(.debug_ranges)
  }
  .zdebug_ranges BLOCK(__section_alignment__) (NOLOAD) :
  {
    *(.zdebug_ranges)
  }
  /* DWARF 4.  */
  .debug_types BLOCK(__section_alignment__) (NOLOAD) :
  {
    *(.debug_types .gnu.linkonce.wt.*)
  }
  .zdebug_types BLOCK(__section_alignment__) (NOLOAD) :
  {
    *(.zdebug_types .gnu.linkonce.wt.*)
  }
  /* DWARF 5.  */
  .debug_addr BLOCK(__section_alignment__) (NOLOAD) :
  {
    *(.debug_addr)
  }
  .zdebug_addr BLOCK(__section_alignment__) (NOLOAD) :
  {
    *(.zdebug_addr)
  }
  .debug_line_str BLOCK(__section_alignment__) (NOLOAD) :
  {
    *(.debug_line_str)
  }
  .zdebug_line_str BLOCK(__section_alignment__) (NOLOAD) :
  {
    *(.zdebug_line_str)
  }
  .debug_loclists BLOCK(__section_alignment__) (NOLOAD) :
  {
    *(.debug_loclists)
  }
  .zdebug_loclists BLOCK(__section_alignment__) (NOLOAD) :
  {
    *(.zdebug_loclists)
  }
  .debug_macro BLOCK(__section_alignment__) (NOLOAD) :
  {
    *(.debug_macro)
  }
  .zdebug_macro BLOCK(__section_alignment__) (NOLOAD) :
  {
    *(.zdebug_macro)
  }
  .debug_names BLOCK(__section_alignment__) (NOLOAD) :
  {
    *(.debug_names)
  }
  .zdebug_names BLOCK(__section_alignment__) (NOLOAD) :
  {
    *(.zdebug_names)
  }
  .debug_rnglists BLOCK(__section_alignment__) (NOLOAD) :
  {
    *(.debug_rnglists)
  }
  .zdebug_rnglists BLOCK(__section_alignment__) (NOLOAD) :
  {
    *(.zdebug_rnglists)
  }
  .debug_str_offsets BLOCK(__section_alignment__) (NOLOAD) :
  {
    *(.debug_str_offsets)
  }
  .zdebug_str_offsets BLOCK(__section_alignment__) (NOLOAD) :
  {
    *(.zdebug_str_offsets)
  }
  .debug_sup BLOCK(__section_alignment__) (NOLOAD) :
  {
    *(.debug_sup)
  }
  /* For Go and Rust.  */
  .debug_gdb_scripts BLOCK(__section_alignment__) (NOLOAD) :
  {
    *(.debug_gdb_scripts)
  }
  .zdebug_gdb_scripts BLOCK(__section_alignment__) (NOLOAD) :
  {
    *(.zdebug_gdb_scripts)
  }
}


==================================================
/usr/bin/x86_64-w64-mingw32-ld: mode i386pep
attempt to open /usr/lib/gcc/x86_64-w64-mingw32/13-win32/../../../../x86_64-w64-mingw32/lib/crt2.o succeeded
/usr/lib/gcc/x86_64-w64-mingw32/13-win32/../../../../x86_64-w64-mingw32/lib/crt2.o
attempt to open /usr/lib/gcc/x86_64-w64-mingw32/13-win32/crtbegin.o succeeded
/usr/lib/gcc/x86_64-w64-mingw32/13-win32/crtbegin.o
attempt to open /workspaces/Engine/Build/drawingprotocol.o succeeded
/workspaces/Engine/Build/drawingprotocol.o
opened script file /workspaces/Engine/Build/drawingprotocol.o
attempt to open /workspaces/Engine/Build/Functions.o succeeded
/workspaces/Engine/Build/Functions.o
opened script file /workspaces/Engine/Build/Functions.o
attempt to open /workspaces/Engine/Build/glad.o succeeded
/workspaces/Engine/Build/glad.o
attempt to open /workspaces/Engine/Build/main.o succeeded
/workspaces/Engine/Build/main.o
opened script file /workspaces/Engine/Build/main.o
attempt to open /workspaces/Engine/Build/window.o succeeded
/workspaces/Engine/Build/window.o
opened script file /workspaces/Engine/Build/window.o
attempt to open /workspaces/Engine/Libraries/lib/libglfw3.dll.a failed
attempt to open /workspaces/Engine/Libraries/lib/glfw3.dll.a failed
attempt to open /workspaces/Engine/Libraries/lib/libglfw3.a failed
attempt to open /workspaces/Engine/Libraries/lib/glfw3.lib failed
attempt to open /workspaces/Engine/Libraries/lib/libglfw3.lib failed
attempt to open /workspaces/Engine/Libraries/lib/libglfw3.dll failed
attempt to open /workspaces/Engine/Libraries/lib/glfw3.dll succeeded
/workspaces/Engine/Libraries/lib/glfw3.dll
attempt to open /workspaces/Engine/Libraries/lib/libglfw3dll.dll.a failed
attempt to open /workspaces/Engine/Libraries/lib/glfw3dll.dll.a failed
attempt to open /workspaces/Engine/Libraries/lib/libglfw3dll.a failed
attempt to open /workspaces/Engine/Libraries/lib/glfw3dll.lib succeeded
/workspaces/Engine/Libraries/lib/glfw3dll.lib
attempt to open /workspaces/Engine/Libraries/lib/libstdc++.dll.a failed
attempt to open /workspaces/Engine/Libraries/lib/stdc++.dll.a failed
attempt to open /workspaces/Engine/Libraries/lib/libstdc++.a failed
attempt to open /workspaces/Engine/Libraries/lib/stdc++.lib failed
attempt to open /workspaces/Engine/Libraries/lib/libstdc++.lib failed
attempt to open /workspaces/Engine/Libraries/lib/libstdc++.dll failed
attempt to open /workspaces/Engine/Libraries/lib/stdc++.dll failed
attempt to open /workspaces/Engine/Libraries/lib/libstdc++.a failed
attempt to open /usr/lib/gcc/x86_64-w64-mingw32/13-win32/libstdc++.dll.a succeeded
/usr/lib/gcc/x86_64-w64-mingw32/13-win32/libstdc++.dll.a
attempt to open /workspaces/Engine/Libraries/lib/libmingw32.dll.a failed
attempt to open /workspaces/Engine/Libraries/lib/mingw32.dll.a failed
attempt to open /workspaces/Engine/Libraries/lib/libmingw32.a failed
attempt to open /workspaces/Engine/Libraries/lib/mingw32.lib failed
attempt to open /workspaces/Engine/Libraries/lib/libmingw32.lib failed
attempt to open /workspaces/Engine/Libraries/lib/libmingw32.dll failed
attempt to open /workspaces/Engine/Libraries/lib/mingw32.dll failed
attempt to open /workspaces/Engine/Libraries/lib/libmingw32.a failed
attempt to open /usr/lib/gcc/x86_64-w64-mingw32/13-win32/libmingw32.dll.a failed
attempt to open /usr/lib/gcc/x86_64-w64-mingw32/13-win32/mingw32.dll.a failed
attempt to open /usr/lib/gcc/x86_64-w64-mingw32/13-win32/libmingw32.a failed
attempt to open /usr/lib/gcc/x86_64-w64-mingw32/13-win32/mingw32.lib failed
attempt to open /usr/lib/gcc/x86_64-w64-mingw32/13-win32/libmingw32.lib failed
attempt to open /usr/lib/gcc/x86_64-w64-mingw32/13-win32/libmingw32.dll failed
attempt to open /usr/lib/gcc/x86_64-w64-mingw32/13-win32/mingw32.dll failed
attempt to open /usr/lib/gcc/x86_64-w64-mingw32/13-win32/libmingw32.a failed
attempt to open /usr/lib/gcc/x86_64-w64-mingw32/13-win32/../../../../x86_64-w64-mingw32/lib/libmingw32.dll.a failed
attempt to open /usr/lib/gcc/x86_64-w64-mingw32/13-win32/../../../../x86_64-w64-mingw32/lib/mingw32.dll.a failed
attempt to open /usr/lib/gcc/x86_64-w64-mingw32/13-win32/../../../../x86_64-w64-mingw32/lib/libmingw32.a succeeded
/usr/lib/gcc/x86_64-w64-mingw32/13-win32/../../../../x86_64-w64-mingw32/lib/libmingw32.a
(/usr/lib/gcc/x86_64-w64-mingw32/13-win32/../../../../x86_64-w64-mingw32/lib/libmingw32.a)lib64_libmingw32_a-crtexewin.o
(/usr/lib/gcc/x86_64-w64-mingw32/13-win32/../../../../x86_64-w64-mingw32/lib/libmingw32.a)lib64_libmingw32_a-gccmain.o
(/usr/lib/gcc/x86_64-w64-mingw32/13-win32/../../../../x86_64-w64-mingw32/lib/libmingw32.a)lib64_libmingw32_a-natstart.o
(/usr/lib/gcc/x86_64-w64-mingw32/13-win32/../../../../x86_64-w64-mingw32/lib/libmingw32.a)lib64_libmingw32_a-wildcard.o
(/usr/lib/gcc/x86_64-w64-mingw32/13-win32/../../../../x86_64-w64-mingw32/lib/libmingw32.a)lib64_libmingw32_a-dllargv.o
(/usr/lib/gcc/x86_64-w64-mingw32/13-win32/../../../../x86_64-w64-mingw32/lib/libmingw32.a)lib64_libmingw32_a-_newmode.o
(/usr/lib/gcc/x86_64-w64-mingw32/13-win32/../../../../x86_64-w64-mingw32/lib/libmingw32.a)lib64_libmingw32_a-tlssup.o
(/usr/lib/gcc/x86_64-w64-mingw32/13-win32/../../../../x86_64-w64-mingw32/lib/libmingw32.a)lib64_libmingw32_a-xncommod.o
(/usr/lib/gcc/x86_64-w64-mingw32/13-win32/../../../../x86_64-w64-mingw32/lib/libmingw32.a)lib64_libmingw32_a-cinitexe.o
(/usr/lib/gcc/x86_64-w64-mingw32/13-win32/../../../../x86_64-w64-mingw32/lib/libmingw32.a)lib64_libmingw32_a-merr.o
(/usr/lib/gcc/x86_64-w64-mingw32/13-win32/../../../../x86_64-w64-mingw32/lib/libmingw32.a)lib64_libmingw32_a-CRT_fp10.o
(/usr/lib/gcc/x86_64-w64-mingw32/13-win32/../../../../x86_64-w64-mingw32/lib/libmingw32.a)lib64_libmingw32_a-mingw_helpers.o
(/usr/lib/gcc/x86_64-w64-mingw32/13-win32/../../../../x86_64-w64-mingw32/lib/libmingw32.a)lib64_libmingw32_a-pseudo-reloc.o
(/usr/lib/gcc/x86_64-w64-mingw32/13-win32/../../../../x86_64-w64-mingw32/lib/libmingw32.a)lib64_libmingw32_a-usermatherr.o
(/usr/lib/gcc/x86_64-w64-mingw32/13-win32/../../../../x86_64-w64-mingw32/lib/libmingw32.a)lib64_libmingw32_a-xtxtmode.o
(/usr/lib/gcc/x86_64-w64-mingw32/13-win32/../../../../x86_64-w64-mingw32/lib/libmingw32.a)lib64_libmingw32_a-crt_handler.o
(/usr/lib/gcc/x86_64-w64-mingw32/13-win32/../../../../x86_64-w64-mingw32/lib/libmingw32.a)lib64_libmingw32_a-tlsthrd.o
(/usr/lib/gcc/x86_64-w64-mingw32/13-win32/../../../../x86_64-w64-mingw32/lib/libmingw32.a)lib64_libmingw32_a-tlsmcrt.o
(/usr/lib/gcc/x86_64-w64-mingw32/13-win32/../../../../x86_64-w64-mingw32/lib/libmingw32.a)lib64_libmingw32_a-pseudo-reloc-list.o
(/usr/lib/gcc/x86_64-w64-mingw32/13-win32/../../../../x86_64-w64-mingw32/lib/libmingw32.a)lib64_libmingw32_a-pesect.o
attempt to open /workspaces/Engine/Libraries/lib/libgcc_s.dll.a failed
attempt to open /workspaces/Engine/Libraries/lib/gcc_s.dll.a failed
attempt to open /workspaces/Engine/Libraries/lib/libgcc_s.a failed
attempt to open /workspaces/Engine/Libraries/lib/gcc_s.lib failed
attempt to open /workspaces/Engine/Libraries/lib/libgcc_s.lib failed
attempt to open /workspaces/Engine/Libraries/lib/libgcc_s.dll failed
attempt to open /workspaces/Engine/Libraries/lib/gcc_s.dll failed
attempt to open /workspaces/Engine/Libraries/lib/libgcc_s.a failed
attempt to open /usr/lib/gcc/x86_64-w64-mingw32/13-win32/libgcc_s.dll.a failed
attempt to open /usr/lib/gcc/x86_64-w64-mingw32/13-win32/gcc_s.dll.a failed
attempt to open /usr/lib/gcc/x86_64-w64-mingw32/13-win32/libgcc_s.a succeeded
/usr/lib/gcc/x86_64-w64-mingw32/13-win32/libgcc_s.a
attempt to open /workspaces/Engine/Libraries/lib/libgcc.dll.a failed
attempt to open /workspaces/Engine/Libraries/lib/gcc.dll.a failed
attempt to open /workspaces/Engine/Libraries/lib/libgcc.a failed
attempt to open /workspaces/Engine/Libraries/lib/gcc.lib failed
attempt to open /workspaces/Engine/Libraries/lib/libgcc.lib failed
attempt to open /workspaces/Engine/Libraries/lib/libgcc.dll failed
attempt to open /workspaces/Engine/Libraries/lib/gcc.dll failed
attempt to open /workspaces/Engine/Libraries/lib/libgcc.a failed
attempt to open /usr/lib/gcc/x86_64-w64-mingw32/13-win32/libgcc.dll.a failed
attempt to open /usr/lib/gcc/x86_64-w64-mingw32/13-win32/gcc.dll.a failed
attempt to open /usr/lib/gcc/x86_64-w64-mingw32/13-win32/libgcc.a succeeded
/usr/lib/gcc/x86_64-w64-mingw32/13-win32/libgcc.a
(/usr/lib/gcc/x86_64-w64-mingw32/13-win32/libgcc.a)_chkstk_ms.o
(/usr/lib/gcc/x86_64-w64-mingw32/13-win32/libgcc.a)_ctors.o
attempt to open /workspaces/Engine/Libraries/lib/libmoldname.dll.a failed
attempt to open /workspaces/Engine/Libraries/lib/moldname.dll.a failed
attempt to open /workspaces/Engine/Libraries/lib/libmoldname.a failed
attempt to open /workspaces/Engine/Libraries/lib/moldname.lib failed
attempt to open /workspaces/Engine/Libraries/lib/libmoldname.lib failed
attempt to open /workspaces/Engine/Libraries/lib/libmoldname.dll failed
attempt to open /workspaces/Engine/Libraries/lib/moldname.dll failed
attempt to open /workspaces/Engine/Libraries/lib/libmoldname.a failed
attempt to open /usr/lib/gcc/x86_64-w64-mingw32/13-win32/libmoldname.dll.a failed
attempt to open /usr/lib/gcc/x86_64-w64-mingw32/13-win32/moldname.dll.a failed
attempt to open /usr/lib/gcc/x86_64-w64-mingw32/13-win32/libmoldname.a failed
attempt to open /usr/lib/gcc/x86_64-w64-mingw32/13-win32/moldname.lib failed
attempt to open /usr/lib/gcc/x86_64-w64-mingw32/13-win32/libmoldname.lib failed
attempt to open /usr/lib/gcc/x86_64-w64-mingw32/13-win32/libmoldname.dll failed
attempt to open /usr/lib/gcc/x86_64-w64-mingw32/13-win32/moldname.dll failed
attempt to open /usr/lib/gcc/x86_64-w64-mingw32/13-win32/libmoldname.a failed
attempt to open /usr/lib/gcc/x86_64-w64-mingw32/13-win32/../../../../x86_64-w64-mingw32/lib/libmoldname.dll.a failed
attempt to open /usr/lib/gcc/x86_64-w64-mingw32/13-win32/../../../../x86_64-w64-mingw32/lib/moldname.dll.a failed
attempt to open /usr/lib/gcc/x86_64-w64-mingw32/13-win32/../../../../x86_64-w64-mingw32/lib/libmoldname.a succeeded
/usr/lib/gcc/x86_64-w64-mingw32/13-win32/../../../../x86_64-w64-mingw32/lib/libmoldname.a
attempt to open /workspaces/Engine/Libraries/lib/libmingwex.dll.a failed
attempt to open /workspaces/Engine/Libraries/lib/mingwex.dll.a failed
attempt to open /workspaces/Engine/Libraries/lib/libmingwex.a failed
attempt to open /workspaces/Engine/Libraries/lib/mingwex.lib failed
attempt to open /workspaces/Engine/Libraries/lib/libmingwex.lib failed
attempt to open /workspaces/Engine/Libraries/lib/libmingwex.dll failed
attempt to open /workspaces/Engine/Libraries/lib/mingwex.dll failed
attempt to open /workspaces/Engine/Libraries/lib/libmingwex.a failed
attempt to open /usr/lib/gcc/x86_64-w64-mingw32/13-win32/libmingwex.dll.a failed
attempt to open /usr/lib/gcc/x86_64-w64-mingw32/13-win32/mingwex.dll.a failed
attempt to open /usr/lib/gcc/x86_64-w64-mingw32/13-win32/libmingwex.a failed
attempt to open /usr/lib/gcc/x86_64-w64-mingw32/13-win32/mingwex.lib failed
attempt to open /usr/lib/gcc/x86_64-w64-mingw32/13-win32/libmingwex.lib failed
attempt to open /usr/lib/gcc/x86_64-w64-mingw32/13-win32/libmingwex.dll failed
attempt to open /usr/lib/gcc/x86_64-w64-mingw32/13-win32/mingwex.dll failed
attempt to open /usr/lib/gcc/x86_64-w64-mingw32/13-win32/libmingwex.a failed
attempt to open /usr/lib/gcc/x86_64-w64-mingw32/13-win32/../../../../x86_64-w64-mingw32/lib/libmingwex.dll.a failed
attempt to open /usr/lib/gcc/x86_64-w64-mingw32/13-win32/../../../../x86_64-w64-mingw32/lib/mingwex.dll.a failed
attempt to open /usr/lib/gcc/x86_64-w64-mingw32/13-win32/../../../../x86_64-w64-mingw32/lib/libmingwex.a succeeded
/usr/lib/gcc/x86_64-w64-mingw32/13-win32/../../../../x86_64-w64-mingw32/lib/libmingwex.a
(/usr/lib/gcc/x86_64-w64-mingw32/13-win32/../../../../x86_64-w64-mingw32/lib/libmingwex.a)lib64_libmingwex_a-mingw_matherr.o
(/usr/lib/gcc/x86_64-w64-mingw32/13-win32/../../../../x86_64-w64-mingw32/lib/libmingwex.a)lib64_libmingwex_a-mingw_vfscanf.o
(/usr/lib/gcc/x86_64-w64-mingw32/13-win32/../../../../x86_64-w64-mingw32/lib/libmingwex.a)lib64_libmingwex_a-strtof.o
(/usr/lib/gcc/x86_64-w64-mingw32/13-win32/../../../../x86_64-w64-mingw32/lib/libmingwex.a)lib64_libmingwex_a-strtopx.o
(/usr/lib/gcc/x86_64-w64-mingw32/13-win32/../../../../x86_64-w64-mingw32/lib/libmingwex.a)lib64_libmingwex_a-strtodg.o
(/usr/lib/gcc/x86_64-w64-mingw32/13-win32/../../../../x86_64-w64-mingw32/lib/libmingwex.a)lib64_libmingwex_a-sum.o
(/usr/lib/gcc/x86_64-w64-mingw32/13-win32/../../../../x86_64-w64-mingw32/lib/libmingwex.a)lib64_libmingwex_a-gethex.o
(/usr/lib/gcc/x86_64-w64-mingw32/13-win32/../../../../x86_64-w64-mingw32/lib/libmingwex.a)lib64_libmingwex_a-gmisc.o
(/usr/lib/gcc/x86_64-w64-mingw32/13-win32/../../../../x86_64-w64-mingw32/lib/libmingwex.a)lib64_libmingwex_a-hd_init.o
(/usr/lib/gcc/x86_64-w64-mingw32/13-win32/../../../../x86_64-w64-mingw32/lib/libmingwex.a)lib64_libmingwex_a-hexnan.o
(/usr/lib/gcc/x86_64-w64-mingw32/13-win32/../../../../x86_64-w64-mingw32/lib/libmingwex.a)lib64_libmingwex_a-misc.o
(/usr/lib/gcc/x86_64-w64-mingw32/13-win32/../../../../x86_64-w64-mingw32/lib/libmingwex.a)lib64_libmingwex_a-smisc.o
attempt to open /workspaces/Engine/Libraries/lib/libmsvcrt.dll.a failed
attempt to open /workspaces/Engine/Libraries/lib/msvcrt.dll.a failed
attempt to open /workspaces/Engine/Libraries/lib/libmsvcrt.a failed
attempt to open /workspaces/Engine/Libraries/lib/msvcrt.lib failed
attempt to open /workspaces/Engine/Libraries/lib/libmsvcrt.lib failed
attempt to open /workspaces/Engine/Libraries/lib/libmsvcrt.dll failed
attempt to open /workspaces/Engine/Libraries/lib/msvcrt.dll failed
attempt to open /workspaces/Engine/Libraries/lib/libmsvcrt.a failed
attempt to open /usr/lib/gcc/x86_64-w64-mingw32/13-win32/libmsvcrt.dll.a failed
attempt to open /usr/lib/gcc/x86_64-w64-mingw32/13-win32/msvcrt.dll.a failed
attempt to open /usr/lib/gcc/x86_64-w64-mingw32/13-win32/libmsvcrt.a failed
attempt to open /usr/lib/gcc/x86_64-w64-mingw32/13-win32/msvcrt.lib failed
attempt to open /usr/lib/gcc/x86_64-w64-mingw32/13-win32/libmsvcrt.lib failed
attempt to open /usr/lib/gcc/x86_64-w64-mingw32/13-win32/libmsvcrt.dll failed
attempt to open /usr/lib/gcc/x86_64-w64-mingw32/13-win32/msvcrt.dll failed
attempt to open /usr/lib/gcc/x86_64-w64-mingw32/13-win32/libmsvcrt.a failed
attempt to open /usr/lib/gcc/x86_64-w64-mingw32/13-win32/../../../../x86_64-w64-mingw32/lib/libmsvcrt.dll.a failed
attempt to open /usr/lib/gcc/x86_64-w64-mingw32/13-win32/../../../../x86_64-w64-mingw32/lib/msvcrt.dll.a failed
attempt to open /usr/lib/gcc/x86_64-w64-mingw32/13-win32/../../../../x86_64-w64-mingw32/lib/libmsvcrt.a succeeded
/usr/lib/gcc/x86_64-w64-mingw32/13-win32/../../../../x86_64-w64-mingw32/lib/libmsvcrt.a
(/usr/lib/gcc/x86_64-w64-mingw32/13-win32/../../../../x86_64-w64-mingw32/lib/libmsvcrt.a)lib64_libmsvcrt_extra_a-__p__fmode.o
(/usr/lib/gcc/x86_64-w64-mingw32/13-win32/../../../../x86_64-w64-mingw32/lib/libmsvcrt.a)lib64_libmsvcrt_extra_a-__p__commode.o
(/usr/lib/gcc/x86_64-w64-mingw32/13-win32/../../../../x86_64-w64-mingw32/lib/libmsvcrt.a)lib64_libmsvcrt_extra_a-__p__acmdln.o
(/usr/lib/gcc/x86_64-w64-mingw32/13-win32/../../../../x86_64-w64-mingw32/lib/libmsvcrt.a)lib64_libmsvcrt_extra_a-invalid_parameter_handler.o
(/usr/lib/gcc/x86_64-w64-mingw32/13-win32/../../../../x86_64-w64-mingw32/lib/libmsvcrt.a)lib64_libmsvcrt_common_a-acrt_iob_func.o
(/usr/lib/gcc/x86_64-w64-mingw32/13-win32/../../../../x86_64-w64-mingw32/lib/libmsvcrt.a)lib64_libmsvcrt_common_a-mbrtowc.o
(/usr/lib/gcc/x86_64-w64-mingw32/13-win32/../../../../x86_64-w64-mingw32/lib/libmsvcrt.a)libmsvcrt_defs00055.o
(/usr/lib/gcc/x86_64-w64-mingw32/13-win32/../../../../x86_64-w64-mingw32/lib/libmsvcrt.a)libmsvcrt_defs00063.o
(/usr/lib/gcc/x86_64-w64-mingw32/13-win32/../../../../x86_64-w64-mingw32/lib/libmsvcrt.a)libmsvcrt_defs00066.o
(/usr/lib/gcc/x86_64-w64-mingw32/13-win32/../../../../x86_64-w64-mingw32/lib/libmsvcrt.a)libmsvcrt_defs00081.o
(/usr/lib/gcc/x86_64-w64-mingw32/13-win32/../../../../x86_64-w64-mingw32/lib/libmsvcrt.a)libmsvcrt_defs00082.o
(/usr/lib/gcc/x86_64-w64-mingw32/13-win32/../../../../x86_64-w64-mingw32/lib/libmsvcrt.a)libmsvcrt_defs00083.o
(/usr/lib/gcc/x86_64-w64-mingw32/13-win32/../../../../x86_64-w64-mingw32/lib/libmsvcrt.a)libmsvcrt_defs00096.o
(/usr/lib/gcc/x86_64-w64-mingw32/13-win32/../../../../x86_64-w64-mingw32/lib/libmsvcrt.a)libmsvcrt_defs00098.o
(/usr/lib/gcc/x86_64-w64-mingw32/13-win32/../../../../x86_64-w64-mingw32/lib/libmsvcrt.a)libmsvcrt_defs00112.o
(/usr/lib/gcc/x86_64-w64-mingw32/13-win32/../../../../x86_64-w64-mingw32/lib/libmsvcrt.a)libmsvcrt_defs00119.o
(/usr/lib/gcc/x86_64-w64-mingw32/13-win32/../../../../x86_64-w64-mingw32/lib/libmsvcrt.a)libmsvcrt_defs00137.o
(/usr/lib/gcc/x86_64-w64-mingw32/13-win32/../../../../x86_64-w64-mingw32/lib/libmsvcrt.a)libmsvcrt_defs00149.o
(/usr/lib/gcc/x86_64-w64-mingw32/13-win32/../../../../x86_64-w64-mingw32/lib/libmsvcrt.a)libmsvcrt_defs00188.o
(/usr/lib/gcc/x86_64-w64-mingw32/13-win32/../../../../x86_64-w64-mingw32/lib/libmsvcrt.a)libmsvcrt_defs00225.o
(/usr/lib/gcc/x86_64-w64-mingw32/13-win32/../../../../x86_64-w64-mingw32/lib/libmsvcrt.a)libmsvcrt_defs00291.o
(/usr/lib/gcc/x86_64-w64-mingw32/13-win32/../../../../x86_64-w64-mingw32/lib/libmsvcrt.a)libmsvcrt_defs00317.o
(/usr/lib/gcc/x86_64-w64-mingw32/13-win32/../../../../x86_64-w64-mingw32/lib/libmsvcrt.a)libmsvcrt_defs00559.o
(/usr/lib/gcc/x86_64-w64-mingw32/13-win32/../../../../x86_64-w64-mingw32/lib/libmsvcrt.a)libmsvcrt_defs00904.o
(/usr/lib/gcc/x86_64-w64-mingw32/13-win32/../../../../x86_64-w64-mingw32/lib/libmsvcrt.a)libmsvcrt_defs00921.o
(/usr/lib/gcc/x86_64-w64-mingw32/13-win32/../../../../x86_64-w64-mingw32/lib/libmsvcrt.a)libmsvcrt_defs00934.o
(/usr/lib/gcc/x86_64-w64-mingw32/13-win32/../../../../x86_64-w64-mingw32/lib/libmsvcrt.a)libmsvcrt_defs00953.o
(/usr/lib/gcc/x86_64-w64-mingw32/13-win32/../../../../x86_64-w64-mingw32/lib/libmsvcrt.a)libmsvcrt_defs00960.o
(/usr/lib/gcc/x86_64-w64-mingw32/13-win32/../../../../x86_64-w64-mingw32/lib/libmsvcrt.a)libmsvcrt_defs00971.o
(/usr/lib/gcc/x86_64-w64-mingw32/13-win32/../../../../x86_64-w64-mingw32/lib/libmsvcrt.a)libmsvcrt_defs00974.o
(/usr/lib/gcc/x86_64-w64-mingw32/13-win32/../../../../x86_64-w64-mingw32/lib/libmsvcrt.a)libmsvcrt_defs00992.o
(/usr/lib/gcc/x86_64-w64-mingw32/13-win32/../../../../x86_64-w64-mingw32/lib/libmsvcrt.a)libmsvcrt_defs01027.o
(/usr/lib/gcc/x86_64-w64-mingw32/13-win32/../../../../x86_64-w64-mingw32/lib/libmsvcrt.a)libmsvcrt_defs01031.o
(/usr/lib/gcc/x86_64-w64-mingw32/13-win32/../../../../x86_64-w64-mingw32/lib/libmsvcrt.a)libmsvcrt_defs01038.o
(/usr/lib/gcc/x86_64-w64-mingw32/13-win32/../../../../x86_64-w64-mingw32/lib/libmsvcrt.a)libmsvcrt_defs01046.o
(/usr/lib/gcc/x86_64-w64-mingw32/13-win32/../../../../x86_64-w64-mingw32/lib/libmsvcrt.a)libmsvcrt_defs01048.o
(/usr/lib/gcc/x86_64-w64-mingw32/13-win32/../../../../x86_64-w64-mingw32/lib/libmsvcrt.a)libmsvcrt_defs01066.o
(/usr/lib/gcc/x86_64-w64-mingw32/13-win32/../../../../x86_64-w64-mingw32/lib/libmsvcrt.a)libmsvcrt_defs01076.o
(/usr/lib/gcc/x86_64-w64-mingw32/13-win32/../../../../x86_64-w64-mingw32/lib/libmsvcrt.a)libmsvcrt_defs01097.o
(/usr/lib/gcc/x86_64-w64-mingw32/13-win32/../../../../x86_64-w64-mingw32/lib/libmsvcrt.a)libmsvcrt_defs01100.o
(/usr/lib/gcc/x86_64-w64-mingw32/13-win32/../../../../x86_64-w64-mingw32/lib/libmsvcrt.a)libmsvcrt_defs01110.o
(/usr/lib/gcc/x86_64-w64-mingw32/13-win32/../../../../x86_64-w64-mingw32/lib/libmsvcrt.a)libmsvcrt_defs01111.o
(/usr/lib/gcc/x86_64-w64-mingw32/13-win32/../../../../x86_64-w64-mingw32/lib/libmsvcrt.a)libmsvcrt_defs01124.o
(/usr/lib/gcc/x86_64-w64-mingw32/13-win32/../../../../x86_64-w64-mingw32/lib/libmsvcrt.a)libmsvcrt_defs01128.o
(/usr/lib/gcc/x86_64-w64-mingw32/13-win32/../../../../x86_64-w64-mingw32/lib/libmsvcrt.a)libmsvcrt_defs01130.o
(/usr/lib/gcc/x86_64-w64-mingw32/13-win32/../../../../x86_64-w64-mingw32/lib/libmsvcrt.a)libmsvcrt_defs01191.o
(/usr/lib/gcc/x86_64-w64-mingw32/13-win32/../../../../x86_64-w64-mingw32/lib/libmsvcrt.a)libmsvcrt_defs01196.o
(/usr/lib/gcc/x86_64-w64-mingw32/13-win32/../../../../x86_64-w64-mingw32/lib/libmsvcrt.a)libmsvcrt_defh.o
(/usr/lib/gcc/x86_64-w64-mingw32/13-win32/../../../../x86_64-w64-mingw32/lib/libmsvcrt.a)libmsvcrt_deft.o
attempt to open /workspaces/Engine/Libraries/lib/libkernel32.dll.a failed
attempt to open /workspaces/Engine/Libraries/lib/kernel32.dll.a failed
attempt to open /workspaces/Engine/Libraries/lib/libkernel32.a failed
attempt to open /workspaces/Engine/Libraries/lib/kernel32.lib failed
attempt to open /workspaces/Engine/Libraries/lib/libkernel32.lib failed
attempt to open /workspaces/Engine/Libraries/lib/libkernel32.dll failed
attempt to open /workspaces/Engine/Libraries/lib/kernel32.dll failed
attempt to open /workspaces/Engine/Libraries/lib/libkernel32.a failed
attempt to open /usr/lib/gcc/x86_64-w64-mingw32/13-win32/libkernel32.dll.a failed
attempt to open /usr/lib/gcc/x86_64-w64-mingw32/13-win32/kernel32.dll.a failed
attempt to open /usr/lib/gcc/x86_64-w64-mingw32/13-win32/libkernel32.a failed
attempt to open /usr/lib/gcc/x86_64-w64-mingw32/13-win32/kernel32.lib failed
attempt to open /usr/lib/gcc/x86_64-w64-mingw32/13-win32/libkernel32.lib failed
attempt to open /usr/lib/gcc/x86_64-w64-mingw32/13-win32/libkernel32.dll failed
attempt to open /usr/lib/gcc/x86_64-w64-mingw32/13-win32/kernel32.dll failed
attempt to open /usr/lib/gcc/x86_64-w64-mingw32/13-win32/libkernel32.a failed
attempt to open /usr/lib/gcc/x86_64-w64-mingw32/13-win32/../../../../x86_64-w64-mingw32/lib/libkernel32.dll.a failed
attempt to open /usr/lib/gcc/x86_64-w64-mingw32/13-win32/../../../../x86_64-w64-mingw32/lib/kernel32.dll.a failed
attempt to open /usr/lib/gcc/x86_64-w64-mingw32/13-win32/../../../../x86_64-w64-mingw32/lib/libkernel32.a succeeded
/usr/lib/gcc/x86_64-w64-mingw32/13-win32/../../../../x86_64-w64-mingw32/lib/libkernel32.a
(/usr/lib/gcc/x86_64-w64-mingw32/13-win32/../../../../x86_64-w64-mingw32/lib/libkernel32.a)libkernel32s01490.o
(/usr/lib/gcc/x86_64-w64-mingw32/13-win32/../../../../x86_64-w64-mingw32/lib/libkernel32.a)libkernel32s01488.o
(/usr/lib/gcc/x86_64-w64-mingw32/13-win32/../../../../x86_64-w64-mingw32/lib/libkernel32.a)libkernel32s01441.o
(/usr/lib/gcc/x86_64-w64-mingw32/13-win32/../../../../x86_64-w64-mingw32/lib/libkernel32.a)libkernel32s01406.o
(/usr/lib/gcc/x86_64-w64-mingw32/13-win32/../../../../x86_64-w64-mingw32/lib/libkernel32.a)libkernel32s01390.o
(/usr/lib/gcc/x86_64-w64-mingw32/13-win32/../../../../x86_64-w64-mingw32/lib/libkernel32.a)libkernel32s01033.o
(/usr/lib/gcc/x86_64-w64-mingw32/13-win32/../../../../x86_64-w64-mingw32/lib/libkernel32.a)libkernel32s00988.o
(/usr/lib/gcc/x86_64-w64-mingw32/13-win32/../../../../x86_64-w64-mingw32/lib/libkernel32.a)libkernel32s00981.o
(/usr/lib/gcc/x86_64-w64-mingw32/13-win32/../../../../x86_64-w64-mingw32/lib/libkernel32.a)libkernel32s00916.o
(/usr/lib/gcc/x86_64-w64-mingw32/13-win32/../../../../x86_64-w64-mingw32/lib/libkernel32.a)libkernel32s00889.o
(/usr/lib/gcc/x86_64-w64-mingw32/13-win32/../../../../x86_64-w64-mingw32/lib/libkernel32.a)libkernel32s00740.o
(/usr/lib/gcc/x86_64-w64-mingw32/13-win32/../../../../x86_64-w64-mingw32/lib/libkernel32.a)libkernel32s00707.o
(/usr/lib/gcc/x86_64-w64-mingw32/13-win32/../../../../x86_64-w64-mingw32/lib/libkernel32.a)libkernel32s00627.o
(/usr/lib/gcc/x86_64-w64-mingw32/13-win32/../../../../x86_64-w64-mingw32/lib/libkernel32.a)libkernel32s00440.o
(/usr/lib/gcc/x86_64-w64-mingw32/13-win32/../../../../x86_64-w64-mingw32/lib/libkernel32.a)libkernel32s00316.o
(/usr/lib/gcc/x86_64-w64-mingw32/13-win32/../../../../x86_64-w64-mingw32/lib/libkernel32.a)libkernel32s00280.o
(/usr/lib/gcc/x86_64-w64-mingw32/13-win32/../../../../x86_64-w64-mingw32/lib/libkernel32.a)libkernel32h.o
(/usr/lib/gcc/x86_64-w64-mingw32/13-win32/../../../../x86_64-w64-mingw32/lib/libkernel32.a)libkernel32t.o
attempt to open /workspaces/Engine/Libraries/lib/libadvapi32.dll.a failed
attempt to open /workspaces/Engine/Libraries/lib/advapi32.dll.a failed
attempt to open /workspaces/Engine/Libraries/lib/libadvapi32.a failed
attempt to open /workspaces/Engine/Libraries/lib/advapi32.lib failed
attempt to open /workspaces/Engine/Libraries/lib/libadvapi32.lib failed
attempt to open /workspaces/Engine/Libraries/lib/libadvapi32.dll failed
attempt to open /workspaces/Engine/Libraries/lib/advapi32.dll failed
attempt to open /workspaces/Engine/Libraries/lib/libadvapi32.a failed
attempt to open /usr/lib/gcc/x86_64-w64-mingw32/13-win32/libadvapi32.dll.a failed
attempt to open /usr/lib/gcc/x86_64-w64-mingw32/13-win32/advapi32.dll.a failed
attempt to open /usr/lib/gcc/x86_64-w64-mingw32/13-win32/libadvapi32.a failed
attempt to open /usr/lib/gcc/x86_64-w64-mingw32/13-win32/advapi32.lib failed
attempt to open /usr/lib/gcc/x86_64-w64-mingw32/13-win32/libadvapi32.lib failed
attempt to open /usr/lib/gcc/x86_64-w64-mingw32/13-win32/libadvapi32.dll failed
attempt to open /usr/lib/gcc/x86_64-w64-mingw32/13-win32/advapi32.dll failed
attempt to open /usr/lib/gcc/x86_64-w64-mingw32/13-win32/libadvapi32.a failed
attempt to open /usr/lib/gcc/x86_64-w64-mingw32/13-win32/../../../../x86_64-w64-mingw32/lib/libadvapi32.dll.a failed
attempt to open /usr/lib/gcc/x86_64-w64-mingw32/13-win32/../../../../x86_64-w64-mingw32/lib/advapi32.dll.a failed
attempt to open /usr/lib/gcc/x86_64-w64-mingw32/13-win32/../../../../x86_64-w64-mingw32/lib/libadvapi32.a succeeded
/usr/lib/gcc/x86_64-w64-mingw32/13-win32/../../../../x86_64-w64-mingw32/lib/libadvapi32.a
attempt to open /workspaces/Engine/Libraries/lib/libshell32.dll.a failed
attempt to open /workspaces/Engine/Libraries/lib/shell32.dll.a failed
attempt to open /workspaces/Engine/Libraries/lib/libshell32.a failed
attempt to open /workspaces/Engine/Libraries/lib/shell32.lib failed
attempt to open /workspaces/Engine/Libraries/lib/libshell32.lib failed
attempt to open /workspaces/Engine/Libraries/lib/libshell32.dll failed
attempt to open /workspaces/Engine/Libraries/lib/shell32.dll failed
attempt to open /workspaces/Engine/Libraries/lib/libshell32.a failed
attempt to open /usr/lib/gcc/x86_64-w64-mingw32/13-win32/libshell32.dll.a failed
attempt to open /usr/lib/gcc/x86_64-w64-mingw32/13-win32/shell32.dll.a failed
attempt to open /usr/lib/gcc/x86_64-w64-mingw32/13-win32/libshell32.a failed
attempt to open /usr/lib/gcc/x86_64-w64-mingw32/13-win32/shell32.lib failed
attempt to open /usr/lib/gcc/x86_64-w64-mingw32/13-win32/libshell32.lib failed
attempt to open /usr/lib/gcc/x86_64-w64-mingw32/13-win32/libshell32.dll failed
attempt to open /usr/lib/gcc/x86_64-w64-mingw32/13-win32/shell32.dll failed
attempt to open /usr/lib/gcc/x86_64-w64-mingw32/13-win32/libshell32.a failed
attempt to open /usr/lib/gcc/x86_64-w64-mingw32/13-win32/../../../../x86_64-w64-mingw32/lib/libshell32.dll.a failed
attempt to open /usr/lib/gcc/x86_64-w64-mingw32/13-win32/../../../../x86_64-w64-mingw32/lib/shell32.dll.a failed
attempt to open /usr/lib/gcc/x86_64-w64-mingw32/13-win32/../../../../x86_64-w64-mingw32/lib/libshell32.a succeeded
/usr/lib/gcc/x86_64-w64-mingw32/13-win32/../../../../x86_64-w64-mingw32/lib/libshell32.a
attempt to open /workspaces/Engine/Libraries/lib/libuser32.dll.a failed
attempt to open /workspaces/Engine/Libraries/lib/user32.dll.a failed
attempt to open /workspaces/Engine/Libraries/lib/libuser32.a failed
attempt to open /workspaces/Engine/Libraries/lib/user32.lib failed
attempt to open /workspaces/Engine/Libraries/lib/libuser32.lib failed
attempt to open /workspaces/Engine/Libraries/lib/libuser32.dll failed
attempt to open /workspaces/Engine/Libraries/lib/user32.dll failed
attempt to open /workspaces/Engine/Libraries/lib/libuser32.a failed
attempt to open /usr/lib/gcc/x86_64-w64-mingw32/13-win32/libuser32.dll.a failed
attempt to open /usr/lib/gcc/x86_64-w64-mingw32/13-win32/user32.dll.a failed
attempt to open /usr/lib/gcc/x86_64-w64-mingw32/13-win32/libuser32.a failed
attempt to open /usr/lib/gcc/x86_64-w64-mingw32/13-win32/user32.lib failed
attempt to open /usr/lib/gcc/x86_64-w64-mingw32/13-win32/libuser32.lib failed
attempt to open /usr/lib/gcc/x86_64-w64-mingw32/13-win32/libuser32.dll failed
attempt to open /usr/lib/gcc/x86_64-w64-mingw32/13-win32/user32.dll failed
attempt to open /usr/lib/gcc/x86_64-w64-mingw32/13-win32/libuser32.a failed
attempt to open /usr/lib/gcc/x86_64-w64-mingw32/13-win32/../../../../x86_64-w64-mingw32/lib/libuser32.dll.a failed
attempt to open /usr/lib/gcc/x86_64-w64-mingw32/13-win32/../../../../x86_64-w64-mingw32/lib/user32.dll.a failed
attempt to open /usr/lib/gcc/x86_64-w64-mingw32/13-win32/../../../../x86_64-w64-mingw32/lib/libuser32.a succeeded
/usr/lib/gcc/x86_64-w64-mingw32/13-win32/../../../../x86_64-w64-mingw32/lib/libuser32.a
attempt to open /workspaces/Engine/Libraries/lib/libkernel32.dll.a failed
attempt to open /workspaces/Engine/Libraries/lib/kernel32.dll.a failed
attempt to open /workspaces/Engine/Libraries/lib/libkernel32.a failed
attempt to open /workspaces/Engine/Libraries/lib/kernel32.lib failed
attempt to open /workspaces/Engine/Libraries/lib/libkernel32.lib failed
attempt to open /workspaces/Engine/Libraries/lib/libkernel32.dll failed
attempt to open /workspaces/Engine/Libraries/lib/kernel32.dll failed
attempt to open /workspaces/Engine/Libraries/lib/libkernel32.a failed
attempt to open /usr/lib/gcc/x86_64-w64-mingw32/13-win32/libkernel32.dll.a failed
attempt to open /usr/lib/gcc/x86_64-w64-mingw32/13-win32/kernel32.dll.a failed
attempt to open /usr/lib/gcc/x86_64-w64-mingw32/13-win32/libkernel32.a failed
attempt to open /usr/lib/gcc/x86_64-w64-mingw32/13-win32/kernel32.lib failed
attempt to open /usr/lib/gcc/x86_64-w64-mingw32/13-win32/libkernel32.lib failed
attempt to open /usr/lib/gcc/x86_64-w64-mingw32/13-win32/libkernel32.dll failed
attempt to open /usr/lib/gcc/x86_64-w64-mingw32/13-win32/kernel32.dll failed
attempt to open /usr/lib/gcc/x86_64-w64-mingw32/13-win32/libkernel32.a failed
attempt to open /usr/lib/gcc/x86_64-w64-mingw32/13-win32/../../../../x86_64-w64-mingw32/lib/libkernel32.dll.a failed
attempt to open /usr/lib/gcc/x86_64-w64-mingw32/13-win32/../../../../x86_64-w64-mingw32/lib/kernel32.dll.a failed
attempt to open /usr/lib/gcc/x86_64-w64-mingw32/13-win32/../../../../x86_64-w64-mingw32/lib/libkernel32.a succeeded
/usr/lib/gcc/x86_64-w64-mingw32/13-win32/../../../../x86_64-w64-mingw32/lib/libkernel32.a
attempt to open /workspaces/Engine/Libraries/lib/libmingw32.dll.a failed
attempt to open /workspaces/Engine/Libraries/lib/mingw32.dll.a failed
attempt to open /workspaces/Engine/Libraries/lib/libmingw32.a failed
attempt to open /workspaces/Engine/Libraries/lib/mingw32.lib failed
attempt to open /workspaces/Engine/Libraries/lib/libmingw32.lib failed
attempt to open /workspaces/Engine/Libraries/lib/libmingw32.dll failed
attempt to open /workspaces/Engine/Libraries/lib/mingw32.dll failed
attempt to open /workspaces/Engine/Libraries/lib/libmingw32.a failed
attempt to open /usr/lib/gcc/x86_64-w64-mingw32/13-win32/libmingw32.dll.a failed
attempt to open /usr/lib/gcc/x86_64-w64-mingw32/13-win32/mingw32.dll.a failed
attempt to open /usr/lib/gcc/x86_64-w64-mingw32/13-win32/libmingw32.a failed
attempt to open /usr/lib/gcc/x86_64-w64-mingw32/13-win32/mingw32.lib failed
attempt to open /usr/lib/gcc/x86_64-w64-mingw32/13-win32/libmingw32.lib failed
attempt to open /usr/lib/gcc/x86_64-w64-mingw32/13-win32/libmingw32.dll failed
attempt to open /usr/lib/gcc/x86_64-w64-mingw32/13-win32/mingw32.dll failed
attempt to open /usr/lib/gcc/x86_64-w64-mingw32/13-win32/libmingw32.a failed
attempt to open /usr/lib/gcc/x86_64-w64-mingw32/13-win32/../../../../x86_64-w64-mingw32/lib/libmingw32.dll.a failed
attempt to open /usr/lib/gcc/x86_64-w64-mingw32/13-win32/../../../../x86_64-w64-mingw32/lib/mingw32.dll.a failed
attempt to open /usr/lib/gcc/x86_64-w64-mingw32/13-win32/../../../../x86_64-w64-mingw32/lib/libmingw32.a succeeded
/usr/lib/gcc/x86_64-w64-mingw32/13-win32/../../../../x86_64-w64-mingw32/lib/libmingw32.a
attempt to open /workspaces/Engine/Libraries/lib/libgcc_s.dll.a failed
attempt to open /workspaces/Engine/Libraries/lib/gcc_s.dll.a failed
attempt to open /workspaces/Engine/Libraries/lib/libgcc_s.a failed
attempt to open /workspaces/Engine/Libraries/lib/gcc_s.lib failed
attempt to open /workspaces/Engine/Libraries/lib/libgcc_s.lib failed
attempt to open /workspaces/Engine/Libraries/lib/libgcc_s.dll failed
attempt to open /workspaces/Engine/Libraries/lib/gcc_s.dll failed
attempt to open /workspaces/Engine/Libraries/lib/libgcc_s.a failed
attempt to open /usr/lib/gcc/x86_64-w64-mingw32/13-win32/libgcc_s.dll.a failed
attempt to open /usr/lib/gcc/x86_64-w64-mingw32/13-win32/gcc_s.dll.a failed
attempt to open /usr/lib/gcc/x86_64-w64-mingw32/13-win32/libgcc_s.a succeeded
/usr/lib/gcc/x86_64-w64-mingw32/13-win32/libgcc_s.a
attempt to open /workspaces/Engine/Libraries/lib/libgcc.dll.a failed
attempt to open /workspaces/Engine/Libraries/lib/gcc.dll.a failed
attempt to open /workspaces/Engine/Libraries/lib/libgcc.a failed
attempt to open /workspaces/Engine/Libraries/lib/gcc.lib failed
attempt to open /workspaces/Engine/Libraries/lib/libgcc.lib failed
attempt to open /workspaces/Engine/Libraries/lib/libgcc.dll failed
attempt to open /workspaces/Engine/Libraries/lib/gcc.dll failed
attempt to open /workspaces/Engine/Libraries/lib/libgcc.a failed
attempt to open /usr/lib/gcc/x86_64-w64-mingw32/13-win32/libgcc.dll.a failed
attempt to open /usr/lib/gcc/x86_64-w64-mingw32/13-win32/gcc.dll.a failed
attempt to open /usr/lib/gcc/x86_64-w64-mingw32/13-win32/libgcc.a succeeded
/usr/lib/gcc/x86_64-w64-mingw32/13-win32/libgcc.a
attempt to open /workspaces/Engine/Libraries/lib/libmoldname.dll.a failed
attempt to open /workspaces/Engine/Libraries/lib/moldname.dll.a failed
attempt to open /workspaces/Engine/Libraries/lib/libmoldname.a failed
attempt to open /workspaces/Engine/Libraries/lib/moldname.lib failed
attempt to open /workspaces/Engine/Libraries/lib/libmoldname.lib failed
attempt to open /workspaces/Engine/Libraries/lib/libmoldname.dll failed
attempt to open /workspaces/Engine/Libraries/lib/moldname.dll failed
attempt to open /workspaces/Engine/Libraries/lib/libmoldname.a failed
attempt to open /usr/lib/gcc/x86_64-w64-mingw32/13-win32/libmoldname.dll.a failed
attempt to open /usr/lib/gcc/x86_64-w64-mingw32/13-win32/moldname.dll.a failed
attempt to open /usr/lib/gcc/x86_64-w64-mingw32/13-win32/libmoldname.a failed
attempt to open /usr/lib/gcc/x86_64-w64-mingw32/13-win32/moldname.lib failed
attempt to open /usr/lib/gcc/x86_64-w64-mingw32/13-win32/libmoldname.lib failed
attempt to open /usr/lib/gcc/x86_64-w64-mingw32/13-win32/libmoldname.dll failed
attempt to open /usr/lib/gcc/x86_64-w64-mingw32/13-win32/moldname.dll failed
attempt to open /usr/lib/gcc/x86_64-w64-mingw32/13-win32/libmoldname.a failed
attempt to open /usr/lib/gcc/x86_64-w64-mingw32/13-win32/../../../../x86_64-w64-mingw32/lib/libmoldname.dll.a failed
attempt to open /usr/lib/gcc/x86_64-w64-mingw32/13-win32/../../../../x86_64-w64-mingw32/lib/moldname.dll.a failed
attempt to open /usr/lib/gcc/x86_64-w64-mingw32/13-win32/../../../../x86_64-w64-mingw32/lib/libmoldname.a succeeded
/usr/lib/gcc/x86_64-w64-mingw32/13-win32/../../../../x86_64-w64-mingw32/lib/libmoldname.a
attempt to open /workspaces/Engine/Libraries/lib/libmingwex.dll.a failed
attempt to open /workspaces/Engine/Libraries/lib/mingwex.dll.a failed
attempt to open /workspaces/Engine/Libraries/lib/libmingwex.a failed
attempt to open /workspaces/Engine/Libraries/lib/mingwex.lib failed
attempt to open /workspaces/Engine/Libraries/lib/libmingwex.lib failed
attempt to open /workspaces/Engine/Libraries/lib/libmingwex.dll failed
attempt to open /workspaces/Engine/Libraries/lib/mingwex.dll failed
attempt to open /workspaces/Engine/Libraries/lib/libmingwex.a failed
attempt to open /usr/lib/gcc/x86_64-w64-mingw32/13-win32/libmingwex.dll.a failed
attempt to open /usr/lib/gcc/x86_64-w64-mingw32/13-win32/mingwex.dll.a failed
attempt to open /usr/lib/gcc/x86_64-w64-mingw32/13-win32/libmingwex.a failed
attempt to open /usr/lib/gcc/x86_64-w64-mingw32/13-win32/mingwex.lib failed
attempt to open /usr/lib/gcc/x86_64-w64-mingw32/13-win32/libmingwex.lib failed
attempt to open /usr/lib/gcc/x86_64-w64-mingw32/13-win32/libmingwex.dll failed
attempt to open /usr/lib/gcc/x86_64-w64-mingw32/13-win32/mingwex.dll failed
attempt to open /usr/lib/gcc/x86_64-w64-mingw32/13-win32/libmingwex.a failed
attempt to open /usr/lib/gcc/x86_64-w64-mingw32/13-win32/../../../../x86_64-w64-mingw32/lib/libmingwex.dll.a failed
attempt to open /usr/lib/gcc/x86_64-w64-mingw32/13-win32/../../../../x86_64-w64-mingw32/lib/mingwex.dll.a failed
attempt to open /usr/lib/gcc/x86_64-w64-mingw32/13-win32/../../../../x86_64-w64-mingw32/lib/libmingwex.a succeeded
/usr/lib/gcc/x86_64-w64-mingw32/13-win32/../../../../x86_64-w64-mingw32/lib/libmingwex.a
attempt to open /workspaces/Engine/Libraries/lib/libmsvcrt.dll.a failed
attempt to open /workspaces/Engine/Libraries/lib/msvcrt.dll.a failed
attempt to open /workspaces/Engine/Libraries/lib/libmsvcrt.a failed
attempt to open /workspaces/Engine/Libraries/lib/msvcrt.lib failed
attempt to open /workspaces/Engine/Libraries/lib/libmsvcrt.lib failed
attempt to open /workspaces/Engine/Libraries/lib/libmsvcrt.dll failed
attempt to open /workspaces/Engine/Libraries/lib/msvcrt.dll failed
attempt to open /workspaces/Engine/Libraries/lib/libmsvcrt.a failed
attempt to open /usr/lib/gcc/x86_64-w64-mingw32/13-win32/libmsvcrt.dll.a failed
attempt to open /usr/lib/gcc/x86_64-w64-mingw32/13-win32/msvcrt.dll.a failed
attempt to open /usr/lib/gcc/x86_64-w64-mingw32/13-win32/libmsvcrt.a failed
attempt to open /usr/lib/gcc/x86_64-w64-mingw32/13-win32/msvcrt.lib failed
attempt to open /usr/lib/gcc/x86_64-w64-mingw32/13-win32/libmsvcrt.lib failed
attempt to open /usr/lib/gcc/x86_64-w64-mingw32/13-win32/libmsvcrt.dll failed
attempt to open /usr/lib/gcc/x86_64-w64-mingw32/13-win32/msvcrt.dll failed
attempt to open /usr/lib/gcc/x86_64-w64-mingw32/13-win32/libmsvcrt.a failed
attempt to open /usr/lib/gcc/x86_64-w64-mingw32/13-win32/../../../../x86_64-w64-mingw32/lib/libmsvcrt.dll.a failed
attempt to open /usr/lib/gcc/x86_64-w64-mingw32/13-win32/../../../../x86_64-w64-mingw32/lib/msvcrt.dll.a failed
attempt to open /usr/lib/gcc/x86_64-w64-mingw32/13-win32/../../../../x86_64-w64-mingw32/lib/libmsvcrt.a succeeded
/usr/lib/gcc/x86_64-w64-mingw32/13-win32/../../../../x86_64-w64-mingw32/lib/libmsvcrt.a
attempt to open /workspaces/Engine/Libraries/lib/libkernel32.dll.a failed
attempt to open /workspaces/Engine/Libraries/lib/kernel32.dll.a failed
attempt to open /workspaces/Engine/Libraries/lib/libkernel32.a failed
attempt to open /workspaces/Engine/Libraries/lib/kernel32.lib failed
attempt to open /workspaces/Engine/Libraries/lib/libkernel32.lib failed
attempt to open /workspaces/Engine/Libraries/lib/libkernel32.dll failed
attempt to open /workspaces/Engine/Libraries/lib/kernel32.dll failed
attempt to open /workspaces/Engine/Libraries/lib/libkernel32.a failed
attempt to open /usr/lib/gcc/x86_64-w64-mingw32/13-win32/libkernel32.dll.a failed
attempt to open /usr/lib/gcc/x86_64-w64-mingw32/13-win32/kernel32.dll.a failed
attempt to open /usr/lib/gcc/x86_64-w64-mingw32/13-win32/libkernel32.a failed
attempt to open /usr/lib/gcc/x86_64-w64-mingw32/13-win32/kernel32.lib failed
attempt to open /usr/lib/gcc/x86_64-w64-mingw32/13-win32/libkernel32.lib failed
attempt to open /usr/lib/gcc/x86_64-w64-mingw32/13-win32/libkernel32.dll failed
attempt to open /usr/lib/gcc/x86_64-w64-mingw32/13-win32/kernel32.dll failed
attempt to open /usr/lib/gcc/x86_64-w64-mingw32/13-win32/libkernel32.a failed
attempt to open /usr/lib/gcc/x86_64-w64-mingw32/13-win32/../../../../x86_64-w64-mingw32/lib/libkernel32.dll.a failed
attempt to open /usr/lib/gcc/x86_64-w64-mingw32/13-win32/../../../../x86_64-w64-mingw32/lib/kernel32.dll.a failed
attempt to open /usr/lib/gcc/x86_64-w64-mingw32/13-win32/../../../../x86_64-w64-mingw32/lib/libkernel32.a succeeded
/usr/lib/gcc/x86_64-w64-mingw32/13-win32/../../../../x86_64-w64-mingw32/lib/libkernel32.a
attempt to open /usr/lib/gcc/x86_64-w64-mingw32/13-win32/crtend.o succeeded
/usr/lib/gcc/x86_64-w64-mingw32/13-win32/crtend.o
/usr/bin/x86_64-w64-mingw32-ld: /usr/lib/gcc/x86_64-w64-mingw32/13-win32/../../../../x86_64-w64-mingw32/lib/libmingw32.a(lib64_libmingw32_a-crtexewin.o): in function `main':
/usr/src/mingw-w64-11.0.1-3build1/mingw-w64-crt/crt/crtexewin.c:70:(.text.startup+0xc3): undefined reference to `WinMain'
/usr/bin/x86_64-w64-mingw32-ld: link errors found, deleting executable `/workspaces/Engine/Build/engine.exe'
collect2: error: ld returned 1 exit status
FAILED: Failed to link object files. GCC Exit Code: 1
Linking failed. See previous errors.
