Checking for GCC availability...
GCC found: gcc
Setting up Build directory: C:\Users\olusa\OneDrive\Documents\GitHub\Engine\Build
Clearing existing Build directory contents...
Searching for .c files in './engine'...
Compiling C:\Users\olusa\OneDrive\Documents\GitHub\Engine\engine\Functions.c to C:\Users\olusa\OneDrive\Documents\GitHub\Engine\Build\Functions.o...
WARNING: Include path not found or is not a directory: './Libraries/include'. Skipping.
Command: gcc -c C:\Users\olusa\OneDrive\Documents\GitHub\Engine\engine\Functions.c -o C:\Users\olusa\OneDrive\Documents\GitHub\Engine\Build\Functions.o
FAILED: Failed to compile C:\Users\olusa\OneDrive\Documents\GitHub\Engine\engine\Functions.c. GCC Exit Code: 1
Compiling C:\Users\olusa\OneDrive\Documents\GitHub\Engine\engine\glad.c to C:\Users\olusa\OneDrive\Documents\GitHub\Engine\Build\glad.o...
WARNING: Include path not found or is not a directory: './Libraries/include'. Skipping.
Command: gcc -c C:\Users\olusa\OneDrive\Documents\GitHub\Engine\engine\glad.c -o C:\Users\olusa\OneDrive\Documents\GitHub\Engine\Build\glad.o
FAILED: Failed to compile C:\Users\olusa\OneDrive\Documents\GitHub\Engine\engine\glad.c. GCC Exit Code: 1
Compiling C:\Users\olusa\OneDrive\Documents\GitHub\Engine\engine\main.c to C:\Users\olusa\OneDrive\Documents\GitHub\Engine\Build\main.o...
WARNING: Include path not found or is not a directory: './Libraries/include'. Skipping.
Command: gcc -c C:\Users\olusa\OneDrive\Documents\GitHub\Engine\engine\main.c -o C:\Users\olusa\OneDrive\Documents\GitHub\Engine\Build\main.o
FAILED: Failed to compile C:\Users\olusa\OneDrive\Documents\GitHub\Engine\engine\main.c. GCC Exit Code: 1
Compiling C:\Users\olusa\OneDrive\Documents\GitHub\Engine\engine\graphics\drawingprotocol.c to C:\Users\olusa\OneDrive\Documents\GitHub\Engine\Build\drawingprotocol.o...
WARNING: Include path not found or is not a directory: './Libraries/include'. Skipping.
Command: gcc -c C:\Users\olusa\OneDrive\Documents\GitHub\Engine\engine\graphics\drawingprotocol.c -o C:\Users\olusa\OneDrive\Documents\GitHub\Engine\Build\drawingprotocol.o
FAILED: Failed to compile C:\Users\olusa\OneDrive\Documents\GitHub\Engine\engine\graphics\drawingprotocol.c. GCC Exit Code: 1
Compiling C:\Users\olusa\OneDrive\Documents\GitHub\Engine\engine\graphics\Window.c to C:\Users\olusa\OneDrive\Documents\GitHub\Engine\Build\Window.o...
WARNING: Include path not found or is not a directory: './Libraries/include'. Skipping.
Command: gcc -c C:\Users\olusa\OneDrive\Documents\GitHub\Engine\engine\graphics\Window.c -o C:\Users\olusa\OneDrive\Documents\GitHub\Engine\Build\Window.o
FAILED: Failed to compile C:\Users\olusa\OneDrive\Documents\GitHub\Engine\engine\graphics\Window.c. GCC Exit Code: 1
Compiling C:\Users\olusa\OneDrive\Documents\GitHub\Engine\engine\Libraries\include\stb\stb.c to C:\Users\olusa\OneDrive\Documents\GitHub\Engine\Build\stb.o...
WARNING: Include path not found or is not a directory: './Libraries/include'. Skipping.
Command: gcc -c C:\Users\olusa\OneDrive\Documents\GitHub\Engine\engine\Libraries\include\stb\stb.c -o C:\Users\olusa\OneDrive\Documents\GitHub\Engine\Build\stb.o
FAILED: Failed to compile C:\Users\olusa\OneDrive\Documents\GitHub\Engine\engine\Libraries\include\stb\stb.c. GCC Exit Code: 1
Compiling C:\Users\olusa\OneDrive\Documents\GitHub\Engine\engine\Libraries\include\stb\stb_vorbis.c to C:\Users\olusa\OneDrive\Documents\GitHub\Engine\Build\stb_vorbis.o...
WARNING: Include path not found or is not a directory: './Libraries/include'. Skipping.
Command: gcc -c C:\Users\olusa\OneDrive\Documents\GitHub\Engine\engine\Libraries\include\stb\stb_vorbis.c -o C:\Users\olusa\OneDrive\Documents\GitHub\Engine\Build\stb_vorbis.o
FAILED: Failed to compile C:\Users\olusa\OneDrive\Documents\GitHub\Engine\engine\Libraries\include\stb\stb_vorbis.c. GCC Exit Code: 1
Starting linking phase...
WARNING: Library path not found or is not a directory: './Libraries/lib'. Skipping.
Linking object files into C:\Users\olusa\OneDrive\Documents\GitHub\Engine\Build\app.exe...
Command: gcc C:\Users\olusa\OneDrive\Documents\GitHub\Engine\Build\drawingprotocol.o C:\Users\olusa\OneDrive\Documents\GitHub\Engine\Build\Functions.o C:\Users\olusa\OneDrive\Documents\GitHub\Engine\Build\glad.o C:\Users\olusa\OneDrive\Documents\GitHub\Engine\Build\main.o C:\Users\olusa\OneDrive\Documents\GitHub\Engine\Build\stb.o C:\Users\olusa\OneDrive\Documents\GitHub\Engine\Build\stb_vorbis.o C:\Users\olusa\OneDrive\Documents\GitHub\Engine\Build\Window.o -l glfw3 -l glfw3dll -o C:\Users\olusa\OneDrive\Documents\GitHub\Engine\Build\app.exe
FAILED: Failed to link object files. GCC Exit Code: 1
ERROR: C:/msys64/mingw64/bin/ld.exe: cannot find -lglfw3: No such file or directory
ERROR: C:/msys64/mingw64/bin/ld.exe: cannot find -lglfw3dll: No such file or directory
ERROR: collect2.exe: error: ld returned 1 exit status

Compilation and Linking process completed successfully!
