Checking for GCC availability...
GCC found: gcc
Setting up Build directory: C:\Users\olusa\OneDrive\Documents\GitHub\Engine\Build
Clearing existing Build directory contents...
Searching for .c files in './engine'...
Compiling C:\Users\olusa\OneDrive\Documents\GitHub\Engine\engine\Functions.c to C:\Users\olusa\OneDrive\Documents\GitHub\Engine\Build\Functions.o...
Command: gcc -c C:\Users\olusa\OneDrive\Documents\GitHub\Engine\engine\Functions.c -I C:\Users\olusa\OneDrive\Documents\GitHub\Engine\engine\Libraries\include -I C:\Users\olusa\OneDrive\Documents\GitHub\Engine\engine -I C:\Users\olusa\OneDrive\Documents\GitHub\Engine\engine\graphics -o C:\Users\olusa\OneDrive\Documents\GitHub\Engine\Build\Functions.o
FAILED: Failed to compile C:\Users\olusa\OneDrive\Documents\GitHub\Engine\engine\Functions.c. GCC Exit Code: 1
#!: C:\Users\olusa\OneDrive\Documents\GitHub\Engine\engine\Functions.c:37:9: error: conflicting types for 'str_hash'; have 'size_t *(const char *)' {aka 'long long unsigned int *(const char *)'}
#!:    37 | size_t *str_hash(const char *str){
#!:       |         ^~~~~~~~
#!: In file included from C:\Users\olusa\OneDrive\Documents\GitHub\Engine\engine\Functions.c:1:
#!: C:/Users/olusa/OneDrive/Documents/GitHub/Engine/engine/Public.h:47:12: note: previous declaration of 'str_hash' with type 'size_t (*(const char *))[2]' {aka 'long long unsigned int (*(const char *))[2]'}
#!:    47 | uint128_t *str_hash(const char *str);
#!:       |            ^~~~~~~~
Compiling C:\Users\olusa\OneDrive\Documents\GitHub\Engine\engine\glad.c to C:\Users\olusa\OneDrive\Documents\GitHub\Engine\Build\glad.o...
Command: gcc -c C:\Users\olusa\OneDrive\Documents\GitHub\Engine\engine\glad.c -I C:\Users\olusa\OneDrive\Documents\GitHub\Engine\engine\Libraries\include -I C:\Users\olusa\OneDrive\Documents\GitHub\Engine\engine -I C:\Users\olusa\OneDrive\Documents\GitHub\Engine\engine\graphics -o C:\Users\olusa\OneDrive\Documents\GitHub\Engine\Build\glad.o
Successfully compiled C:\Users\olusa\OneDrive\Documents\GitHub\Engine\engine\glad.c
Compiling C:\Users\olusa\OneDrive\Documents\GitHub\Engine\engine\main.c to C:\Users\olusa\OneDrive\Documents\GitHub\Engine\Build\main.o...
Command: gcc -c C:\Users\olusa\OneDrive\Documents\GitHub\Engine\engine\main.c -I C:\Users\olusa\OneDrive\Documents\GitHub\Engine\engine\Libraries\include -I C:\Users\olusa\OneDrive\Documents\GitHub\Engine\engine -I C:\Users\olusa\OneDrive\Documents\GitHub\Engine\engine\graphics -o C:\Users\olusa\OneDrive\Documents\GitHub\Engine\Build\main.o
Successfully compiled C:\Users\olusa\OneDrive\Documents\GitHub\Engine\engine\main.c
Compiling C:\Users\olusa\OneDrive\Documents\GitHub\Engine\engine\graphics\drawingprotocol.c to C:\Users\olusa\OneDrive\Documents\GitHub\Engine\Build\drawingprotocol.o...
Command: gcc -c C:\Users\olusa\OneDrive\Documents\GitHub\Engine\engine\graphics\drawingprotocol.c -I C:\Users\olusa\OneDrive\Documents\GitHub\Engine\engine\Libraries\include -I C:\Users\olusa\OneDrive\Documents\GitHub\Engine\engine -I C:\Users\olusa\OneDrive\Documents\GitHub\Engine\engine\graphics -o C:\Users\olusa\OneDrive\Documents\GitHub\Engine\Build\drawingprotocol.o
FAILED: Failed to compile C:\Users\olusa\OneDrive\Documents\GitHub\Engine\engine\graphics\drawingprotocol.c. GCC Exit Code: 1
#!: C:\Users\olusa\OneDrive\Documents\GitHub\Engine\engine\graphics\drawingprotocol.c: In function 'uniform_write':
#!: C:\Users\olusa\OneDrive\Documents\GitHub\Engine\engine\graphics\drawingprotocol.c:395:29: error: initialization of 'size_t *' {aka 'long long unsigned int *'} from incompatible pointer type 'size_t (*)[2]' {aka 'long long unsigned int (*)[2]'} [-Wincompatible-pointer-types]
#!:   395 |         size_t *typehash_ = str_hash(str_normalise(type, true, true));
#!:       |                             ^~~~~~~~
#!: C:\Users\olusa\OneDrive\Documents\GitHub\Engine\engine\graphics\drawingprotocol.c:486:41: warning: 'strncat' specified bound 2 equals source length [-Wstringop-overflow=]
#!:   486 |                                         strncat(full_access+name_len, "->\0", 2);
#!:       |                                         ^~~~~~~~~~~~~~~~~~~~~~~~~~~~~~~~~~~~~~~~
#!: C:\Users\olusa\OneDrive\Documents\GitHub\Engine\engine\graphics\drawingprotocol.c:495:49: warning: 'strncat' specified bound 1 equals source length [-Wstringop-overflow=]
#!:   495 |                                                 strncat(full_access+name_len, ".\0", 1);
#!:       |                                                 ^~~~~~~~~~~~~~~~~~~~~~~~~~~~~~~~~~~~~~~
Compiling C:\Users\olusa\OneDrive\Documents\GitHub\Engine\engine\graphics\window.c to C:\Users\olusa\OneDrive\Documents\GitHub\Engine\Build\window.o...
Command: gcc -c C:\Users\olusa\OneDrive\Documents\GitHub\Engine\engine\graphics\window.c -I C:\Users\olusa\OneDrive\Documents\GitHub\Engine\engine\Libraries\include -I C:\Users\olusa\OneDrive\Documents\GitHub\Engine\engine -I C:\Users\olusa\OneDrive\Documents\GitHub\Engine\engine\graphics -o C:\Users\olusa\OneDrive\Documents\GitHub\Engine\Build\window.o
Successfully compiled C:\Users\olusa\OneDrive\Documents\GitHub\Engine\engine\graphics\window.c
Compiling C:\Users\olusa\OneDrive\Documents\GitHub\Engine\engine\Libraries\include\stb\stb_vorbis.c to C:\Users\olusa\OneDrive\Documents\GitHub\Engine\Build\stb_vorbis.o...
Command: gcc -c C:\Users\olusa\OneDrive\Documents\GitHub\Engine\engine\Libraries\include\stb\stb_vorbis.c -I C:\Users\olusa\OneDrive\Documents\GitHub\Engine\engine\Libraries\include -I C:\Users\olusa\OneDrive\Documents\GitHub\Engine\engine -I C:\Users\olusa\OneDrive\Documents\GitHub\Engine\engine\graphics -o C:\Users\olusa\OneDrive\Documents\GitHub\Engine\Build\stb_vorbis.o
Successfully compiled C:\Users\olusa\OneDrive\Documents\GitHub\Engine\engine\Libraries\include\stb\stb_vorbis.c
Starting linking phase...
Linking object files into C:\Users\olusa\OneDrive\Documents\GitHub\Engine\Build\engine.exe...
Command: gcc C:\Users\olusa\OneDrive\Documents\GitHub\Engine\Build\drawingprotocol.o C:\Users\olusa\OneDrive\Documents\GitHub\Engine\Build\Functions.o C:\Users\olusa\OneDrive\Documents\GitHub\Engine\Build\glad.o C:\Users\olusa\OneDrive\Documents\GitHub\Engine\Build\main.o C:\Users\olusa\OneDrive\Documents\GitHub\Engine\Build\stb_vorbis.o C:\Users\olusa\OneDrive\Documents\GitHub\Engine\Build\window.o -L C:\Users\olusa\OneDrive\Documents\GitHub\Engine\engine\Libraries\lib -l glfw3 -o C:\Users\olusa\OneDrive\Documents\GitHub\Engine\Build\engine.exe
FAILED: Failed to link object files. GCC Exit Code: 1
ERROR: C:/msys64/ucrt64/bin/ld.exe: C:\Users\olusa\OneDrive\Documents\GitHub\Engine\Build\window.o:window.c:(.bss+0x0): multiple definition of `cwd'; C:\Users\olusa\OneDrive\Documents\GitHub\Engine\Build\main.o:main.c:(.bss+0x0): first defined here
ERROR: C:/msys64/ucrt64/bin/ld.exe: C:\Users\olusa\OneDrive\Documents\GitHub\Engine\Build\window.o:window.c:(.data+0x0): multiple definition of `vertexshader_default'; C:\Users\olusa\OneDrive\Documents\GitHub\Engine\Build\main.o:main.c:(.data+0x0): first defined here
ERROR: C:/msys64/ucrt64/bin/ld.exe: C:\Users\olusa\OneDrive\Documents\GitHub\Engine\Build\window.o:window.c:(.data+0x8): multiple definition of `fragmentshader_default'; C:\Users\olusa\OneDrive\Documents\GitHub\Engine\Build\main.o:main.c:(.data+0x8): first defined here
ERROR: C:/msys64/ucrt64/bin/ld.exe: C:\Users\olusa\OneDrive\Documents\GitHub\Engine\Build\window.o:window.c:(.rdata+0xf8): multiple definition of `vs_start'; C:\Users\olusa\OneDrive\Documents\GitHub\Engine\Build\main.o:main.c:(.rdata+0xf8): first defined here
ERROR: C:/msys64/ucrt64/bin/ld.exe: C:\Users\olusa\OneDrive\Documents\GitHub\Engine\Build\window.o:window.c:(.rdata+0x108): multiple definition of `fs_start'; C:\Users\olusa\OneDrive\Documents\GitHub\Engine\Build\main.o:main.c:(.rdata+0x108): first defined here
ERROR: C:/msys64/ucrt64/bin/ld.exe: C:\Users\olusa\OneDrive\Documents\GitHub\Engine\Build\window.o:window.c:(.rdata+0x118): multiple definition of `gs_start'; C:\Users\olusa\OneDrive\Documents\GitHub\Engine\Build\main.o:main.c:(.rdata+0x118): first defined here
ERROR: C:/msys64/ucrt64/bin/ld.exe: C:\Users\olusa\OneDrive\Documents\GitHub\Engine\Build\window.o:window.c:(.rdata+0x128): multiple definition of `shader_end'; C:\Users\olusa\OneDrive\Documents\GitHub\Engine\Build\main.o:main.c:(.rdata+0x128): first defined here
ERROR: C:/msys64/ucrt64/bin/ld.exe: C:\Users\olusa\OneDrive\Documents\GitHub\Engine\Build\window.o:window.c:(.data+0x10): multiple definition of `len_typenames'; C:\Users\olusa\OneDrive\Documents\GitHub\Engine\Build\main.o:main.c:(.data+0x10): first defined here
ERROR: C:/msys64/ucrt64/bin/ld.exe: C:\Users\olusa\OneDrive\Documents\GitHub\Engine\Build\window.o:window.c:(.bss+0x8): multiple definition of `vertexshader'; C:\Users\olusa\OneDrive\Documents\GitHub\Engine\Build\main.o:main.c:(.bss+0x8): first defined here
ERROR: C:/msys64/ucrt64/bin/ld.exe: C:\Users\olusa\OneDrive\Documents\GitHub\Engine\Build\window.o:window.c:(.bss+0x10): multiple definition of `fragmentshader'; C:\Users\olusa\OneDrive\Documents\GitHub\Engine\Build\main.o:main.c:(.bss+0x10): first defined here
ERROR: C:/msys64/ucrt64/bin/ld.exe: C:\Users\olusa\OneDrive\Documents\GitHub\Engine\Build\window.o:window.c:(.bss+0x18): multiple definition of `geometryshader'; C:\Users\olusa\OneDrive\Documents\GitHub\Engine\Build\main.o:main.c:(.bss+0x18): first defined here
ERROR: C:/msys64/ucrt64/bin/ld.exe: C:\Users\olusa\OneDrive\Documents\GitHub\Engine\Build\window.o:window.c:(.bss+0x20): multiple definition of `shader_typenames'; C:\Users\olusa\OneDrive\Documents\GitHub\Engine\Build\main.o:main.c:(.bss+0x20): first defined here
ERROR: C:/msys64/ucrt64/bin/ld.exe: C:\Users\olusa\OneDrive\Documents\GitHub\Engine\Build\window.o:window.c:(.rdata+0x4d0): multiple definition of `NUM_BUILTIN_TYPES'; C:\Users\olusa\OneDrive\Documents\GitHub\Engine\Build\main.o:main.c:(.rdata+0x4d0): first defined here
ERROR: C:/msys64/ucrt64/bin/ld.exe: C:\Users\olusa\OneDrive\Documents\GitHub\Engine\Build\main.o:main.c:(.text+0x2031): undefined reference to `uniform_write'
ERROR: C:/msys64/ucrt64/bin/ld.exe: C:\Users\olusa\OneDrive\Documents\GitHub\Engine\Build\main.o:main.c:(.text+0x2079): undefined reference to `uniform_write'
ERROR: C:/msys64/ucrt64/bin/ld.exe: C:\Users\olusa\OneDrive\Documents\GitHub\Engine\Build\main.o:main.c:(.text+0x20c2): undefined reference to `uniform_write'
ERROR: C:/msys64/ucrt64/bin/ld.exe: C:\Users\olusa\OneDrive\Documents\GitHub\Engine\Build\main.o:main.c:(.text+0x2196): undefined reference to `cwd_init'
ERROR: C:/msys64/ucrt64/bin/ld.exe: C:\Users\olusa\OneDrive\Documents\GitHub\Engine\Build\main.o:main.c:(.text+0x2288): undefined reference to `shaders_pull'
ERROR: C:/msys64/ucrt64/bin/ld.exe: C:\Users\olusa\OneDrive\Documents\GitHub\Engine\Build\main.o:main.c:(.text+0x22a8): undefined reference to `shader_compile'
ERROR: C:/msys64/ucrt64/bin/ld.exe: C:\Users\olusa\OneDrive\Documents\GitHub\Engine\Build\main.o:main.c:(.text+0x22c6): undefined reference to `uniform_init'
ERROR: C:/msys64/ucrt64/bin/ld.exe: C:\Users\olusa\OneDrive\Documents\GitHub\Engine\Build\main.o:main.c:(.text+0x2347): undefined reference to `win_flood'
ERROR: C:/msys64/ucrt64/bin/ld.exe: C:\Users\olusa\OneDrive\Documents\GitHub\Engine\Build\main.o:main.c:(.text+0x2390): undefined reference to `shaders_pull'
ERROR: C:/msys64/ucrt64/bin/ld.exe: C:\Users\olusa\OneDrive\Documents\GitHub\Engine\Build\main.o:main.c:(.text+0x241e): undefined reference to `winimage_append'
ERROR: C:/msys64/ucrt64/bin/ld.exe: C:\Users\olusa\OneDrive\Documents\GitHub\Engine\Build\main.o:main.c:(.text+0x27d9): undefined reference to `win_draw'
ERROR: C:/msys64/ucrt64/bin/ld.exe: C:\Users\olusa\OneDrive\Documents\GitHub\Engine\Build\window.o:window.c:(.text+0x203): undefined reference to `win_flood'
ERROR: C:/msys64/ucrt64/bin/ld.exe: C:\Users\olusa\OneDrive\Documents\GitHub\Engine\Build\window.o:window.c:(.text+0x2a5): undefined reference to `shaders_pull'
ERROR: C:/msys64/ucrt64/bin/ld.exe: C:\Users\olusa\OneDrive\Documents\GitHub\Engine\Build\window.o:window.c:(.text+0x2c2): undefined reference to `shader_compile'
ERROR: C:/msys64/ucrt64/bin/ld.exe: C:\Users\olusa\OneDrive\Documents\GitHub\Engine\Build\window.o:window.c:(.text+0x2da): undefined reference to `uniform_init'
ERROR: C:/msys64/ucrt64/bin/ld.exe: C:\Users\olusa\OneDrive\Documents\GitHub\Engine\Build\window.o:window.c:(.text+0x3f1): undefined reference to `buffer_bufferdo'
ERROR: collect2.exe: error: ld returned 1 exit status

Compilation and Linking process completed successfully!
